       latitude  longitude  fire_index  activated
0     36.640246 -88.308818          70          0
1     35.712138 -82.562168           0          0
2     36.237918 -90.055133          50          0
3     36.572973 -87.292362          83          0
4     36.031455 -89.387817          11          0
...         ...        ...         ...        ...
1855  36.045872 -84.343028          51          0
1856  35.759518 -84.133100          89          0
1857  36.040173 -86.740303          29          0
1858  36.025657 -84.477890          13          0
1859  36.067391 -86.630636          66          0

[1860 rows x 4 columns]
    intensity   latitude  longitude  fire_index  activated
0           3  34.135538 -89.951394         350          1
1           3  34.135616 -89.951863         391          1
2           0  34.135229 -89.951804         393          1
3           0  34.135106 -89.951405         411          1
4           1  34.135024 -89.952022         238          1
..        ...        ...        ...         ...        ...
87          3  34.135656 -89.951227          44          1
88          1  34.135522 -89.951209         199          1
89          1  34.134997 -89.951501         184          1
90          0  34.135051 -89.951309          73          1
91          2  34.134940 -89.951632         421          1

[92 rows x 5 columns]
