/*C2*/SET SCHEMA PUBLIC
CREATE TABLE IF NOT EXISTS AL_CONFIGURATION ( PROPERTY_NAME VARCHAR(255) NOT NULL UNIQUE , PROPERTY_VALUE LONGVARCHAR ) 
CREATE TABLE IF NOT EXISTS AL_GROUPS ( GROUP_NAME VARCHAR(255) NOT NULL PRIMARY KEY , DESCRIPTION LONGVARCHAR ) 
CREATE TABLE IF NOT EXISTS AL_TABLES ( TABLE_NAME VARCHAR(255) NOT NULL PRIMARY KEY , GROUP_NAME VARCHAR(255) , DESCRIPTION LONGVARCHAR ) 
CREATE TABLE IF NOT EXISTS AL_CUSTOM_TYPE ( TABLE_NAME VARCHAR(255) , COLUMN_NAME VARCHAR(255) , TYPE VARCHAR(255) , NAME VARCHAR(255) ) 
CREATE TABLE IF NOT EXISTS AL_VIEWS ( VIEW_NAME VARCHAR(255) NOT NULL UNIQUE , VIEW_DEFINITION LONGVARCHAR , IS_VALID BOOLEAN ) 
CREATE TABLE IF NOT EXISTS AL_SELECTED_LOG_OBJECTS ( NAME VARCHAR(255) NOT NULL UNIQUE , TYPE VARCHAR(255) ) 
CREATE TABLE IF NOT EXISTS AL_DB_OBJECTS ( NAME VARCHAR(255) NOT NULL UNIQUE , TYPE VARCHAR(255) , USAGE VARCHAR(255) ) 
/*C3*/SET SCHEMA PUBLIC
DELETE FROM WAREHOUSE WHERE AL_ID=193
INSERT INTO WAREHOUSE VALUES(194,'UT Warehouse',35.946217E0,-83.930501E0,0)
COMMIT
DELETE FROM CUSTOMER WHERE AL_ID=2895
DELETE FROM CUSTOMER WHERE AL_ID=2896
DELETE FROM CUSTOMER WHERE AL_ID=2897
DELETE FROM CUSTOMER WHERE AL_ID=2898
DELETE FROM CUSTOMER WHERE AL_ID=2899
DELETE FROM CUSTOMER WHERE AL_ID=2900
DELETE FROM CUSTOMER WHERE AL_ID=2901
DELETE FROM CUSTOMER WHERE AL_ID=2902
DELETE FROM CUSTOMER WHERE AL_ID=2903
DELETE FROM CUSTOMER WHERE AL_ID=2904
DELETE FROM CUSTOMER WHERE AL_ID=2905
DELETE FROM CUSTOMER WHERE AL_ID=2906
DELETE FROM CUSTOMER WHERE AL_ID=2907
DELETE FROM CUSTOMER WHERE AL_ID=2908
DELETE FROM CUSTOMER WHERE AL_ID=2909
INSERT INTO CUSTOMER VALUES(2910,'John Tickle Enginnering',35.9557686461791E0,-83.9226661860263E0,1)
INSERT INTO CUSTOMER VALUES(2911,'MinKao Building',35.9587257465776E0,-83.9246245540052E0,2)
INSERT INTO CUSTOMER VALUES(2912,'Neyland Stadium',35.9550201931543E0,-83.9250760157039E0,3)
INSERT INTO CUSTOMER VALUES(2913,'Thompson-Boling Arena',35.9511620283886E0,-83.9251083198282E0,4)
INSERT INTO CUSTOMER VALUES(2914,'TRECS',35.9489376638844E0,-83.9342591983735E0,5)
INSERT INTO CUSTOMER VALUES(2915,'Hodges Library',35.954938682045E0,-83.9297978272112E0,6)
INSERT INTO CUSTOMER VALUES(2916,'Mossman Building',35.9590660269475E0,-83.9270076514665E0,7)
INSERT INTO CUSTOMER VALUES(2917,'UT Veterinary Medical Center',35.9454565977154E0,-83.939735903059E0,8)
INSERT INTO CUSTOMER VALUES(2918,'Student Union',35.956923777836E0,-83.9290327927134E0,9)
INSERT INTO CUSTOMER VALUES(2919,'Medical Center',35.957420886283E0,-83.9369852018534E0,10)
INSERT INTO CUSTOMER VALUES(2920,'Appartment 1',35.9622196179923E0,-83.9288965922175E0,11)
INSERT INTO CUSTOMER VALUES(2921,'Appartment 2',35.9570901840705E0,-83.9332374353643E0,12)
INSERT INTO CUSTOMER VALUES(2922,'Appartment 3',35.9576897672776E0,-83.9434285362738E0,13)
INSERT INTO CUSTOMER VALUES(2923,'Starbucks',35.9547789704759E0,-83.9375670568026E0,14)
INSERT INTO CUSTOMER VALUES(2924,'Publix Supermarket',35.9498137276168E0,-83.9396945421729E0,15)
COMMIT
DISCONNECT
/*C4*/SET SCHEMA PUBLIC
DELETE FROM WAREHOUSE WHERE AL_ID=194
INSERT INTO WAREHOUSE VALUES(195,'UT Warehouse',35.946217E0,-83.930501E0,0)
COMMIT
DELETE FROM CUSTOMER WHERE AL_ID=2910
DELETE FROM CUSTOMER WHERE AL_ID=2911
DELETE FROM CUSTOMER WHERE AL_ID=2912
DELETE FROM CUSTOMER WHERE AL_ID=2913
DELETE FROM CUSTOMER WHERE AL_ID=2914
DELETE FROM CUSTOMER WHERE AL_ID=2915
DELETE FROM CUSTOMER WHERE AL_ID=2916
DELETE FROM CUSTOMER WHERE AL_ID=2917
DELETE FROM CUSTOMER WHERE AL_ID=2918
DELETE FROM CUSTOMER WHERE AL_ID=2919
DELETE FROM CUSTOMER WHERE AL_ID=2920
DELETE FROM CUSTOMER WHERE AL_ID=2921
DELETE FROM CUSTOMER WHERE AL_ID=2922
DELETE FROM CUSTOMER WHERE AL_ID=2923
DELETE FROM CUSTOMER WHERE AL_ID=2924
INSERT INTO CUSTOMER VALUES(2925,'John Tickle Enginnering',35.9557686461791E0,-83.9226661860263E0,1)
INSERT INTO CUSTOMER VALUES(2926,'MinKao Building',35.9587257465776E0,-83.9246245540052E0,2)
INSERT INTO CUSTOMER VALUES(2927,'Neyland Stadium',35.9550201931543E0,-83.9250760157039E0,3)
INSERT INTO CUSTOMER VALUES(2928,'Thompson-Boling Arena',35.9511620283886E0,-83.9251083198282E0,4)
INSERT INTO CUSTOMER VALUES(2929,'TRECS',35.9489376638844E0,-83.9342591983735E0,5)
INSERT INTO CUSTOMER VALUES(2930,'Hodges Library',35.954938682045E0,-83.9297978272112E0,6)
INSERT INTO CUSTOMER VALUES(2931,'Mossman Building',35.9590660269475E0,-83.9270076514665E0,7)
INSERT INTO CUSTOMER VALUES(2932,'UT Veterinary Medical Center',35.9454565977154E0,-83.939735903059E0,8)
INSERT INTO CUSTOMER VALUES(2933,'Student Union',35.956923777836E0,-83.9290327927134E0,9)
INSERT INTO CUSTOMER VALUES(2934,'Medical Center',35.957420886283E0,-83.9369852018534E0,10)
INSERT INTO CUSTOMER VALUES(2935,'Appartment 1',35.9622196179923E0,-83.9288965922175E0,11)
INSERT INTO CUSTOMER VALUES(2936,'Appartment 2',35.9570901840705E0,-83.9332374353643E0,12)
INSERT INTO CUSTOMER VALUES(2937,'Appartment 3',35.9576897672776E0,-83.9434285362738E0,13)
INSERT INTO CUSTOMER VALUES(2938,'Starbucks',35.9547789704759E0,-83.9375670568026E0,14)
INSERT INTO CUSTOMER VALUES(2939,'Publix Supermarket',35.9498137276168E0,-83.9396945421729E0,15)
COMMIT
DISCONNECT
/*C5*/SET SCHEMA PUBLIC
DELETE FROM WAREHOUSE WHERE AL_ID=195
INSERT INTO WAREHOUSE VALUES(196,'UT Warehouse',35.946217E0,-83.930501E0,0)
COMMIT
DELETE FROM CUSTOMER WHERE AL_ID=2925
DELETE FROM CUSTOMER WHERE AL_ID=2926
DELETE FROM CUSTOMER WHERE AL_ID=2927
DELETE FROM CUSTOMER WHERE AL_ID=2928
DELETE FROM CUSTOMER WHERE AL_ID=2929
DELETE FROM CUSTOMER WHERE AL_ID=2930
DELETE FROM CUSTOMER WHERE AL_ID=2931
DELETE FROM CUSTOMER WHERE AL_ID=2932
DELETE FROM CUSTOMER WHERE AL_ID=2933
DELETE FROM CUSTOMER WHERE AL_ID=2934
DELETE FROM CUSTOMER WHERE AL_ID=2935
DELETE FROM CUSTOMER WHERE AL_ID=2936
DELETE FROM CUSTOMER WHERE AL_ID=2937
DELETE FROM CUSTOMER WHERE AL_ID=2938
DELETE FROM CUSTOMER WHERE AL_ID=2939
INSERT INTO CUSTOMER VALUES(2940,'John Tickle Enginnering',35.9557686461791E0,-83.9226661860263E0,1)
INSERT INTO CUSTOMER VALUES(2941,'MinKao Building',35.9587257465776E0,-83.9246245540052E0,2)
INSERT INTO CUSTOMER VALUES(2942,'Neyland Stadium',35.9550201931543E0,-83.9250760157039E0,3)
INSERT INTO CUSTOMER VALUES(2943,'Thompson-Boling Arena',35.9511620283886E0,-83.9251083198282E0,4)
INSERT INTO CUSTOMER VALUES(2944,'TRECS',35.9489376638844E0,-83.9342591983735E0,5)
INSERT INTO CUSTOMER VALUES(2945,'Hodges Library',35.954938682045E0,-83.9297978272112E0,6)
INSERT INTO CUSTOMER VALUES(2946,'Mossman Building',35.9590660269475E0,-83.9270076514665E0,7)
INSERT INTO CUSTOMER VALUES(2947,'UT Veterinary Medical Center',35.9454565977154E0,-83.939735903059E0,8)
INSERT INTO CUSTOMER VALUES(2948,'Student Union',35.956923777836E0,-83.9290327927134E0,9)
INSERT INTO CUSTOMER VALUES(2949,'Medical Center',35.957420886283E0,-83.9369852018534E0,10)
INSERT INTO CUSTOMER VALUES(2950,'Appartment 1',35.9622196179923E0,-83.9288965922175E0,11)
INSERT INTO CUSTOMER VALUES(2951,'Appartment 2',35.9570901840705E0,-83.9332374353643E0,12)
INSERT INTO CUSTOMER VALUES(2952,'Appartment 3',35.9576897672776E0,-83.9434285362738E0,13)
INSERT INTO CUSTOMER VALUES(2953,'Starbucks',35.9547789704759E0,-83.9375670568026E0,14)
INSERT INTO CUSTOMER VALUES(2954,'Publix Supermarket',35.9498137276168E0,-83.9396945421729E0,15)
COMMIT
DISCONNECT
/*C6*/SET SCHEMA PUBLIC
DELETE FROM WAREHOUSE WHERE AL_ID=196
INSERT INTO WAREHOUSE VALUES(197,'UT Warehouse',35.946217E0,-83.930501E0,0)
COMMIT
DELETE FROM CUSTOMER WHERE AL_ID=2940
DELETE FROM CUSTOMER WHERE AL_ID=2941
DELETE FROM CUSTOMER WHERE AL_ID=2942
DELETE FROM CUSTOMER WHERE AL_ID=2943
DELETE FROM CUSTOMER WHERE AL_ID=2944
DELETE FROM CUSTOMER WHERE AL_ID=2945
DELETE FROM CUSTOMER WHERE AL_ID=2946
DELETE FROM CUSTOMER WHERE AL_ID=2947
DELETE FROM CUSTOMER WHERE AL_ID=2948
DELETE FROM CUSTOMER WHERE AL_ID=2949
DELETE FROM CUSTOMER WHERE AL_ID=2950
DELETE FROM CUSTOMER WHERE AL_ID=2951
DELETE FROM CUSTOMER WHERE AL_ID=2952
DELETE FROM CUSTOMER WHERE AL_ID=2953
DELETE FROM CUSTOMER WHERE AL_ID=2954
INSERT INTO CUSTOMER VALUES(2955,'John Tickle Enginnering',35.9557686461791E0,-83.9226661860263E0,1)
INSERT INTO CUSTOMER VALUES(2956,'MinKao Building',35.9587257465776E0,-83.9246245540052E0,2)
INSERT INTO CUSTOMER VALUES(2957,'Neyland Stadium',35.9550201931543E0,-83.9250760157039E0,3)
INSERT INTO CUSTOMER VALUES(2958,'Thompson-Boling Arena',35.9511620283886E0,-83.9251083198282E0,4)
INSERT INTO CUSTOMER VALUES(2959,'TRECS',35.9489376638844E0,-83.9342591983735E0,5)
INSERT INTO CUSTOMER VALUES(2960,'Hodges Library',35.954938682045E0,-83.9297978272112E0,6)
INSERT INTO CUSTOMER VALUES(2961,'Mossman Building',35.9590660269475E0,-83.9270076514665E0,7)
INSERT INTO CUSTOMER VALUES(2962,'UT Veterinary Medical Center',35.9454565977154E0,-83.939735903059E0,8)
INSERT INTO CUSTOMER VALUES(2963,'Student Union',35.956923777836E0,-83.9290327927134E0,9)
INSERT INTO CUSTOMER VALUES(2964,'Medical Center',35.957420886283E0,-83.9369852018534E0,10)
INSERT INTO CUSTOMER VALUES(2965,'Appartment 1',35.9622196179923E0,-83.9288965922175E0,11)
INSERT INTO CUSTOMER VALUES(2966,'Appartment 2',35.9570901840705E0,-83.9332374353643E0,12)
INSERT INTO CUSTOMER VALUES(2967,'Appartment 3',35.9576897672776E0,-83.9434285362738E0,13)
INSERT INTO CUSTOMER VALUES(2968,'Starbucks',35.9547789704759E0,-83.9375670568026E0,14)
INSERT INTO CUSTOMER VALUES(2969,'Publix Supermarket',35.9498137276168E0,-83.9396945421729E0,15)
COMMIT
DISCONNECT
/*C7*/SET SCHEMA PUBLIC
DELETE FROM WAREHOUSE WHERE AL_ID=197
INSERT INTO WAREHOUSE VALUES(198,'UT Warehouse',35.946217E0,-83.930501E0,0)
COMMIT
DELETE FROM CUSTOMER WHERE AL_ID=2955
DELETE FROM CUSTOMER WHERE AL_ID=2956
DELETE FROM CUSTOMER WHERE AL_ID=2957
DELETE FROM CUSTOMER WHERE AL_ID=2958
DELETE FROM CUSTOMER WHERE AL_ID=2959
DELETE FROM CUSTOMER WHERE AL_ID=2960
DELETE FROM CUSTOMER WHERE AL_ID=2961
DELETE FROM CUSTOMER WHERE AL_ID=2962
DELETE FROM CUSTOMER WHERE AL_ID=2963
DELETE FROM CUSTOMER WHERE AL_ID=2964
DELETE FROM CUSTOMER WHERE AL_ID=2965
DELETE FROM CUSTOMER WHERE AL_ID=2966
DELETE FROM CUSTOMER WHERE AL_ID=2967
DELETE FROM CUSTOMER WHERE AL_ID=2968
DELETE FROM CUSTOMER WHERE AL_ID=2969
INSERT INTO CUSTOMER VALUES(2970,'John Tickle Enginnering',35.9557686461791E0,-83.9226661860263E0,1)
INSERT INTO CUSTOMER VALUES(2971,'MinKao Building',35.9587257465776E0,-83.9246245540052E0,2)
INSERT INTO CUSTOMER VALUES(2972,'Neyland Stadium',35.9550201931543E0,-83.9250760157039E0,3)
INSERT INTO CUSTOMER VALUES(2973,'Thompson-Boling Arena',35.9511620283886E0,-83.9251083198282E0,4)
INSERT INTO CUSTOMER VALUES(2974,'TRECS',35.9489376638844E0,-83.9342591983735E0,5)
INSERT INTO CUSTOMER VALUES(2975,'Hodges Library',35.954938682045E0,-83.9297978272112E0,6)
INSERT INTO CUSTOMER VALUES(2976,'Mossman Building',35.9590660269475E0,-83.9270076514665E0,7)
INSERT INTO CUSTOMER VALUES(2977,'UT Veterinary Medical Center',35.9454565977154E0,-83.939735903059E0,8)
INSERT INTO CUSTOMER VALUES(2978,'Student Union',35.956923777836E0,-83.9290327927134E0,9)
INSERT INTO CUSTOMER VALUES(2979,'Medical Center',35.957420886283E0,-83.9369852018534E0,10)
INSERT INTO CUSTOMER VALUES(2980,'Appartment 1',35.9622196179923E0,-83.9288965922175E0,11)
INSERT INTO CUSTOMER VALUES(2981,'Appartment 2',35.9570901840705E0,-83.9332374353643E0,12)
INSERT INTO CUSTOMER VALUES(2982,'Appartment 3',35.9576897672776E0,-83.9434285362738E0,13)
INSERT INTO CUSTOMER VALUES(2983,'Starbucks',35.9547789704759E0,-83.9375670568026E0,14)
INSERT INTO CUSTOMER VALUES(2984,'Publix Supermarket',35.9498137276168E0,-83.9396945421729E0,15)
COMMIT
DISCONNECT
/*C8*/SET SCHEMA PUBLIC
DELETE FROM WAREHOUSE WHERE AL_ID=198
INSERT INTO WAREHOUSE VALUES(199,'UT Warehouse',35.946217E0,-83.930501E0,0)
COMMIT
DELETE FROM CUSTOMER WHERE AL_ID=2970
DELETE FROM CUSTOMER WHERE AL_ID=2971
DELETE FROM CUSTOMER WHERE AL_ID=2972
DELETE FROM CUSTOMER WHERE AL_ID=2973
DELETE FROM CUSTOMER WHERE AL_ID=2974
DELETE FROM CUSTOMER WHERE AL_ID=2975
DELETE FROM CUSTOMER WHERE AL_ID=2976
DELETE FROM CUSTOMER WHERE AL_ID=2977
DELETE FROM CUSTOMER WHERE AL_ID=2978
DELETE FROM CUSTOMER WHERE AL_ID=2979
DELETE FROM CUSTOMER WHERE AL_ID=2980
DELETE FROM CUSTOMER WHERE AL_ID=2981
DELETE FROM CUSTOMER WHERE AL_ID=2982
DELETE FROM CUSTOMER WHERE AL_ID=2983
DELETE FROM CUSTOMER WHERE AL_ID=2984
INSERT INTO CUSTOMER VALUES(2985,'John Tickle Enginnering',35.9557686461791E0,-83.9226661860263E0,1)
INSERT INTO CUSTOMER VALUES(2986,'MinKao Building',35.9587257465776E0,-83.9246245540052E0,2)
INSERT INTO CUSTOMER VALUES(2987,'Neyland Stadium',35.9550201931543E0,-83.9250760157039E0,3)
INSERT INTO CUSTOMER VALUES(2988,'Thompson-Boling Arena',35.9511620283886E0,-83.9251083198282E0,4)
INSERT INTO CUSTOMER VALUES(2989,'TRECS',35.9489376638844E0,-83.9342591983735E0,5)
INSERT INTO CUSTOMER VALUES(2990,'Hodges Library',35.954938682045E0,-83.9297978272112E0,6)
INSERT INTO CUSTOMER VALUES(2991,'Mossman Building',35.9590660269475E0,-83.9270076514665E0,7)
INSERT INTO CUSTOMER VALUES(2992,'UT Veterinary Medical Center',35.9454565977154E0,-83.939735903059E0,8)
INSERT INTO CUSTOMER VALUES(2993,'Student Union',35.956923777836E0,-83.9290327927134E0,9)
INSERT INTO CUSTOMER VALUES(2994,'Medical Center',35.957420886283E0,-83.9369852018534E0,10)
INSERT INTO CUSTOMER VALUES(2995,'Appartment 1',35.9622196179923E0,-83.9288965922175E0,11)
INSERT INTO CUSTOMER VALUES(2996,'Appartment 2',35.9570901840705E0,-83.9332374353643E0,12)
INSERT INTO CUSTOMER VALUES(2997,'Appartment 3',35.9576897672776E0,-83.9434285362738E0,13)
INSERT INTO CUSTOMER VALUES(2998,'Starbucks',35.9547789704759E0,-83.9375670568026E0,14)
INSERT INTO CUSTOMER VALUES(2999,'Publix Supermarket',35.9498137276168E0,-83.9396945421729E0,15)
COMMIT
DISCONNECT
/*C2*/DISCONNECT
