/*C3*/SET SCHEMA PUBLIC
CREATE TABLE IF NOT EXISTS AL_CONFIGURATION ( PROPERTY_NAME VARCHAR(255) NOT NULL UNIQUE , PROPERTY_VALUE LONGVARCHAR ) 
CREATE TABLE IF NOT EXISTS AL_GROUPS ( GROUP_NAME VARCHAR(255) NOT NULL PRIMARY KEY , DESCRIPTION LONGVARCHAR ) 
CREATE TABLE IF NOT EXISTS AL_TABLES ( TABLE_NAME VARCHAR(255) NOT NULL PRIMARY KEY , GROUP_NAME VARCHAR(255) , DESCRIPTION LONGVARCHAR ) 
CREATE TABLE IF NOT EXISTS AL_CUSTOM_TYPE ( TABLE_NAME VARCHAR(255) , COLUMN_NAME VARCHAR(255) , TYPE VARCHAR(255) , NAME VARCHAR(255) ) 
CREATE TABLE IF NOT EXISTS AL_VIEWS ( VIEW_NAME VARCHAR(255) NOT NULL UNIQUE , VIEW_DEFINITION LONGVARCHAR , IS_VALID BOOLEAN ) 
CREATE TABLE IF NOT EXISTS AL_SELECTED_LOG_OBJECTS ( NAME VARCHAR(255) NOT NULL UNIQUE , TYPE VARCHAR(255) ) 
CREATE TABLE IF NOT EXISTS AL_DB_OBJECTS ( NAME VARCHAR(255) NOT NULL UNIQUE , TYPE VARCHAR(255) , USAGE VARCHAR(255) ) 
/*C4*/SET SCHEMA PUBLIC
DELETE FROM WAREHOUSE WHERE AL_ID=199
INSERT INTO WAREHOUSE VALUES(200,'UT Warehouse',35.946217E0,-83.930501E0,0)
COMMIT
DELETE FROM CUSTOMER WHERE AL_ID=2985
DELETE FROM CUSTOMER WHERE AL_ID=2986
DELETE FROM CUSTOMER WHERE AL_ID=2987
DELETE FROM CUSTOMER WHERE AL_ID=2988
DELETE FROM CUSTOMER WHERE AL_ID=2989
DELETE FROM CUSTOMER WHERE AL_ID=2990
DELETE FROM CUSTOMER WHERE AL_ID=2991
DELETE FROM CUSTOMER WHERE AL_ID=2992
DELETE FROM CUSTOMER WHERE AL_ID=2993
DELETE FROM CUSTOMER WHERE AL_ID=2994
DELETE FROM CUSTOMER WHERE AL_ID=2995
DELETE FROM CUSTOMER WHERE AL_ID=2996
DELETE FROM CUSTOMER WHERE AL_ID=2997
DELETE FROM CUSTOMER WHERE AL_ID=2998
DELETE FROM CUSTOMER WHERE AL_ID=2999
INSERT INTO CUSTOMER VALUES(3000,'John Tickle Enginnering',35.9557686461791E0,-83.9226661860263E0,1)
INSERT INTO CUSTOMER VALUES(3001,'MinKao Building',35.9587257465776E0,-83.9246245540052E0,2)
INSERT INTO CUSTOMER VALUES(3002,'Neyland Stadium',35.9550201931543E0,-83.9250760157039E0,3)
INSERT INTO CUSTOMER VALUES(3003,'Thompson-Boling Arena',35.9511620283886E0,-83.9251083198282E0,4)
INSERT INTO CUSTOMER VALUES(3004,'TRECS',35.9489376638844E0,-83.9342591983735E0,5)
INSERT INTO CUSTOMER VALUES(3005,'Hodges Library',35.954938682045E0,-83.9297978272112E0,6)
INSERT INTO CUSTOMER VALUES(3006,'Mossman Building',35.9590660269475E0,-83.9270076514665E0,7)
INSERT INTO CUSTOMER VALUES(3007,'UT Veterinary Medical Center',35.9454565977154E0,-83.939735903059E0,8)
INSERT INTO CUSTOMER VALUES(3008,'Student Union',35.956923777836E0,-83.9290327927134E0,9)
INSERT INTO CUSTOMER VALUES(3009,'Medical Center',35.957420886283E0,-83.9369852018534E0,10)
INSERT INTO CUSTOMER VALUES(3010,'Appartment 1',35.9622196179923E0,-83.9288965922175E0,11)
INSERT INTO CUSTOMER VALUES(3011,'Appartment 2',35.9570901840705E0,-83.9332374353643E0,12)
INSERT INTO CUSTOMER VALUES(3012,'Appartment 3',35.9576897672776E0,-83.9434285362738E0,13)
INSERT INTO CUSTOMER VALUES(3013,'Starbucks',35.9547789704759E0,-83.9375670568026E0,14)
INSERT INTO CUSTOMER VALUES(3014,'Publix Supermarket',35.9498137276168E0,-83.9396945421729E0,15)
COMMIT
DISCONNECT
/*C5*/SET SCHEMA PUBLIC
DELETE FROM WAREHOUSE WHERE AL_ID=200
INSERT INTO WAREHOUSE VALUES(201,'UT Warehouse',35.946217E0,-83.930501E0,0)
COMMIT
DELETE FROM CUSTOMER WHERE AL_ID=3000
DELETE FROM CUSTOMER WHERE AL_ID=3001
DELETE FROM CUSTOMER WHERE AL_ID=3002
DELETE FROM CUSTOMER WHERE AL_ID=3003
DELETE FROM CUSTOMER WHERE AL_ID=3004
DELETE FROM CUSTOMER WHERE AL_ID=3005
DELETE FROM CUSTOMER WHERE AL_ID=3006
DELETE FROM CUSTOMER WHERE AL_ID=3007
DELETE FROM CUSTOMER WHERE AL_ID=3008
DELETE FROM CUSTOMER WHERE AL_ID=3009
DELETE FROM CUSTOMER WHERE AL_ID=3010
DELETE FROM CUSTOMER WHERE AL_ID=3011
DELETE FROM CUSTOMER WHERE AL_ID=3012
DELETE FROM CUSTOMER WHERE AL_ID=3013
DELETE FROM CUSTOMER WHERE AL_ID=3014
INSERT INTO CUSTOMER VALUES(3015,'John Tickle Enginnering',35.9557686461791E0,-83.9226661860263E0,1)
INSERT INTO CUSTOMER VALUES(3016,'MinKao Building',35.9587257465776E0,-83.9246245540052E0,2)
INSERT INTO CUSTOMER VALUES(3017,'Neyland Stadium',35.9550201931543E0,-83.9250760157039E0,3)
INSERT INTO CUSTOMER VALUES(3018,'Thompson-Boling Arena',35.9511620283886E0,-83.9251083198282E0,4)
INSERT INTO CUSTOMER VALUES(3019,'TRECS',35.9489376638844E0,-83.9342591983735E0,5)
INSERT INTO CUSTOMER VALUES(3020,'Hodges Library',35.954938682045E0,-83.9297978272112E0,6)
INSERT INTO CUSTOMER VALUES(3021,'Mossman Building',35.9590660269475E0,-83.9270076514665E0,7)
INSERT INTO CUSTOMER VALUES(3022,'UT Veterinary Medical Center',35.9454565977154E0,-83.939735903059E0,8)
INSERT INTO CUSTOMER VALUES(3023,'Student Union',35.956923777836E0,-83.9290327927134E0,9)
INSERT INTO CUSTOMER VALUES(3024,'Medical Center',35.957420886283E0,-83.9369852018534E0,10)
INSERT INTO CUSTOMER VALUES(3025,'Appartment 1',35.9622196179923E0,-83.9288965922175E0,11)
INSERT INTO CUSTOMER VALUES(3026,'Appartment 2',35.9570901840705E0,-83.9332374353643E0,12)
INSERT INTO CUSTOMER VALUES(3027,'Appartment 3',35.9576897672776E0,-83.9434285362738E0,13)
INSERT INTO CUSTOMER VALUES(3028,'Starbucks',35.9547789704759E0,-83.9375670568026E0,14)
INSERT INTO CUSTOMER VALUES(3029,'Publix Supermarket',35.9498137276168E0,-83.9396945421729E0,15)
COMMIT
DISCONNECT
/*C6*/SET SCHEMA PUBLIC
DELETE FROM WAREHOUSE WHERE AL_ID=201
INSERT INTO WAREHOUSE VALUES(202,'UT Warehouse',35.946217E0,-83.930501E0,0)
COMMIT
DELETE FROM CUSTOMER WHERE AL_ID=3015
DELETE FROM CUSTOMER WHERE AL_ID=3016
DELETE FROM CUSTOMER WHERE AL_ID=3017
DELETE FROM CUSTOMER WHERE AL_ID=3018
DELETE FROM CUSTOMER WHERE AL_ID=3019
DELETE FROM CUSTOMER WHERE AL_ID=3020
DELETE FROM CUSTOMER WHERE AL_ID=3021
DELETE FROM CUSTOMER WHERE AL_ID=3022
DELETE FROM CUSTOMER WHERE AL_ID=3023
DELETE FROM CUSTOMER WHERE AL_ID=3024
DELETE FROM CUSTOMER WHERE AL_ID=3025
DELETE FROM CUSTOMER WHERE AL_ID=3026
DELETE FROM CUSTOMER WHERE AL_ID=3027
DELETE FROM CUSTOMER WHERE AL_ID=3028
DELETE FROM CUSTOMER WHERE AL_ID=3029
INSERT INTO CUSTOMER VALUES(3030,'John Tickle Enginnering',35.9557686461791E0,-83.9226661860263E0,1)
INSERT INTO CUSTOMER VALUES(3031,'MinKao Building',35.9587257465776E0,-83.9246245540052E0,2)
INSERT INTO CUSTOMER VALUES(3032,'Neyland Stadium',35.9550201931543E0,-83.9250760157039E0,3)
INSERT INTO CUSTOMER VALUES(3033,'Thompson-Boling Arena',35.9511620283886E0,-83.9251083198282E0,4)
INSERT INTO CUSTOMER VALUES(3034,'TRECS',35.9489376638844E0,-83.9342591983735E0,5)
INSERT INTO CUSTOMER VALUES(3035,'Hodges Library',35.954938682045E0,-83.9297978272112E0,6)
INSERT INTO CUSTOMER VALUES(3036,'Mossman Building',35.9590660269475E0,-83.9270076514665E0,7)
INSERT INTO CUSTOMER VALUES(3037,'UT Veterinary Medical Center',35.9454565977154E0,-83.939735903059E0,8)
INSERT INTO CUSTOMER VALUES(3038,'Student Union',35.956923777836E0,-83.9290327927134E0,9)
INSERT INTO CUSTOMER VALUES(3039,'Medical Center',35.957420886283E0,-83.9369852018534E0,10)
INSERT INTO CUSTOMER VALUES(3040,'Appartment 1',35.9622196179923E0,-83.9288965922175E0,11)
INSERT INTO CUSTOMER VALUES(3041,'Appartment 2',35.9570901840705E0,-83.9332374353643E0,12)
INSERT INTO CUSTOMER VALUES(3042,'Appartment 3',35.9576897672776E0,-83.9434285362738E0,13)
INSERT INTO CUSTOMER VALUES(3043,'Starbucks',35.9547789704759E0,-83.9375670568026E0,14)
INSERT INTO CUSTOMER VALUES(3044,'Publix Supermarket',35.9498137276168E0,-83.9396945421729E0,15)
COMMIT
DISCONNECT
/*C7*/SET SCHEMA PUBLIC
DELETE FROM WAREHOUSE WHERE AL_ID=202
INSERT INTO WAREHOUSE VALUES(203,'UT Warehouse',35.946217E0,-83.930501E0,0)
COMMIT
DELETE FROM CUSTOMER WHERE AL_ID=3030
DELETE FROM CUSTOMER WHERE AL_ID=3031
DELETE FROM CUSTOMER WHERE AL_ID=3032
DELETE FROM CUSTOMER WHERE AL_ID=3033
DELETE FROM CUSTOMER WHERE AL_ID=3034
DELETE FROM CUSTOMER WHERE AL_ID=3035
DELETE FROM CUSTOMER WHERE AL_ID=3036
DELETE FROM CUSTOMER WHERE AL_ID=3037
DELETE FROM CUSTOMER WHERE AL_ID=3038
DELETE FROM CUSTOMER WHERE AL_ID=3039
DELETE FROM CUSTOMER WHERE AL_ID=3040
DELETE FROM CUSTOMER WHERE AL_ID=3041
DELETE FROM CUSTOMER WHERE AL_ID=3042
DELETE FROM CUSTOMER WHERE AL_ID=3043
DELETE FROM CUSTOMER WHERE AL_ID=3044
INSERT INTO CUSTOMER VALUES(3045,'John Tickle Enginnering',35.9557686461791E0,-83.9226661860263E0,1)
INSERT INTO CUSTOMER VALUES(3046,'MinKao Building',35.9587257465776E0,-83.9246245540052E0,2)
INSERT INTO CUSTOMER VALUES(3047,'Neyland Stadium',35.9550201931543E0,-83.9250760157039E0,3)
INSERT INTO CUSTOMER VALUES(3048,'Thompson-Boling Arena',35.9511620283886E0,-83.9251083198282E0,4)
INSERT INTO CUSTOMER VALUES(3049,'TRECS',35.9489376638844E0,-83.9342591983735E0,5)
INSERT INTO CUSTOMER VALUES(3050,'Hodges Library',35.954938682045E0,-83.9297978272112E0,6)
INSERT INTO CUSTOMER VALUES(3051,'Mossman Building',35.9590660269475E0,-83.9270076514665E0,7)
INSERT INTO CUSTOMER VALUES(3052,'UT Veterinary Medical Center',35.9454565977154E0,-83.939735903059E0,8)
INSERT INTO CUSTOMER VALUES(3053,'Student Union',35.956923777836E0,-83.9290327927134E0,9)
INSERT INTO CUSTOMER VALUES(3054,'Medical Center',35.957420886283E0,-83.9369852018534E0,10)
INSERT INTO CUSTOMER VALUES(3055,'Appartment 1',35.9622196179923E0,-83.9288965922175E0,11)
INSERT INTO CUSTOMER VALUES(3056,'Appartment 2',35.9570901840705E0,-83.9332374353643E0,12)
INSERT INTO CUSTOMER VALUES(3057,'Appartment 3',35.9576897672776E0,-83.9434285362738E0,13)
INSERT INTO CUSTOMER VALUES(3058,'Starbucks',35.9547789704759E0,-83.9375670568026E0,14)
INSERT INTO CUSTOMER VALUES(3059,'Publix Supermarket',35.9498137276168E0,-83.9396945421729E0,15)
COMMIT
DISCONNECT
/*C8*/SET SCHEMA PUBLIC
DELETE FROM WAREHOUSE WHERE AL_ID=203
INSERT INTO WAREHOUSE VALUES(204,'UT Warehouse',35.946217E0,-83.930501E0,0)
COMMIT
DELETE FROM CUSTOMER WHERE AL_ID=3045
DELETE FROM CUSTOMER WHERE AL_ID=3046
DELETE FROM CUSTOMER WHERE AL_ID=3047
DELETE FROM CUSTOMER WHERE AL_ID=3048
DELETE FROM CUSTOMER WHERE AL_ID=3049
DELETE FROM CUSTOMER WHERE AL_ID=3050
DELETE FROM CUSTOMER WHERE AL_ID=3051
DELETE FROM CUSTOMER WHERE AL_ID=3052
DELETE FROM CUSTOMER WHERE AL_ID=3053
DELETE FROM CUSTOMER WHERE AL_ID=3054
DELETE FROM CUSTOMER WHERE AL_ID=3055
DELETE FROM CUSTOMER WHERE AL_ID=3056
DELETE FROM CUSTOMER WHERE AL_ID=3057
DELETE FROM CUSTOMER WHERE AL_ID=3058
DELETE FROM CUSTOMER WHERE AL_ID=3059
INSERT INTO CUSTOMER VALUES(3060,'John Tickle Enginnering',35.9557686461791E0,-83.9226661860263E0,1)
INSERT INTO CUSTOMER VALUES(3061,'MinKao Building',35.9587257465776E0,-83.9246245540052E0,2)
INSERT INTO CUSTOMER VALUES(3062,'Neyland Stadium',35.9550201931543E0,-83.9250760157039E0,3)
INSERT INTO CUSTOMER VALUES(3063,'Thompson-Boling Arena',35.9511620283886E0,-83.9251083198282E0,4)
INSERT INTO CUSTOMER VALUES(3064,'TRECS',35.9489376638844E0,-83.9342591983735E0,5)
INSERT INTO CUSTOMER VALUES(3065,'Hodges Library',35.954938682045E0,-83.9297978272112E0,6)
INSERT INTO CUSTOMER VALUES(3066,'Mossman Building',35.9590660269475E0,-83.9270076514665E0,7)
INSERT INTO CUSTOMER VALUES(3067,'UT Veterinary Medical Center',35.9454565977154E0,-83.939735903059E0,8)
INSERT INTO CUSTOMER VALUES(3068,'Student Union',35.956923777836E0,-83.9290327927134E0,9)
INSERT INTO CUSTOMER VALUES(3069,'Medical Center',35.957420886283E0,-83.9369852018534E0,10)
INSERT INTO CUSTOMER VALUES(3070,'Appartment 1',35.9622196179923E0,-83.9288965922175E0,11)
INSERT INTO CUSTOMER VALUES(3071,'Appartment 2',35.9570901840705E0,-83.9332374353643E0,12)
INSERT INTO CUSTOMER VALUES(3072,'Appartment 3',35.9576897672776E0,-83.9434285362738E0,13)
INSERT INTO CUSTOMER VALUES(3073,'Starbucks',35.9547789704759E0,-83.9375670568026E0,14)
INSERT INTO CUSTOMER VALUES(3074,'Publix Supermarket',35.9498137276168E0,-83.9396945421729E0,15)
COMMIT
DISCONNECT
/*C9*/SET SCHEMA PUBLIC
DELETE FROM WAREHOUSE WHERE AL_ID=204
INSERT INTO WAREHOUSE VALUES(205,'UT Warehouse',35.946217E0,-83.930501E0,0)
COMMIT
DELETE FROM CUSTOMER WHERE AL_ID=3060
DELETE FROM CUSTOMER WHERE AL_ID=3061
DELETE FROM CUSTOMER WHERE AL_ID=3062
DELETE FROM CUSTOMER WHERE AL_ID=3063
DELETE FROM CUSTOMER WHERE AL_ID=3064
DELETE FROM CUSTOMER WHERE AL_ID=3065
DELETE FROM CUSTOMER WHERE AL_ID=3066
DELETE FROM CUSTOMER WHERE AL_ID=3067
DELETE FROM CUSTOMER WHERE AL_ID=3068
DELETE FROM CUSTOMER WHERE AL_ID=3069
DELETE FROM CUSTOMER WHERE AL_ID=3070
DELETE FROM CUSTOMER WHERE AL_ID=3071
DELETE FROM CUSTOMER WHERE AL_ID=3072
DELETE FROM CUSTOMER WHERE AL_ID=3073
DELETE FROM CUSTOMER WHERE AL_ID=3074
INSERT INTO CUSTOMER VALUES(3075,'John Tickle Enginnering',35.9557686461791E0,-83.9226661860263E0,1)
INSERT INTO CUSTOMER VALUES(3076,'MinKao Building',35.9587257465776E0,-83.9246245540052E0,2)
INSERT INTO CUSTOMER VALUES(3077,'Neyland Stadium',35.9550201931543E0,-83.9250760157039E0,3)
INSERT INTO CUSTOMER VALUES(3078,'Thompson-Boling Arena',35.9511620283886E0,-83.9251083198282E0,4)
INSERT INTO CUSTOMER VALUES(3079,'TRECS',35.9489376638844E0,-83.9342591983735E0,5)
INSERT INTO CUSTOMER VALUES(3080,'Hodges Library',35.954938682045E0,-83.9297978272112E0,6)
INSERT INTO CUSTOMER VALUES(3081,'Mossman Building',35.9590660269475E0,-83.9270076514665E0,7)
INSERT INTO CUSTOMER VALUES(3082,'UT Veterinary Medical Center',35.9454565977154E0,-83.939735903059E0,8)
INSERT INTO CUSTOMER VALUES(3083,'Student Union',35.956923777836E0,-83.9290327927134E0,9)
INSERT INTO CUSTOMER VALUES(3084,'Medical Center',35.957420886283E0,-83.9369852018534E0,10)
INSERT INTO CUSTOMER VALUES(3085,'Appartment 1',35.9622196179923E0,-83.9288965922175E0,11)
INSERT INTO CUSTOMER VALUES(3086,'Appartment 2',35.9570901840705E0,-83.9332374353643E0,12)
INSERT INTO CUSTOMER VALUES(3087,'Appartment 3',35.9576897672776E0,-83.9434285362738E0,13)
INSERT INTO CUSTOMER VALUES(3088,'Starbucks',35.9547789704759E0,-83.9375670568026E0,14)
INSERT INTO CUSTOMER VALUES(3089,'Publix Supermarket',35.9498137276168E0,-83.9396945421729E0,15)
COMMIT
DISCONNECT
/*C10*/SET SCHEMA PUBLIC
DELETE FROM WAREHOUSE WHERE AL_ID=205
INSERT INTO WAREHOUSE VALUES(206,'UT Warehouse',35.946217E0,-83.930501E0,0)
COMMIT
DELETE FROM CUSTOMER WHERE AL_ID=3075
DELETE FROM CUSTOMER WHERE AL_ID=3076
DELETE FROM CUSTOMER WHERE AL_ID=3077
DELETE FROM CUSTOMER WHERE AL_ID=3078
DELETE FROM CUSTOMER WHERE AL_ID=3079
DELETE FROM CUSTOMER WHERE AL_ID=3080
DELETE FROM CUSTOMER WHERE AL_ID=3081
DELETE FROM CUSTOMER WHERE AL_ID=3082
DELETE FROM CUSTOMER WHERE AL_ID=3083
DELETE FROM CUSTOMER WHERE AL_ID=3084
DELETE FROM CUSTOMER WHERE AL_ID=3085
DELETE FROM CUSTOMER WHERE AL_ID=3086
DELETE FROM CUSTOMER WHERE AL_ID=3087
DELETE FROM CUSTOMER WHERE AL_ID=3088
DELETE FROM CUSTOMER WHERE AL_ID=3089
INSERT INTO CUSTOMER VALUES(3090,'John Tickle Enginnering',35.9557686461791E0,-83.9226661860263E0,1)
INSERT INTO CUSTOMER VALUES(3091,'MinKao Building',35.9587257465776E0,-83.9246245540052E0,2)
INSERT INTO CUSTOMER VALUES(3092,'Neyland Stadium',35.9550201931543E0,-83.9250760157039E0,3)
INSERT INTO CUSTOMER VALUES(3093,'Thompson-Boling Arena',35.9511620283886E0,-83.9251083198282E0,4)
INSERT INTO CUSTOMER VALUES(3094,'TRECS',35.9489376638844E0,-83.9342591983735E0,5)
INSERT INTO CUSTOMER VALUES(3095,'Hodges Library',35.954938682045E0,-83.9297978272112E0,6)
INSERT INTO CUSTOMER VALUES(3096,'Mossman Building',35.9590660269475E0,-83.9270076514665E0,7)
INSERT INTO CUSTOMER VALUES(3097,'UT Veterinary Medical Center',35.9454565977154E0,-83.939735903059E0,8)
INSERT INTO CUSTOMER VALUES(3098,'Student Union',35.956923777836E0,-83.9290327927134E0,9)
INSERT INTO CUSTOMER VALUES(3099,'Medical Center',35.957420886283E0,-83.9369852018534E0,10)
INSERT INTO CUSTOMER VALUES(3100,'Appartment 1',35.9622196179923E0,-83.9288965922175E0,11)
INSERT INTO CUSTOMER VALUES(3101,'Appartment 2',35.9570901840705E0,-83.9332374353643E0,12)
INSERT INTO CUSTOMER VALUES(3102,'Appartment 3',35.9576897672776E0,-83.9434285362738E0,13)
INSERT INTO CUSTOMER VALUES(3103,'Starbucks',35.9547789704759E0,-83.9375670568026E0,14)
INSERT INTO CUSTOMER VALUES(3104,'Publix Supermarket',35.9498137276168E0,-83.9396945421729E0,15)
COMMIT
DISCONNECT
/*C11*/SET SCHEMA PUBLIC
DELETE FROM WAREHOUSE WHERE AL_ID=206
INSERT INTO WAREHOUSE VALUES(207,'UT Warehouse',35.946217E0,-83.930501E0,0)
COMMIT
DELETE FROM CUSTOMER WHERE AL_ID=3090
DELETE FROM CUSTOMER WHERE AL_ID=3091
DELETE FROM CUSTOMER WHERE AL_ID=3092
DELETE FROM CUSTOMER WHERE AL_ID=3093
DELETE FROM CUSTOMER WHERE AL_ID=3094
DELETE FROM CUSTOMER WHERE AL_ID=3095
DELETE FROM CUSTOMER WHERE AL_ID=3096
DELETE FROM CUSTOMER WHERE AL_ID=3097
DELETE FROM CUSTOMER WHERE AL_ID=3098
DELETE FROM CUSTOMER WHERE AL_ID=3099
DELETE FROM CUSTOMER WHERE AL_ID=3100
DELETE FROM CUSTOMER WHERE AL_ID=3101
DELETE FROM CUSTOMER WHERE AL_ID=3102
DELETE FROM CUSTOMER WHERE AL_ID=3103
DELETE FROM CUSTOMER WHERE AL_ID=3104
INSERT INTO CUSTOMER VALUES(3105,'John Tickle Enginnering',35.9557686461791E0,-83.9226661860263E0,1)
INSERT INTO CUSTOMER VALUES(3106,'MinKao Building',35.9587257465776E0,-83.9246245540052E0,2)
INSERT INTO CUSTOMER VALUES(3107,'Neyland Stadium',35.9550201931543E0,-83.9250760157039E0,3)
INSERT INTO CUSTOMER VALUES(3108,'Thompson-Boling Arena',35.9511620283886E0,-83.9251083198282E0,4)
INSERT INTO CUSTOMER VALUES(3109,'TRECS',35.9489376638844E0,-83.9342591983735E0,5)
INSERT INTO CUSTOMER VALUES(3110,'Hodges Library',35.954938682045E0,-83.9297978272112E0,6)
INSERT INTO CUSTOMER VALUES(3111,'Mossman Building',35.9590660269475E0,-83.9270076514665E0,7)
INSERT INTO CUSTOMER VALUES(3112,'UT Veterinary Medical Center',35.9454565977154E0,-83.939735903059E0,8)
INSERT INTO CUSTOMER VALUES(3113,'Student Union',35.956923777836E0,-83.9290327927134E0,9)
INSERT INTO CUSTOMER VALUES(3114,'Medical Center',35.957420886283E0,-83.9369852018534E0,10)
INSERT INTO CUSTOMER VALUES(3115,'Appartment 1',35.9622196179923E0,-83.9288965922175E0,11)
INSERT INTO CUSTOMER VALUES(3116,'Appartment 2',35.9570901840705E0,-83.9332374353643E0,12)
INSERT INTO CUSTOMER VALUES(3117,'Appartment 3',35.9576897672776E0,-83.9434285362738E0,13)
INSERT INTO CUSTOMER VALUES(3118,'Starbucks',35.9547789704759E0,-83.9375670568026E0,14)
INSERT INTO CUSTOMER VALUES(3119,'Publix Supermarket',35.9498137276168E0,-83.9396945421729E0,15)
COMMIT
DISCONNECT
/*C12*/SET SCHEMA PUBLIC
DELETE FROM WAREHOUSE WHERE AL_ID=207
INSERT INTO WAREHOUSE VALUES(208,'UT Warehouse',35.946217E0,-83.930501E0,0)
COMMIT
DELETE FROM CUSTOMER WHERE AL_ID=3105
DELETE FROM CUSTOMER WHERE AL_ID=3106
DELETE FROM CUSTOMER WHERE AL_ID=3107
DELETE FROM CUSTOMER WHERE AL_ID=3108
DELETE FROM CUSTOMER WHERE AL_ID=3109
DELETE FROM CUSTOMER WHERE AL_ID=3110
DELETE FROM CUSTOMER WHERE AL_ID=3111
DELETE FROM CUSTOMER WHERE AL_ID=3112
DELETE FROM CUSTOMER WHERE AL_ID=3113
DELETE FROM CUSTOMER WHERE AL_ID=3114
DELETE FROM CUSTOMER WHERE AL_ID=3115
DELETE FROM CUSTOMER WHERE AL_ID=3116
DELETE FROM CUSTOMER WHERE AL_ID=3117
DELETE FROM CUSTOMER WHERE AL_ID=3118
DELETE FROM CUSTOMER WHERE AL_ID=3119
INSERT INTO CUSTOMER VALUES(3120,'John Tickle Enginnering',35.9557686461791E0,-83.9226661860263E0,1)
INSERT INTO CUSTOMER VALUES(3121,'MinKao Building',35.9587257465776E0,-83.9246245540052E0,2)
INSERT INTO CUSTOMER VALUES(3122,'Neyland Stadium',35.9550201931543E0,-83.9250760157039E0,3)
INSERT INTO CUSTOMER VALUES(3123,'Thompson-Boling Arena',35.9511620283886E0,-83.9251083198282E0,4)
INSERT INTO CUSTOMER VALUES(3124,'TRECS',35.9489376638844E0,-83.9342591983735E0,5)
INSERT INTO CUSTOMER VALUES(3125,'Hodges Library',35.954938682045E0,-83.9297978272112E0,6)
INSERT INTO CUSTOMER VALUES(3126,'Mossman Building',35.9590660269475E0,-83.9270076514665E0,7)
INSERT INTO CUSTOMER VALUES(3127,'UT Veterinary Medical Center',35.9454565977154E0,-83.939735903059E0,8)
INSERT INTO CUSTOMER VALUES(3128,'Student Union',35.956923777836E0,-83.9290327927134E0,9)
INSERT INTO CUSTOMER VALUES(3129,'Medical Center',35.957420886283E0,-83.9369852018534E0,10)
INSERT INTO CUSTOMER VALUES(3130,'Appartment 1',35.9622196179923E0,-83.9288965922175E0,11)
INSERT INTO CUSTOMER VALUES(3131,'Appartment 2',35.9570901840705E0,-83.9332374353643E0,12)
INSERT INTO CUSTOMER VALUES(3132,'Appartment 3',35.9576897672776E0,-83.9434285362738E0,13)
INSERT INTO CUSTOMER VALUES(3133,'Starbucks',35.9547789704759E0,-83.9375670568026E0,14)
INSERT INTO CUSTOMER VALUES(3134,'Publix Supermarket',35.9498137276168E0,-83.9396945421729E0,15)
COMMIT
DISCONNECT
/*C13*/SET SCHEMA PUBLIC
DELETE FROM WAREHOUSE WHERE AL_ID=208
INSERT INTO WAREHOUSE VALUES(209,'UT Warehouse',35.946217E0,-83.930501E0,0)
COMMIT
DELETE FROM CUSTOMER WHERE AL_ID=3120
DELETE FROM CUSTOMER WHERE AL_ID=3121
DELETE FROM CUSTOMER WHERE AL_ID=3122
DELETE FROM CUSTOMER WHERE AL_ID=3123
DELETE FROM CUSTOMER WHERE AL_ID=3124
DELETE FROM CUSTOMER WHERE AL_ID=3125
DELETE FROM CUSTOMER WHERE AL_ID=3126
DELETE FROM CUSTOMER WHERE AL_ID=3127
DELETE FROM CUSTOMER WHERE AL_ID=3128
DELETE FROM CUSTOMER WHERE AL_ID=3129
DELETE FROM CUSTOMER WHERE AL_ID=3130
DELETE FROM CUSTOMER WHERE AL_ID=3131
DELETE FROM CUSTOMER WHERE AL_ID=3132
DELETE FROM CUSTOMER WHERE AL_ID=3133
DELETE FROM CUSTOMER WHERE AL_ID=3134
INSERT INTO CUSTOMER VALUES(3135,'John Tickle Enginnering',35.9557686461791E0,-83.9226661860263E0,1)
INSERT INTO CUSTOMER VALUES(3136,'MinKao Building',35.9587257465776E0,-83.9246245540052E0,2)
INSERT INTO CUSTOMER VALUES(3137,'Neyland Stadium',35.9550201931543E0,-83.9250760157039E0,3)
INSERT INTO CUSTOMER VALUES(3138,'Thompson-Boling Arena',35.9511620283886E0,-83.9251083198282E0,4)
INSERT INTO CUSTOMER VALUES(3139,'TRECS',35.9489376638844E0,-83.9342591983735E0,5)
INSERT INTO CUSTOMER VALUES(3140,'Hodges Library',35.954938682045E0,-83.9297978272112E0,6)
INSERT INTO CUSTOMER VALUES(3141,'Mossman Building',35.9590660269475E0,-83.9270076514665E0,7)
INSERT INTO CUSTOMER VALUES(3142,'UT Veterinary Medical Center',35.9454565977154E0,-83.939735903059E0,8)
INSERT INTO CUSTOMER VALUES(3143,'Student Union',35.956923777836E0,-83.9290327927134E0,9)
INSERT INTO CUSTOMER VALUES(3144,'Medical Center',35.957420886283E0,-83.9369852018534E0,10)
INSERT INTO CUSTOMER VALUES(3145,'Appartment 1',35.9622196179923E0,-83.9288965922175E0,11)
INSERT INTO CUSTOMER VALUES(3146,'Appartment 2',35.9570901840705E0,-83.9332374353643E0,12)
INSERT INTO CUSTOMER VALUES(3147,'Appartment 3',35.9576897672776E0,-83.9434285362738E0,13)
INSERT INTO CUSTOMER VALUES(3148,'Starbucks',35.9547789704759E0,-83.9375670568026E0,14)
INSERT INTO CUSTOMER VALUES(3149,'Publix Supermarket',35.9498137276168E0,-83.9396945421729E0,15)
COMMIT
DISCONNECT
/*C14*/SET SCHEMA PUBLIC
DELETE FROM WAREHOUSE WHERE AL_ID=209
INSERT INTO WAREHOUSE VALUES(210,'UT Warehouse',35.946217E0,-83.930501E0,0)
COMMIT
DELETE FROM CUSTOMER WHERE AL_ID=3135
DELETE FROM CUSTOMER WHERE AL_ID=3136
DELETE FROM CUSTOMER WHERE AL_ID=3137
DELETE FROM CUSTOMER WHERE AL_ID=3138
DELETE FROM CUSTOMER WHERE AL_ID=3139
DELETE FROM CUSTOMER WHERE AL_ID=3140
DELETE FROM CUSTOMER WHERE AL_ID=3141
DELETE FROM CUSTOMER WHERE AL_ID=3142
DELETE FROM CUSTOMER WHERE AL_ID=3143
DELETE FROM CUSTOMER WHERE AL_ID=3144
DELETE FROM CUSTOMER WHERE AL_ID=3145
DELETE FROM CUSTOMER WHERE AL_ID=3146
DELETE FROM CUSTOMER WHERE AL_ID=3147
DELETE FROM CUSTOMER WHERE AL_ID=3148
DELETE FROM CUSTOMER WHERE AL_ID=3149
INSERT INTO CUSTOMER VALUES(3150,'John Tickle Enginnering',35.9557686461791E0,-83.9226661860263E0,1)
INSERT INTO CUSTOMER VALUES(3151,'MinKao Building',35.9587257465776E0,-83.9246245540052E0,2)
INSERT INTO CUSTOMER VALUES(3152,'Neyland Stadium',35.9550201931543E0,-83.9250760157039E0,3)
INSERT INTO CUSTOMER VALUES(3153,'Thompson-Boling Arena',35.9511620283886E0,-83.9251083198282E0,4)
INSERT INTO CUSTOMER VALUES(3154,'TRECS',35.9489376638844E0,-83.9342591983735E0,5)
INSERT INTO CUSTOMER VALUES(3155,'Hodges Library',35.954938682045E0,-83.9297978272112E0,6)
INSERT INTO CUSTOMER VALUES(3156,'Mossman Building',35.9590660269475E0,-83.9270076514665E0,7)
INSERT INTO CUSTOMER VALUES(3157,'UT Veterinary Medical Center',35.9454565977154E0,-83.939735903059E0,8)
INSERT INTO CUSTOMER VALUES(3158,'Student Union',35.956923777836E0,-83.9290327927134E0,9)
INSERT INTO CUSTOMER VALUES(3159,'Medical Center',35.957420886283E0,-83.9369852018534E0,10)
INSERT INTO CUSTOMER VALUES(3160,'Appartment 1',35.9622196179923E0,-83.9288965922175E0,11)
INSERT INTO CUSTOMER VALUES(3161,'Appartment 2',35.9570901840705E0,-83.9332374353643E0,12)
INSERT INTO CUSTOMER VALUES(3162,'Appartment 3',35.9576897672776E0,-83.9434285362738E0,13)
INSERT INTO CUSTOMER VALUES(3163,'Starbucks',35.9547789704759E0,-83.9375670568026E0,14)
INSERT INTO CUSTOMER VALUES(3164,'Publix Supermarket',35.9498137276168E0,-83.9396945421729E0,15)
COMMIT
DISCONNECT
/*C15*/SET SCHEMA PUBLIC
DELETE FROM WAREHOUSE WHERE AL_ID=210
INSERT INTO WAREHOUSE VALUES(211,'UT Warehouse',35.946217E0,-83.930501E0,0)
COMMIT
DELETE FROM CUSTOMER WHERE AL_ID=3150
DELETE FROM CUSTOMER WHERE AL_ID=3151
DELETE FROM CUSTOMER WHERE AL_ID=3152
DELETE FROM CUSTOMER WHERE AL_ID=3153
DELETE FROM CUSTOMER WHERE AL_ID=3154
DELETE FROM CUSTOMER WHERE AL_ID=3155
DELETE FROM CUSTOMER WHERE AL_ID=3156
DELETE FROM CUSTOMER WHERE AL_ID=3157
DELETE FROM CUSTOMER WHERE AL_ID=3158
DELETE FROM CUSTOMER WHERE AL_ID=3159
DELETE FROM CUSTOMER WHERE AL_ID=3160
DELETE FROM CUSTOMER WHERE AL_ID=3161
DELETE FROM CUSTOMER WHERE AL_ID=3162
DELETE FROM CUSTOMER WHERE AL_ID=3163
DELETE FROM CUSTOMER WHERE AL_ID=3164
INSERT INTO CUSTOMER VALUES(3165,'John Tickle Enginnering',35.9557686461791E0,-83.9226661860263E0,1)
INSERT INTO CUSTOMER VALUES(3166,'MinKao Building',35.9587257465776E0,-83.9246245540052E0,2)
INSERT INTO CUSTOMER VALUES(3167,'Neyland Stadium',35.9550201931543E0,-83.9250760157039E0,3)
INSERT INTO CUSTOMER VALUES(3168,'Thompson-Boling Arena',35.9511620283886E0,-83.9251083198282E0,4)
INSERT INTO CUSTOMER VALUES(3169,'TRECS',35.9489376638844E0,-83.9342591983735E0,5)
INSERT INTO CUSTOMER VALUES(3170,'Hodges Library',35.954938682045E0,-83.9297978272112E0,6)
INSERT INTO CUSTOMER VALUES(3171,'Mossman Building',35.9590660269475E0,-83.9270076514665E0,7)
INSERT INTO CUSTOMER VALUES(3172,'UT Veterinary Medical Center',35.9454565977154E0,-83.939735903059E0,8)
INSERT INTO CUSTOMER VALUES(3173,'Student Union',35.956923777836E0,-83.9290327927134E0,9)
INSERT INTO CUSTOMER VALUES(3174,'Medical Center',35.957420886283E0,-83.9369852018534E0,10)
INSERT INTO CUSTOMER VALUES(3175,'Appartment 1',35.9622196179923E0,-83.9288965922175E0,11)
INSERT INTO CUSTOMER VALUES(3176,'Appartment 2',35.9570901840705E0,-83.9332374353643E0,12)
INSERT INTO CUSTOMER VALUES(3177,'Appartment 3',35.9576897672776E0,-83.9434285362738E0,13)
INSERT INTO CUSTOMER VALUES(3178,'Starbucks',35.9547789704759E0,-83.9375670568026E0,14)
INSERT INTO CUSTOMER VALUES(3179,'Publix Supermarket',35.9498137276168E0,-83.9396945421729E0,15)
COMMIT
DISCONNECT
/*C16*/SET SCHEMA PUBLIC
DELETE FROM WAREHOUSE WHERE AL_ID=211
INSERT INTO WAREHOUSE VALUES(212,'UT Warehouse',35.946217E0,-83.930501E0,0)
COMMIT
DELETE FROM CUSTOMER WHERE AL_ID=3165
DELETE FROM CUSTOMER WHERE AL_ID=3166
DELETE FROM CUSTOMER WHERE AL_ID=3167
DELETE FROM CUSTOMER WHERE AL_ID=3168
DELETE FROM CUSTOMER WHERE AL_ID=3169
DELETE FROM CUSTOMER WHERE AL_ID=3170
DELETE FROM CUSTOMER WHERE AL_ID=3171
DELETE FROM CUSTOMER WHERE AL_ID=3172
DELETE FROM CUSTOMER WHERE AL_ID=3173
DELETE FROM CUSTOMER WHERE AL_ID=3174
DELETE FROM CUSTOMER WHERE AL_ID=3175
DELETE FROM CUSTOMER WHERE AL_ID=3176
DELETE FROM CUSTOMER WHERE AL_ID=3177
DELETE FROM CUSTOMER WHERE AL_ID=3178
DELETE FROM CUSTOMER WHERE AL_ID=3179
INSERT INTO CUSTOMER VALUES(3180,'John Tickle Enginnering',35.9557686461791E0,-83.9226661860263E0,1)
INSERT INTO CUSTOMER VALUES(3181,'MinKao Building',35.9587257465776E0,-83.9246245540052E0,2)
INSERT INTO CUSTOMER VALUES(3182,'Neyland Stadium',35.9550201931543E0,-83.9250760157039E0,3)
INSERT INTO CUSTOMER VALUES(3183,'Thompson-Boling Arena',35.9511620283886E0,-83.9251083198282E0,4)
INSERT INTO CUSTOMER VALUES(3184,'TRECS',35.9489376638844E0,-83.9342591983735E0,5)
INSERT INTO CUSTOMER VALUES(3185,'Hodges Library',35.954938682045E0,-83.9297978272112E0,6)
INSERT INTO CUSTOMER VALUES(3186,'Mossman Building',35.9590660269475E0,-83.9270076514665E0,7)
INSERT INTO CUSTOMER VALUES(3187,'UT Veterinary Medical Center',35.9454565977154E0,-83.939735903059E0,8)
INSERT INTO CUSTOMER VALUES(3188,'Student Union',35.956923777836E0,-83.9290327927134E0,9)
INSERT INTO CUSTOMER VALUES(3189,'Medical Center',35.957420886283E0,-83.9369852018534E0,10)
INSERT INTO CUSTOMER VALUES(3190,'Appartment 1',35.9622196179923E0,-83.9288965922175E0,11)
INSERT INTO CUSTOMER VALUES(3191,'Appartment 2',35.9570901840705E0,-83.9332374353643E0,12)
INSERT INTO CUSTOMER VALUES(3192,'Appartment 3',35.9576897672776E0,-83.9434285362738E0,13)
INSERT INTO CUSTOMER VALUES(3193,'Starbucks',35.9547789704759E0,-83.9375670568026E0,14)
INSERT INTO CUSTOMER VALUES(3194,'Publix Supermarket',35.9498137276168E0,-83.9396945421729E0,15)
COMMIT
DISCONNECT
