/*C2*/SET SCHEMA PUBLIC
DELETE FROM DATA WHERE AL_ID=64226
DELETE FROM DATA WHERE AL_ID=64227
DELETE FROM DATA WHERE AL_ID=64228
DELETE FROM DATA WHERE AL_ID=64229
DELETE FROM DATA WHERE AL_ID=64230
DELETE FROM DATA WHERE AL_ID=64231
DELETE FROM DATA WHERE AL_ID=64232
DELETE FROM DATA WHERE AL_ID=64233
DELETE FROM DATA WHERE AL_ID=64234
DELETE FROM DATA WHERE AL_ID=64235
DELETE FROM DATA WHERE AL_ID=64236
DELETE FROM DATA WHERE AL_ID=64237
DELETE FROM DATA WHERE AL_ID=64238
DELETE FROM DATA WHERE AL_ID=64239
DELETE FROM DATA WHERE AL_ID=64240
DELETE FROM DATA WHERE AL_ID=64241
DELETE FROM DATA WHERE AL_ID=64242
INSERT INTO DATA VALUES(64243,35.54525E0,-89.19731E0,'2023-11-28 0224','n','N','1.0')
INSERT INTO DATA VALUES(64244,35.649E0,-89.93259E0,'2023-11-28 0224','n','N','1.0')
INSERT INTO DATA VALUES(64245,35.64947E0,-89.93701E0,'2023-11-28 0224','n','N','1.0')
INSERT INTO DATA VALUES(64246,35.72884E0,-88.812E0,'2023-11-28 0224','n','N','1.0')
INSERT INTO DATA VALUES(64247,35.79304E0,-86.83127E0,'2023-11-28 0224','n','N','1.0')
INSERT INTO DATA VALUES(64248,35.79462E0,-86.31727E0,'2023-11-28 0224','n','N','1.0')
INSERT INTO DATA VALUES(64249,35.89309E0,-89.78275E0,'2023-11-28 0224','n','N','1.0')
INSERT INTO DATA VALUES(64250,35.89715E0,-89.7821E0,'2023-11-28 0224','n','N','1.0')
INSERT INTO DATA VALUES(64251,35.93577E0,-86.37772E0,'2023-11-28 0224','n','N','1.0')
INSERT INTO DATA VALUES(64252,35.98048E0,-83.95808E0,'2023-11-28 0224','n','N','1.0')
INSERT INTO DATA VALUES(64253,35.9903E0,-88.61567E0,'2023-11-28 0224','n','N','1.0')
INSERT INTO DATA VALUES(64254,36.03628E0,-87.98334E0,'2023-11-28 0224','n','N','1.0')
INSERT INTO DATA VALUES(64255,36.24762E0,-88.61037E0,'2023-11-28 0224','n','N','1.0')
INSERT INTO DATA VALUES(64256,36.62609E0,-85.41324E0,'2023-11-28 0224','n','N','1.0')
INSERT INTO DATA VALUES(64257,36.67723E0,-88.10234E0,'2023-11-28 0224','n','N','1.0')
INSERT INTO DATA VALUES(64258,35.04598E0,-90.16477E0,'2023-11-28 0226','n','N','1.0')
INSERT INTO DATA VALUES(64259,35.04708E0,-90.16628E0,'2023-11-28 0226','n','N','1.0')
COMMIT
DISCONNECT
