/*C2*/SET SCHEMA PUBLIC
DELETE FROM DISTRIBUTORS WHERE AL_ID=88
DELETE FROM DISTRIBUTORS WHERE AL_ID=89
DELETE FROM DISTRIBUTORS WHERE AL_ID=90
DELETE FROM DISTRIBUTORS WHERE AL_ID=91
DELETE FROM TRUCKS WHERE AL_ID=133
DELETE FROM TRUCKS WHERE AL_ID=134
DELETE FROM TRUCKS WHERE AL_ID=135
DELETE FROM TRUCKS WHERE AL_ID=136
DELETE FROM TRUCKS WHERE AL_ID=137
DELETE FROM TRUCKS WHERE AL_ID=138
INSERT INTO TRUCKS VALUES(133,NULL,'LIGHT',21)
INSERT INTO TRUCKS VALUES(134,NULL,'HEAVY',5)
INSERT INTO TRUCKS VALUES(135,NULL,'LIGHT',51)
INSERT INTO TRUCKS VALUES(136,NULL,'HEAVY',30)
INSERT INTO TRUCKS VALUES(137,NULL,'LIGHT',11)
INSERT INTO TRUCKS VALUES(138,NULL,'LIGHT',3)
INSERT INTO DISTRIBUTORS VALUES(92,'Titan','LOCAL')
INSERT INTO DISTRIBUTORS VALUES(93,'Saturn','REGIONAL')
INSERT INTO DISTRIBUTORS VALUES(94,'Dione','LOCAL')
INSERT INTO DISTRIBUTORS VALUES(95,'Enceladus','LOCAL')
COMMIT
DELETE FROM TRUCKS WHERE AL_ID=133
DELETE FROM TRUCKS WHERE AL_ID=134
DELETE FROM TRUCKS WHERE AL_ID=135
DELETE FROM TRUCKS WHERE AL_ID=136
DELETE FROM TRUCKS WHERE AL_ID=137
DELETE FROM TRUCKS WHERE AL_ID=138
INSERT INTO TRUCKS VALUES(139,'Titan','LIGHT',21)
INSERT INTO TRUCKS VALUES(140,'Titan','HEAVY',5)
INSERT INTO TRUCKS VALUES(141,'Saturn','LIGHT',51)
INSERT INTO TRUCKS VALUES(142,'Saturn','HEAVY',30)
INSERT INTO TRUCKS VALUES(143,'Dione','LIGHT',11)
INSERT INTO TRUCKS VALUES(144,'Enceladus','LIGHT',3)
COMMIT
DISCONNECT
