Set parameter Username
Academic license - for non-commercial use only - expires 2024-10-30
(1778, 15)
(1778, 8)
   LocID  HD  LOW  ...        lat        lon  SUM
0    133   0    1  ...  43.048357 -75.871462    1
1    133   0    1  ...  43.048357 -75.871462    1
2    133   0    1  ...  43.048357 -75.871462    1
3    133   0    1  ...  43.048357 -75.871462    1
4    133   0    1  ...  43.048357 -75.871462    1

[5 rows x 9 columns]
calculation
[[  0.           0.           0.         ... 459.97477715 600.37700213
  472.06364301]
 [  0.           0.           0.         ... 459.97477715 600.37700213
  472.06364301]
 [  0.           0.           0.         ... 459.97477715 600.37700213
  472.06364301]
 ...
 [459.97477715 459.97477715 459.97477715 ...   0.         173.83881249
  774.83247763]
 [600.37700213 600.37700213 600.37700213 ... 173.83881249   0.
  947.36287513]
 [472.06364301 472.06364301 472.06364301 ... 774.83247763 947.36287513
    0.        ]]
Set parameter NonConvex to value 2
Set parameter NumericFocus to value 3
Gurobi Optimizer version 10.0.3 build v10.0.3rc0 (win64)

CPU model: AMD Ryzen 7 5700U with Radeon Graphics, instruction set [SSE2|AVX|AVX2]
Thread count: 8 physical cores, 16 logical processors, using up to 16 threads

Optimize a model with 3163063 rows, 3163062 columns and 9485630 nonzeros
Model fingerprint: 0xba7154f2
Variable types: 0 continuous, 3163062 integer (1778 binary)
Coefficient statistics:
  Matrix range     [1e+00, 1e+00]
  Objective range  [5e+02, 3e+10]
  Bounds range     [1e+00, 1e+00]
  RHS range        [1e+00, 1e+03]
Warning: Model contains large objective coefficients
Found heuristic solution: objective 2.620025e+11
Presolve removed 0 rows and 0 columns (presolve time = 5s) ...
Presolve removed 0 rows and 0 columns (presolve time = 10s) ...
Presolve removed 0 rows and 0 columns (presolve time = 15s) ...
Presolve removed 0 rows and 0 columns (presolve time = 20s) ...
Presolve removed 0 rows and 0 columns (presolve time = 25s) ...
Presolve removed 0 rows and 0 columns (presolve time = 30s) ...
Presolve removed 0 rows and 0 columns (presolve time = 35s) ...
Presolve removed 0 rows and 0 columns (presolve time = 40s) ...
Presolve removed 0 rows and 0 columns (presolve time = 45s) ...
Presolve time: 46.28s
Presolved: 3163063 rows, 3163062 columns, 9485630 nonzeros
Variable types: 0 continuous, 3163062 integer (3163062 binary)
Found heuristic solution: objective 5.759271e+08
Deterministic concurrent LP optimizer: primal simplex, dual simplex, and barrier
Showing barrier log only...

Root barrier log...

Elapsed ordering time = 5s
Elapsed ordering time = 6s
Ordering time: 6.03s

Barrier statistics:
 Dense cols : 1754
 AA' NZ     : 6.983e+06
 Factor NZ  : 3.122e+07 (roughly 3.0 GB of memory)
 Factor Ops : 8.111e+10 (less than 1 second per iteration)
 Threads    : 6

                  Objective                Residual
Iter       Primal          Dual         Primal    Dual     Compl     Time
   0   2.35645513e+17 -1.86653413e+11  1.78e+06 0.00e+00  7.38e+10    77s
   1   2.29833252e+17 -9.67468792e+13  1.74e+06 2.49e-04  7.85e+10    94s
   2   4.11915618e+16 -2.25695379e+14  3.23e+05 5.50e-04  1.58e+10   111s
   3   4.16183400e+15 -2.35778165e+14  3.25e+04 6.84e-04  1.62e+09   127s
   4   4.37534791e+14 -2.22229195e+14  3.39e+03 5.65e-04  1.86e+08   141s
   5   5.50782642e+13 -1.30363418e+14  4.19e+02 5.56e-04  3.07e+07   158s
   6   6.70300831e+12 -2.10715766e+13  4.87e+01 3.50e-04  3.77e+06   173s
   7   7.39773330e+11 -4.84002938e+12  4.83e+00 8.89e-05  6.71e+05   182s
   8   1.29726309e+11 -9.61620853e+11  4.79e-01 2.05e-05  1.22e+05   190s
   9   3.90429746e+10 -2.89337865e+11  4.74e-02 7.29e-06  3.57e+04   200s
  10   1.34877506e+10 -7.16031035e+10  4.70e-03 1.89e-06  9.24e+03   212s
  11   4.83286747e+09 -3.46456749e+10  6.64e-04 8.11e-07  4.29e+03   221s
  12   2.87795457e+09 -1.62809768e+10  3.07e-04 3.89e-07  2.08e+03   228s
  13   1.85075490e+09 -8.68636337e+09  1.72e-04 2.38e-07  1.14e+03   235s
  14   1.28801459e+09 -5.21185823e+09  1.13e-04 2.38e-07  7.06e+02   241s
  15   9.58433595e+08 -2.46901437e+09  8.19e-05 2.38e-07  3.72e+02   251s
  16   6.80377495e+08 -1.16061635e+09  5.54e-05 2.38e-07  2.00e+02   263s

Barrier performed 16 iterations in 262.69 seconds (94.81 work units)
Barrier solve interrupted - model solved by another algorithm

Concurrent spin time: 85.60s (can be avoided by choosing Method=3)

Solved with dual simplex

Root simplex log...

Iteration    Objective       Primal Inf.    Dual Inf.      Time
    5494    1.3906982e+07   0.000000e+00   0.000000e+00    265s

Root relaxation: objective 1.390698e+07, 5494 iterations, 213.64 seconds (71.75 work units)

    Nodes    |    Current Node    |     Objective Bounds      |     Work
 Expl Unexpl |  Obj  Depth IntInf | Incumbent    BestBd   Gap | It/Node Time

*    0     0               0    1.390698e+07 1.3907e+07  0.00%     -  266s

Explored 1 nodes (5494 simplex iterations) in 267.13 seconds (99.90 work units)
Thread count was 16 (of 16 available processors)

Solution count 3: 1.3907e+07 5.75927e+08 2.62002e+11 

Optimal solution found (tolerance 1.00e-04)
Best objective 1.390698242927e+07, best bound 1.390698242927e+07, gap 0.0000%

    Variable            X 
-------------------------
      X[1,0]            1 
      X[1,1]            1 
      X[1,2]            1 
      X[1,3]            1 
      X[1,4]            1 
      X[1,5]            1 
      X[1,6]            1 
      X[1,7]            1 
      X[1,8]            1 
      X[1,9]            1 
     X[1,10]            1 
    X[1,250]            1 
    X[1,266]            1 
    X[1,438]            1 
    X[1,885]            1 
   X[1,1088]            1 
   X[1,1089]            1 
   X[1,1090]            1 
   X[1,1091]            1 
   X[1,1094]            1 
   X[1,1095]            1 
   X[1,1100]            1 
   X[1,1101]            1 
   X[1,1102]            1 
   X[1,1106]            1 
   X[1,1107]            1 
   X[1,1109]            1 
   X[1,1110]            1 
   X[1,1111]            1 
   X[1,1115]            1 
   X[1,1116]            1 
   X[1,1117]            1 
   X[1,1120]            1 
   X[1,1121]            1 
   X[1,1122]            1 
   X[1,1123]            1 
   X[1,1124]            1 
   X[1,1127]            1 
   X[1,1131]            1 
   X[1,1132]            1 
   X[1,1139]            1 
   X[1,1143]            1 
   X[1,1144]            1 
   X[1,1145]            1 
   X[1,1149]            1 
   X[1,1151]            1 
   X[1,1229]            1 
    X[12,11]            1 
    X[12,12]            1 
    X[12,13]            1 
    X[12,14]            1 
    X[12,15]            1 
    X[12,16]            1 
    X[12,17]            1 
    X[12,45]            1 
    X[12,49]            1 
    X[19,18]            1 
    X[19,19]            1 
    X[19,48]            1 
  X[19,1218]            1 
    X[20,20]            1 
    X[20,27]            1 
    X[21,21]            1 
    X[22,22]            1 
    X[22,23]            1 
    X[24,24]            1 
    X[25,25]            1 
    X[26,26]            1 
    X[26,50]            1 
    X[28,28]            1 
    X[29,29]            1 
    X[30,30]            1 
    X[31,31]            1 
    X[32,32]            1 
    X[33,33]            1 
    X[34,34]            1 
    X[35,35]            1 
    X[36,36]            1 
    X[37,37]            1 
    X[38,38]            1 
    X[39,39]            1 
    X[41,41]            1 
    X[42,42]            1 
    X[43,43]            1 
    X[44,44]            1 
    X[46,46]            1 
    X[47,47]            1 
    X[51,51]            1 
    X[52,52]            1 
    X[53,53]            1 
    X[54,54]            1 
    X[55,55]            1 
    X[56,56]            1 
    X[57,57]            1 
    X[58,58]            1 
    X[59,59]            1 
    X[60,60]            1 
    X[61,61]            1 
    X[62,62]            1 
    X[63,63]            1 
    X[64,64]            1 
    X[65,65]            1 
    X[66,66]            1 
    X[67,67]            1 
    X[68,68]            1 
    X[70,69]            1 
    X[70,70]            1 
    X[70,71]            1 
    X[70,72]            1 
    X[70,73]            1 
    X[70,74]            1 
    X[70,75]            1 
    X[70,76]            1 
    X[70,77]            1 
    X[70,78]            1 
    X[70,79]            1 
    X[70,80]            1 
    X[70,81]            1 
    X[70,82]            1 
    X[70,83]            1 
    X[70,84]            1 
    X[70,85]            1 
    X[70,86]            1 
    X[70,87]            1 
    X[70,88]            1 
    X[70,89]            1 
    X[70,90]            1 
    X[70,91]            1 
    X[70,92]            1 
    X[70,93]            1 
    X[70,94]            1 
    X[70,95]            1 
    X[70,96]            1 
    X[70,97]            1 
    X[70,98]            1 
    X[70,99]            1 
   X[70,100]            1 
   X[70,101]            1 
   X[70,102]            1 
   X[70,103]            1 
   X[70,104]            1 
   X[70,105]            1 
   X[70,106]            1 
   X[70,107]            1 
   X[70,108]            1 
   X[70,109]            1 
   X[70,110]            1 
   X[70,111]            1 
   X[70,112]            1 
   X[70,113]            1 
   X[70,114]            1 
   X[70,115]            1 
   X[70,116]            1 
   X[70,117]            1 
   X[70,118]            1 
   X[70,119]            1 
   X[70,120]            1 
   X[70,121]            1 
  X[122,122]            1 
  X[123,123]            1 
  X[123,126]            1 
  X[123,127]            1 
  X[123,129]            1 
  X[123,131]            1 
  X[123,136]            1 
  X[123,137]            1 
  X[123,139]            1 
  X[123,140]            1 
  X[123,142]            1 
  X[123,143]            1 
  X[123,144]            1 
  X[123,146]            1 
  X[123,151]            1 
  X[123,155]            1 
  X[123,156]            1 
  X[123,157]            1 
  X[123,158]            1 
  X[123,160]            1 
  X[123,161]            1 
  X[123,162]            1 
  X[123,163]            1 
  X[123,165]            1 
  X[123,166]            1 
  X[123,167]            1 
  X[123,170]            1 
  X[123,171]            1 
  X[123,173]            1 
  X[123,174]            1 
  X[123,175]            1 
  X[123,176]            1 
  X[123,177]            1 
  X[123,183]            1 
  X[123,185]            1 
  X[123,186]            1 
  X[123,187]            1 
  X[123,188]            1 
  X[123,191]            1 
  X[123,192]            1 
  X[123,195]            1 
  X[123,198]            1 
  X[123,201]            1 
  X[123,202]            1 
  X[123,204]            1 
  X[123,205]            1 
  X[123,206]            1 
  X[123,208]            1 
  X[123,209]            1 
  X[123,211]            1 
  X[123,214]            1 
  X[123,240]            1 
  X[123,246]            1 
  X[123,252]            1 
  X[123,257]            1 
  X[123,260]            1 
  X[123,264]            1 
  X[123,268]            1 
  X[123,773]            1 
  X[123,881]            1 
  X[123,967]            1 
 X[123,1137]            1 
 X[123,1247]            1 
 X[123,1248]            1 
 X[123,1258]            1 
 X[123,1259]            1 
 X[123,1289]            1 
  X[124,124]            1 
  X[124,153]            1 
  X[124,164]            1 
  X[124,181]            1 
  X[124,254]            1 
  X[124,261]            1 
  X[124,270]            1 
 X[124,1593]            1 
 X[124,1596]            1 
 X[124,1597]            1 
 X[124,1599]            1 
 X[124,1602]            1 
 X[124,1603]            1 
 X[124,1604]            1 
  X[125,125]            1 
  X[125,134]            1 
  X[125,138]            1 
  X[125,141]            1 
  X[125,149]            1 
  X[125,152]            1 
  X[125,168]            1 
  X[125,169]            1 
  X[125,178]            1 
  X[125,182]            1 
  X[125,193]            1 
  X[125,194]            1 
  X[125,197]            1 
  X[125,199]            1 
  X[125,200]            1 
  X[125,203]            1 
  X[125,207]            1 
  X[128,128]            1 
 X[128,1678]            1 
  X[130,130]            1 
  X[130,189]            1 
  X[132,132]            1 
  X[132,212]            1 
  X[133,133]            1 
  X[135,135]            1 
  X[145,145]            1 
  X[147,147]            1 
  X[148,148]            1 
  X[150,150]            1 
  X[154,154]            1 
  X[159,159]            1 
  X[172,172]            1 
  X[179,179]            1 
  X[180,180]            1 
  X[184,184]            1 
  X[190,190]            1 
  X[196,196]            1 
  X[210,210]            1 
  X[215,215]            1 
  X[215,218]            1 
  X[215,225]            1 
  X[216,216]            1 
  X[217,217]            1 
  X[219,219]            1 
  X[220,220]            1 
  X[221,221]            1 
  X[222,222]            1 
  X[223,223]            1 
  X[224,224]            1 
  X[226,226]            1 
  X[227,227]            1 
  X[228,228]            1 
  X[229,229]            1 
  X[230,230]            1 
  X[231,231]            1 
  X[232,232]            1 
  X[233,233]            1 
  X[234,234]            1 
  X[235,235]            1 
  X[236,236]            1 
  X[236,238]            1 
  X[236,239]            1 
  X[236,253]            1 
  X[236,256]            1 
  X[236,258]            1 
  X[236,269]            1 
  X[236,271]            1 
  X[236,276]            1 
  X[236,277]            1 
  X[237,237]            1 
  X[237,243]            1 
  X[237,255]            1 
  X[237,445]            1 
  X[237,461]            1 
 X[237,1747]            1 
 X[237,1750]            1 
  X[245,244]            1 
  X[245,245]            1 
  X[245,262]            1 
  X[247,247]            1 
  X[247,275]            1 
  X[248,248]            1 
  X[248,272]            1 
  X[259,259]            1 
  X[263,263]            1 
  X[267,267]            1 
  X[273,273]            1 
  X[274,274]            1 
  X[278,278]            1 
  X[278,282]            1 
  X[278,286]            1 
  X[278,289]            1 
  X[278,290]            1 
  X[278,297]            1 
  X[278,320]            1 
  X[278,327]            1 
  X[278,341]            1 
  X[278,350]            1 
  X[278,357]            1 
  X[278,358]            1 
  X[278,361]            1 
  X[278,365]            1 
  X[278,369]            1 
  X[278,386]            1 
  X[278,409]            1 
  X[278,704]            1 
  X[278,974]            1 
  X[279,279]            1 
  X[279,298]            1 
  X[279,330]            1 
  X[280,280]            1 
  X[280,300]            1 
  X[280,311]            1 
  X[280,324]            1 
  X[280,351]            1 
  X[280,354]            1 
  X[280,370]            1 
  X[280,377]            1 
  X[280,383]            1 
  X[280,395]            1 
  X[281,281]            1 
  X[281,301]            1 
  X[283,283]            1 
  X[284,284]            1 
  X[285,285]            1 
  X[285,310]            1 
  X[287,287]            1 
  X[288,288]            1 
  X[291,291]            1 
  X[292,292]            1 
  X[293,293]            1 
  X[294,294]            1 
  X[295,295]            1 
  X[295,338]            1 
  X[295,364]            1 
  X[296,296]            1 
  X[299,299]            1 
  X[299,339]            1 
  X[302,302]            1 
  X[303,303]            1 
  X[304,304]            1 
  X[305,305]            1 
  X[306,306]            1 
  X[307,307]            1 
  X[308,308]            1 
  X[309,309]            1 
  X[312,312]            1 
  X[313,313]            1 
  X[314,314]            1 
  X[315,315]            1 
  X[316,316]            1 
  X[317,317]            1 
  X[318,318]            1 
  X[319,319]            1 
  X[321,321]            1 
  X[322,322]            1 
  X[323,323]            1 
  X[325,325]            1 
  X[326,326]            1 
  X[328,328]            1 
  X[329,329]            1 
  X[331,331]            1 
  X[332,332]            1 
  X[333,333]            1 
  X[334,334]            1 
  X[335,335]            1 
  X[336,336]            1 
  X[337,337]            1 
  X[340,340]            1 
  X[342,342]            1 
  X[343,343]            1 
  X[344,344]            1 
  X[345,345]            1 
  X[346,346]            1 
  X[347,347]            1 
  X[348,348]            1 
  X[349,349]            1 
  X[352,352]            1 
  X[353,353]            1 
  X[355,355]            1 
  X[356,356]            1 
  X[359,359]            1 
  X[360,360]            1 
  X[362,362]            1 
  X[363,363]            1 
  X[366,366]            1 
  X[367,367]            1 
  X[368,368]            1 
  X[371,371]            1 
  X[372,372]            1 
  X[373,373]            1 
  X[374,374]            1 
  X[375,375]            1 
  X[376,376]            1 
  X[378,378]            1 
  X[379,379]            1 
  X[380,380]            1 
  X[381,381]            1 
  X[382,382]            1 
  X[384,384]            1 
  X[385,385]            1 
  X[387,387]            1 
  X[388,388]            1 
  X[389,389]            1 
  X[390,390]            1 
  X[391,391]            1 
  X[392,392]            1 
  X[393,393]            1 
  X[394,394]            1 
  X[396,396]            1 
  X[397,397]            1 
  X[398,398]            1 
  X[399,399]            1 
  X[400,400]            1 
  X[401,401]            1 
  X[402,402]            1 
  X[403,403]            1 
  X[404,404]            1 
  X[405,405]            1 
  X[406,406]            1 
  X[407,407]            1 
  X[408,408]            1 
  X[410,410]            1 
  X[411,411]            1 
  X[411,437]            1 
  X[417,417]            1 
  X[420,420]            1 
  X[421,421]            1 
  X[422,422]            1 
  X[422,950]            1 
  X[423,423]            1 
  X[424,424]            1 
  X[425,425]            1 
  X[426,426]            1 
  X[427,427]            1 
  X[428,428]            1 
  X[429,429]            1 
  X[430,430]            1 
  X[431,431]            1 
  X[432,432]            1 
  X[433,433]            1 
  X[434,434]            1 
  X[436,436]            1 
  X[436,907]            1 
  X[439,439]            1 
  X[440,440]            1 
  X[441,441]            1 
  X[442,442]            1 
  X[443,443]            1 
  X[444,444]            1 
  X[446,446]            1 
  X[447,447]            1 
  X[448,448]            1 
  X[449,449]            1 
  X[450,450]            1 
  X[450,642]            1 
  X[451,451]            1 
  X[452,452]            1 
  X[453,453]            1 
  X[454,454]            1 
  X[455,455]            1 
  X[456,456]            1 
  X[457,457]            1 
  X[458,458]            1 
  X[459,459]            1 
  X[460,460]            1 
  X[462,462]            1 
  X[463,463]            1 
  X[464,464]            1 
  X[465,465]            1 
  X[466,466]            1 
  X[467,467]            1 
  X[468,468]            1 
  X[469,469]            1 
  X[470,470]            1 
  X[471,471]            1 
  X[472,472]            1 
  X[474,474]            1 
  X[475,475]            1 
  X[476,476]            1 
  X[477,477]            1 
  X[478,478]            1 
  X[479,479]            1 
  X[480,480]            1 
  X[481,481]            1 
  X[482,482]            1 
  X[483,483]            1 
  X[484,484]            1 
  X[485,485]            1 
  X[486,486]            1 
  X[487,487]            1 
  X[488,488]            1 
  X[489,489]            1 
  X[490,490]            1 
  X[491,491]            1 
  X[492,492]            1 
  X[493,493]            1 
  X[494,494]            1 
  X[495,495]            1 
  X[496,496]            1 
  X[497,497]            1 
  X[498,498]            1 
  X[499,499]            1 
  X[500,500]            1 
  X[501,501]            1 
  X[503,503]            1 
  X[504,504]            1 
  X[504,511]            1 
  X[504,525]            1 
  X[504,531]            1 
  X[504,545]            1 
  X[504,567]            1 
  X[504,583]            1 
  X[504,590]            1 
  X[504,615]            1 
  X[504,627]            1 
  X[504,631]            1 
  X[504,658]            1 
  X[504,679]            1 
  X[504,740]            1 
  X[505,505]            1 
  X[506,506]            1 
  X[507,507]            1 
  X[508,508]            1 
  X[508,544]            1 
  X[509,509]            1 
  X[510,510]            1 
  X[512,512]            1 
  X[513,513]            1 
  X[514,514]            1 
  X[515,515]            1 
  X[516,516]            1 
  X[517,517]            1 
  X[518,518]            1 
  X[519,519]            1 
  X[520,520]            1 
  X[521,521]            1 
  X[522,522]            1 
  X[523,523]            1 
  X[524,524]            1 
  X[526,526]            1 
  X[527,527]            1 
  X[528,528]            1 
  X[529,529]            1 
  X[530,530]            1 
  X[532,532]            1 
  X[533,533]            1 
  X[534,534]            1 
  X[535,535]            1 
  X[536,536]            1 
  X[537,537]            1 
  X[538,538]            1 
  X[539,539]            1 
  X[540,540]            1 
  X[541,541]            1 
  X[542,542]            1 
  X[543,543]            1 
  X[546,546]            1 
  X[547,547]            1 
  X[548,548]            1 
  X[549,549]            1 
  X[550,550]            1 
  X[551,551]            1 
  X[552,552]            1 
  X[553,553]            1 
  X[554,554]            1 
  X[555,555]            1 
  X[556,556]            1 
  X[557,557]            1 
  X[558,558]            1 
  X[559,559]            1 
  X[560,560]            1 
  X[561,561]            1 
  X[562,562]            1 
  X[563,563]            1 
  X[564,564]            1 
  X[565,565]            1 
  X[566,566]            1 
  X[568,568]            1 
  X[569,569]            1 
  X[570,570]            1 
  X[571,571]            1 
  X[572,572]            1 
  X[573,573]            1 
  X[574,574]            1 
  X[575,575]            1 
  X[576,576]            1 
  X[577,577]            1 
  X[578,578]            1 
  X[579,579]            1 
  X[580,580]            1 
  X[581,581]            1 
  X[582,582]            1 
  X[584,584]            1 
  X[585,585]            1 
  X[586,586]            1 
  X[587,587]            1 
  X[588,588]            1 
  X[589,589]            1 
  X[591,591]            1 
  X[592,592]            1 
  X[593,593]            1 
  X[594,594]            1 
  X[595,595]            1 
  X[596,596]            1 
  X[597,597]            1 
  X[598,598]            1 
  X[599,599]            1 
  X[600,600]            1 
  X[601,601]            1 
  X[602,602]            1 
  X[603,603]            1 
  X[604,604]            1 
  X[605,605]            1 
  X[606,606]            1 
  X[607,607]            1 
  X[608,608]            1 
  X[609,609]            1 
  X[610,610]            1 
  X[611,611]            1 
  X[612,612]            1 
  X[613,613]            1 
  X[614,614]            1 
  X[616,616]            1 
  X[617,617]            1 
  X[618,618]            1 
  X[619,619]            1 
  X[620,620]            1 
  X[621,621]            1 
  X[622,622]            1 
  X[623,623]            1 
  X[624,624]            1 
  X[625,625]            1 
  X[626,626]            1 
  X[628,628]            1 
  X[629,629]            1 
  X[630,630]            1 
  X[632,632]            1 
  X[633,633]            1 
  X[634,634]            1 
  X[635,635]            1 
  X[636,636]            1 
  X[637,637]            1 
  X[638,638]            1 
  X[639,639]            1 
  X[640,640]            1 
  X[641,641]            1 
  X[643,643]            1 
  X[644,644]            1 
  X[645,645]            1 
  X[646,646]            1 
  X[647,647]            1 
  X[648,648]            1 
  X[649,649]            1 
  X[650,650]            1 
  X[651,651]            1 
  X[652,652]            1 
  X[653,653]            1 
  X[654,654]            1 
  X[655,655]            1 
  X[656,656]            1 
  X[657,657]            1 
  X[659,659]            1 
  X[660,660]            1 
  X[661,661]            1 
  X[662,662]            1 
  X[663,663]            1 
  X[664,664]            1 
  X[665,665]            1 
  X[666,666]            1 
  X[667,667]            1 
  X[668,668]            1 
  X[669,669]            1 
  X[670,670]            1 
  X[671,671]            1 
  X[672,672]            1 
  X[673,673]            1 
  X[674,674]            1 
  X[675,675]            1 
  X[676,676]            1 
  X[677,677]            1 
  X[678,678]            1 
  X[680,680]            1 
  X[681,681]            1 
  X[682,682]            1 
  X[683,683]            1 
  X[683,692]            1 
  X[683,696]            1 
  X[683,698]            1 
  X[683,701]            1 
 X[683,1401]            1 
  X[684,684]            1 
  X[684,685]            1 
  X[684,688]            1 
  X[684,703]            1 
  X[684,717]            1 
  X[684,730]            1 
  X[684,731]            1 
  X[684,745]            1 
  X[684,752]            1 
  X[686,686]            1 
  X[686,695]            1 
  X[686,699]            1 
  X[686,700]            1 
  X[686,760]            1 
  X[687,687]            1 
  X[687,710]            1 
  X[687,720]            1 
  X[687,729]            1 
  X[689,689]            1 
 X[689,1328]            1 
 X[689,1398]            1 
  X[690,690]            1 
  X[690,715]            1 
  X[691,691]            1 
  X[693,693]            1 
  X[693,739]            1 
  X[694,694]            1 
  X[697,697]            1 
  X[705,705]            1 
  X[706,706]            1 
  X[707,707]            1 
  X[708,708]            1 
  X[709,709]            1 
  X[711,711]            1 
  X[712,712]            1 
  X[714,714]            1 
  X[716,716]            1 
  X[718,718]            1 
  X[719,719]            1 
  X[722,722]            1 
  X[723,723]            1 
  X[724,724]            1 
  X[725,502]            1 
  X[725,725]            1 
  X[727,727]            1 
  X[728,728]            1 
  X[732,732]            1 
  X[733,733]            1 
  X[734,734]            1 
  X[735,735]            1 
  X[736,736]            1 
  X[737,737]            1 
  X[738,738]            1 
  X[741,741]            1 
  X[742,742]            1 
  X[743,743]            1 
  X[744,744]            1 
  X[746,746]            1 
  X[747,747]            1 
  X[748,748]            1 
  X[750,750]            1 
  X[751,751]            1 
  X[754,754]            1 
  X[755,755]            1 
  X[756,756]            1 
  X[757,757]            1 
  X[758,758]            1 
  X[759,759]            1 
  X[761,761]            1 
  X[761,789]            1 
  X[761,807]            1 
  X[762,762]            1 
  X[763,763]            1 
  X[764,764]            1 
  X[765,765]            1 
  X[766,766]            1 
  X[767,767]            1 
  X[768,768]            1 
  X[769,769]            1 
  X[770,770]            1 
  X[771,771]            1 
  X[771,811]            1 
  X[771,822]            1 
  X[772,772]            1 
  X[774,774]            1 
  X[775,749]            1 
  X[775,775]            1 
  X[775,853]            1 
  X[776,776]            1 
  X[777,777]            1 
  X[778,778]            1 
  X[779,779]            1 
  X[780,780]            1 
  X[781,781]            1 
  X[781,838]            1 
  X[782,782]            1 
  X[783,783]            1 
  X[784,784]            1 
  X[785,785]            1 
  X[785,855]            1 
  X[785,857]            1 
  X[787,787]            1 
  X[788,788]            1 
  X[790,790]            1 
  X[791,791]            1 
  X[792,792]            1 
  X[793,793]            1 
  X[794,794]            1 
  X[795,795]            1 
  X[796,796]            1 
  X[797,797]            1 
  X[798,798]            1 
  X[799,799]            1 
  X[800,800]            1 
  X[801,801]            1 
  X[802,802]            1 
  X[803,803]            1 
  X[804,804]            1 
  X[805,805]            1 
  X[806,806]            1 
  X[808,808]            1 
  X[810,810]            1 
  X[812,812]            1 
  X[813,813]            1 
  X[814,814]            1 
  X[815,815]            1 
  X[816,816]            1 
  X[817,817]            1 
  X[819,819]            1 
  X[820,820]            1 
  X[823,823]            1 
  X[824,824]            1 
  X[825,825]            1 
  X[826,826]            1 
  X[827,827]            1 
  X[828,828]            1 
  X[829,829]            1 
  X[830,830]            1 
  X[831,831]            1 
  X[832,832]            1 
  X[833,833]            1 
  X[834,834]            1 
  X[835,835]            1 
  X[836,836]            1 
  X[837,837]            1 
  X[839,839]            1 
  X[840,840]            1 
  X[841,841]            1 
  X[842,842]            1 
  X[843,843]            1 
  X[845,845]            1 
  X[846,846]            1 
  X[847,847]            1 
  X[849,849]            1 
  X[850,850]            1 
  X[851,851]            1 
  X[852,852]            1 
  X[854,854]            1 
  X[856,856]            1 
  X[858,858]            1 
  X[859,859]            1 
  X[860,860]            1 
  X[861,861]            1 
  X[862,862]            1 
  X[864,864]            1 
  X[865,865]            1 
  X[866,866]            1 
  X[866,870]            1 
  X[866,872]            1 
  X[866,874]            1 
  X[866,891]            1 
  X[866,909]            1 
  X[866,912]            1 
  X[866,916]            1 
  X[866,922]            1 
  X[866,937]            1 
  X[867,867]            1 
  X[868,868]            1 
  X[869,869]            1 
  X[869,893]            1 
  X[871,871]            1 
  X[873,873]            1 
  X[876,876]            1 
  X[877,877]            1 
  X[877,925]            1 
  X[878,878]            1 
  X[879,879]            1 
  X[880,880]            1 
  X[882,882]            1 
  X[883,883]            1 
  X[884,884]            1 
  X[887,887]            1 
  X[888,888]            1 
  X[889,889]            1 
  X[890,890]            1 
  X[892,892]            1 
  X[894,894]            1 
  X[895,895]            1 
  X[896,896]            1 
  X[897,897]            1 
  X[898,898]            1 
  X[899,899]            1 
  X[901,901]            1 
  X[903,903]            1 
  X[904,904]            1 
  X[906,906]            1 
  X[911,911]            1 
  X[913,913]            1 
  X[914,914]            1 
  X[915,915]            1 
  X[917,917]            1 
  X[918,918]            1 
  X[919,919]            1 
  X[920,920]            1 
  X[923,923]            1 
  X[924,924]            1 
  X[926,926]            1 
  X[927,927]            1 
  X[928,928]            1 
  X[929,929]            1 
  X[931,931]            1 
  X[932,932]            1 
  X[934,934]            1 
  X[936,936]            1 
  X[938,938]            1 
  X[939,939]            1 
  X[940,241]            1 
  X[940,242]            1 
  X[940,249]            1 
  X[940,251]            1 
  X[940,265]            1 
  X[940,412]            1 
  X[940,414]            1 
  X[940,416]            1 
  X[940,702]            1 
  X[940,844]            1 
  X[940,886]            1 
  X[940,940]            1 
  X[940,944]            1 
 X[940,1060]            1 
 X[940,1061]            1 
 X[940,1062]            1 
 X[940,1063]            1 
 X[940,1064]            1 
 X[940,1065]            1 
 X[940,1066]            1 
 X[940,1067]            1 
 X[940,1068]            1 
 X[940,1069]            1 
 X[940,1070]            1 
 X[940,1071]            1 
 X[940,1072]            1 
 X[940,1073]            1 
 X[940,1074]            1 
 X[940,1075]            1 
 X[940,1076]            1 
 X[940,1077]            1 
 X[940,1078]            1 
 X[940,1079]            1 
 X[940,1092]            1 
 X[940,1093]            1 
 X[940,1097]            1 
 X[940,1103]            1 
 X[940,1104]            1 
 X[940,1105]            1 
 X[940,1114]            1 
 X[940,1119]            1 
 X[940,1125]            1 
 X[940,1128]            1 
 X[940,1129]            1 
 X[940,1133]            1 
 X[940,1135]            1 
 X[940,1136]            1 
 X[940,1138]            1 
 X[940,1140]            1 
 X[940,1141]            1 
 X[940,1147]            1 
 X[940,1150]            1 
 X[940,1152]            1 
 X[940,1164]            1 
 X[940,1176]            1 
 X[940,1291]            1 
 X[940,1292]            1 
 X[940,1340]            1 
 X[940,1638]            1 
 X[940,1640]            1 
 X[940,1641]            1 
 X[940,1642]            1 
 X[940,1643]            1 
 X[940,1644]            1 
 X[940,1646]            1 
 X[940,1647]            1 
 X[940,1648]            1 
 X[940,1649]            1 
 X[940,1650]            1 
 X[940,1651]            1 
 X[940,1652]            1 
 X[940,1653]            1 
 X[940,1655]            1 
 X[940,1656]            1 
 X[940,1701]            1 
 X[940,1730]            1 
 X[940,1733]            1 
 X[940,1734]            1 
 X[940,1735]            1 
 X[940,1736]            1 
 X[940,1737]            1 
 X[940,1738]            1 
 X[940,1739]            1 
 X[940,1740]            1 
 X[940,1741]            1 
 X[940,1742]            1 
 X[940,1743]            1 
 X[940,1744]            1 
 X[940,1751]            1 
 X[940,1752]            1 
 X[940,1753]            1 
 X[940,1754]            1 
 X[940,1755]            1 
 X[940,1757]            1 
 X[940,1758]            1 
 X[940,1759]            1 
 X[940,1760]            1 
 X[940,1761]            1 
 X[940,1762]            1 
 X[940,1763]            1 
 X[940,1764]            1 
 X[940,1765]            1 
 X[940,1766]            1 
 X[940,1767]            1 
 X[940,1770]            1 
 X[940,1771]            1 
 X[940,1772]            1 
 X[940,1773]            1 
 X[940,1774]            1 
 X[940,1775]            1 
  X[941,941]            1 
  X[942,942]            1 
  X[943,943]            1 
  X[945,945]            1 
  X[946,946]            1 
  X[947,947]            1 
  X[948,948]            1 
  X[951,951]            1 
  X[952,952]            1 
  X[953,953]            1 
  X[955,955]            1 
  X[956,956]            1 
  X[957,957]            1 
  X[958,958]            1 
  X[960,960]            1 
  X[961,961]            1 
  X[962,962]            1 
  X[964,964]            1 
  X[965,965]            1 
  X[966,966]            1 
  X[968,968]            1 
  X[969,969]            1 
  X[970,970]            1 
 X[970,1142]            1 
  X[971,971]            1 
  X[972,972]            1 
  X[973,973]            1 
  X[975,975]            1 
  X[976,976]            1 
  X[977,977]            1 
  X[978,978]            1 
  X[979,979]            1 
  X[980,980]            1 
  X[981,981]            1 
  X[982,982]            1 
  X[983,963]            1 
  X[983,983]            1 
  X[984,984]            1 
  X[985,985]            1 
  X[986,986]            1 
  X[987,987]            1 
  X[988,988]            1 
  X[989,989]            1 
  X[990,990]            1 
  X[991,991]            1 
  X[992,992]            1 
  X[993,993]            1 
  X[994,994]            1 
  X[995,435]            1 
  X[995,995]            1 
  X[995,996]            1 
  X[995,997]            1 
 X[995,1000]            1 
 X[995,1003]            1 
 X[995,1005]            1 
 X[995,1006]            1 
 X[995,1009]            1 
 X[995,1011]            1 
 X[995,1013]            1 
 X[995,1015]            1 
 X[995,1016]            1 
 X[995,1017]            1 
 X[995,1777]            1 
  X[998,998]            1 
  X[999,999]            1 
X[1001,1001]            1 
X[1004,1004]            1 
X[1007,1007]            1 
X[1012,1012]            1 
X[1014,1014]            1 
X[1020,1020]            1 
X[1021,1021]            1 
X[1022,1022]            1 
X[1023,1023]            1 
X[1024,1024]            1 
X[1025,1025]            1 
X[1026,1026]            1 
X[1027,1027]            1 
X[1028,1028]            1 
X[1029,1029]            1 
X[1030,1030]            1 
X[1031,1031]            1 
X[1032,1032]            1 
X[1033,1033]            1 
X[1034,1034]            1 
X[1035,1035]            1 
X[1036,1036]            1 
X[1037,1037]            1 
X[1038,1038]            1 
X[1039,1039]            1 
X[1040,1040]            1 
X[1041,1041]            1 
X[1042,1042]            1 
X[1043,1043]            1 
X[1044,1044]            1 
X[1045,1045]            1 
X[1046,1046]            1 
X[1047,1047]            1 
X[1048,1048]            1 
X[1048,1238]            1 
X[1049,1049]            1 
X[1050,1050]            1 
X[1051,1051]            1 
X[1052,1052]            1 
X[1053,1053]            1 
X[1054,1054]            1 
X[1055,1055]            1 
X[1056,1056]            1 
X[1057,1057]            1 
X[1058,1058]            1 
X[1059,1059]            1 
X[1080,1080]            1 
X[1080,1748]            1 
X[1081,1081]            1 
X[1082,1082]            1 
X[1083,1083]            1 
X[1084,1084]            1 
X[1085,1085]            1 
X[1086,1086]            1 
X[1087,1087]            1 
 X[1096,959]            1 
X[1096,1096]            1 
X[1096,1113]            1 
 X[1099,821]            1 
X[1099,1099]            1 
X[1099,1635]            1 
X[1099,1636]            1 
X[1118,1118]            1 
X[1153,1153]            1 
X[1154,1154]            1 
X[1155,1155]            1 
X[1156,1156]            1 
X[1157,1157]            1 
X[1158,1158]            1 
X[1159,1159]            1 
X[1160,1160]            1 
 X[1161,933]            1 
X[1161,1161]            1 
X[1161,1504]            1 
X[1161,1514]            1 
X[1161,1518]            1 
X[1161,1524]            1 
X[1161,1526]            1 
X[1161,1529]            1 
X[1161,1702]            1 
X[1162,1162]            1 
X[1163,1163]            1 
X[1163,1314]            1 
X[1163,1317]            1 
X[1165,1165]            1 
X[1166,1166]            1 
X[1167,1167]            1 
X[1168,1168]            1 
X[1169,1169]            1 
X[1170,1170]            1 
X[1171,1171]            1 
X[1172,1172]            1 
X[1173,1173]            1 
X[1174,1174]            1 
X[1175,1175]            1 
X[1177,1177]            1 
X[1178,1178]            1 
X[1179,1179]            1 
X[1180,1180]            1 
X[1181,1181]            1 
X[1182,1182]            1 
X[1183,1183]            1 
X[1184,1184]            1 
X[1185,1185]            1 
X[1186,1186]            1 
X[1187,1187]            1 
X[1188,1188]            1 
X[1189,1189]            1 
X[1189,1545]            1 
X[1190,1190]            1 
X[1191,1191]            1 
X[1192,1192]            1 
X[1193,1193]            1 
X[1194,1194]            1 
X[1195,1195]            1 
X[1196,1196]            1 
X[1197,1197]            1 
X[1198,1198]            1 
X[1199,1199]            1 
X[1200,1200]            1 
X[1201,1201]            1 
X[1202,1202]            1 
X[1203,1203]            1 
X[1204,1204]            1 
X[1205,1205]            1 
X[1205,1206]            1 
X[1207,1207]            1 
X[1208,1208]            1 
X[1209,1209]            1 
X[1210,1210]            1 
X[1211,1211]            1 
X[1212,1212]            1 
X[1213,1213]            1 
X[1214,1214]            1 
X[1215,1215]            1 
X[1216,1216]            1 
X[1217,1217]            1 
X[1219,1219]            1 
X[1220,1220]            1 
 X[1221,875]            1 
 X[1221,900]            1 
 X[1221,902]            1 
 X[1221,905]            1 
 X[1221,908]            1 
 X[1221,910]            1 
 X[1221,921]            1 
 X[1221,930]            1 
 X[1221,935]            1 
 X[1221,954]            1 
X[1221,1221]            1 
X[1221,1222]            1 
X[1221,1226]            1 
X[1221,1227]            1 
X[1221,1230]            1 
X[1221,1233]            1 
X[1221,1234]            1 
X[1221,1235]            1 
X[1221,1236]            1 
X[1221,1240]            1 
X[1221,1242]            1 
X[1221,1243]            1 
X[1221,1244]            1 
X[1221,1245]            1 
X[1221,1246]            1 
X[1221,1249]            1 
X[1221,1250]            1 
X[1221,1251]            1 
X[1221,1256]            1 
X[1221,1262]            1 
X[1221,1263]            1 
X[1221,1266]            1 
X[1221,1267]            1 
X[1221,1268]            1 
X[1221,1269]            1 
X[1221,1277]            1 
X[1221,1284]            1 
X[1221,1288]            1 
X[1221,1508]            1 
X[1221,1510]            1 
X[1221,1511]            1 
X[1221,1513]            1 
X[1221,1517]            1 
X[1221,1519]            1 
X[1221,1520]            1 
X[1221,1525]            1 
X[1221,1527]            1 
X[1221,1528]            1 
X[1221,1639]            1 
X[1223,1223]            1 
X[1223,1255]            1 
X[1224,1002]            1 
X[1224,1008]            1 
X[1224,1010]            1 
X[1224,1018]            1 
X[1224,1224]            1 
X[1225,1225]            1 
X[1228,1228]            1 
X[1228,1272]            1 
X[1228,1274]            1 
X[1228,1275]            1 
X[1228,1280]            1 
X[1231,1231]            1 
X[1231,1271]            1 
X[1237,1237]            1 
X[1239,1239]            1 
X[1241,1241]            1 
X[1252,1252]            1 
X[1253,1253]            1 
X[1254,1254]            1 
X[1257,1257]            1 
X[1260,1260]            1 
X[1261,1261]            1 
X[1261,1634]            1 
X[1264,1264]            1 
X[1265,1265]            1 
X[1270,1270]            1 
X[1273,1273]            1 
X[1278,1278]            1 
X[1279,1279]            1 
X[1281,1281]            1 
X[1282,1282]            1 
X[1283,1283]            1 
X[1285,1285]            1 
X[1286,1286]            1 
X[1287,1287]            1 
 X[1290,413]            1 
 X[1290,415]            1 
 X[1290,419]            1 
 X[1290,753]            1 
 X[1290,949]            1 
X[1290,1098]            1 
X[1290,1108]            1 
X[1290,1112]            1 
X[1290,1126]            1 
X[1290,1130]            1 
X[1290,1134]            1 
X[1290,1146]            1 
X[1290,1148]            1 
X[1290,1290]            1 
X[1290,1645]            1 
X[1293,1293]            1 
X[1293,1295]            1 
X[1294,1294]            1 
X[1296,1296]            1 
X[1297,1297]            1 
X[1298,1298]            1 
X[1299,1299]            1 
X[1300,1300]            1 
X[1301,1301]            1 
X[1302,1302]            1 
X[1303,1303]            1 
X[1304,1304]            1 
X[1305,1305]            1 
X[1306,1306]            1 
X[1307,1307]            1 
X[1308,1308]            1 
X[1309,1309]            1 
X[1310,1310]            1 
X[1311,1311]            1 
X[1312,1312]            1 
X[1313,1313]            1 
X[1315,1315]            1 
X[1316,1316]            1 
X[1318,1318]            1 
X[1319,1319]            1 
X[1320,1320]            1 
X[1321,1321]            1 
 X[1322,726]            1 
X[1322,1322]            1 
X[1322,1368]            1 
X[1322,1384]            1 
X[1322,1393]            1 
X[1323,1323]            1 
X[1324,1324]            1 
X[1325,1325]            1 
X[1326,1326]            1 
X[1326,1369]            1 
X[1326,1378]            1 
X[1327,1327]            1 
X[1329,1329]            1 
X[1330,1330]            1 
X[1330,1391]            1 
X[1331,1331]            1 
X[1331,1387]            1 
X[1332,1332]            1 
X[1333,1333]            1 
X[1334,1334]            1 
X[1335,1335]            1 
X[1336,1336]            1 
X[1337,1337]            1 
X[1338,1338]            1 
X[1339,1339]            1 
X[1341,1341]            1 
X[1343,1343]            1 
X[1344,1344]            1 
X[1345,1345]            1 
X[1346,1346]            1 
X[1347,1347]            1 
X[1348,1348]            1 
X[1349,1349]            1 
X[1350,1350]            1 
X[1351,1351]            1 
X[1352,1352]            1 
X[1353,1353]            1 
X[1354,1354]            1 
X[1355,1355]            1 
X[1356,1356]            1 
X[1357,1357]            1 
X[1358,1358]            1 
X[1359,1359]            1 
X[1360,1360]            1 
X[1361,1361]            1 
X[1362,1362]            1 
X[1363,1363]            1 
X[1364,1364]            1 
X[1365,1365]            1 
X[1366,1366]            1 
X[1367,1367]            1 
X[1370,1370]            1 
X[1371,1371]            1 
X[1372,1372]            1 
X[1373,1373]            1 
X[1374,1374]            1 
X[1375,1375]            1 
X[1376,1376]            1 
X[1377,1377]            1 
X[1379,1379]            1 
X[1380,1380]            1 
X[1381,1381]            1 
X[1382,1382]            1 
X[1383,1383]            1 
X[1385,1385]            1 
X[1386,1386]            1 
X[1388,1388]            1 
X[1389,1389]            1 
X[1390,1390]            1 
X[1392,1392]            1 
X[1394,1394]            1 
X[1395,1395]            1 
X[1396,1396]            1 
X[1397,1397]            1 
X[1399,1399]            1 
X[1400,1400]            1 
X[1402,1402]            1 
X[1403,1403]            1 
X[1404,1404]            1 
X[1405,1405]            1 
X[1406,1406]            1 
X[1407,1407]            1 
X[1408,1408]            1 
X[1409,1409]            1 
X[1410,1410]            1 
X[1411,1411]            1 
X[1412,1412]            1 
X[1413,1413]            1 
X[1414,1414]            1 
X[1414,1430]            1 
X[1415,1415]            1 
X[1416,1416]            1 
X[1417,1417]            1 
X[1418,1418]            1 
X[1419,1419]            1 
X[1420,1420]            1 
X[1421,1421]            1 
X[1422,1422]            1 
X[1423,1423]            1 
X[1424,1424]            1 
X[1425,1425]            1 
X[1426,1426]            1 
X[1427,1427]            1 
X[1428,1428]            1 
X[1429,1429]            1 
X[1431,1431]            1 
X[1432,1432]            1 
X[1433,1433]            1 
X[1434,1434]            1 
X[1435,1435]            1 
X[1436,1436]            1 
X[1437,1437]            1 
X[1438,1438]            1 
X[1439,1439]            1 
X[1440,1440]            1 
X[1441,1441]            1 
X[1442,1442]            1 
X[1443,1443]            1 
X[1444,1444]            1 
X[1445,1445]            1 
X[1446,1446]            1 
X[1447,1447]            1 
X[1448,1448]            1 
X[1449,1449]            1 
X[1450,1450]            1 
X[1451,1451]            1 
X[1452,1452]            1 
X[1452,1460]            1 
X[1453,1453]            1 
X[1454,1454]            1 
 X[1455,721]            1 
X[1455,1455]            1 
X[1455,1459]            1 
X[1456,1456]            1 
X[1457,1457]            1 
X[1458,1458]            1 
X[1461,1461]            1 
X[1462,1462]            1 
X[1463,1463]            1 
X[1464,1464]            1 
X[1465,1465]            1 
X[1466,1466]            1 
X[1467,1467]            1 
X[1468,1468]            1 
X[1469,1469]            1 
X[1470,1470]            1 
X[1471,1471]            1 
X[1472,1472]            1 
X[1473,1473]            1 
X[1474,1474]            1 
X[1475,1475]            1 
X[1476,1476]            1 
X[1477,1477]            1 
X[1477,1483]            1 
X[1478,1478]            1 
X[1478,1497]            1 
X[1479,1479]            1 
X[1480,1480]            1 
X[1481,1481]            1 
X[1482,1482]            1 
X[1484,1484]            1 
X[1485,1485]            1 
X[1486,1486]            1 
X[1487,1487]            1 
X[1488,1488]            1 
X[1489,1489]            1 
X[1490,1490]            1 
X[1491,1491]            1 
X[1492,1492]            1 
X[1493,1493]            1 
X[1494,1494]            1 
X[1495,1495]            1 
X[1496,1496]            1 
X[1498,1498]            1 
X[1499,1499]            1 
X[1500,1500]            1 
X[1501,1501]            1 
X[1502,1502]            1 
 X[1503,786]            1 
X[1503,1232]            1 
X[1503,1503]            1 
X[1505,1505]            1 
X[1506,1019]            1 
X[1506,1506]            1 
X[1507,1507]            1 
X[1507,1521]            1 
X[1507,1522]            1 
X[1509,1509]            1 
X[1512,1512]            1 
X[1515,1515]            1 
X[1516,1516]            1 
X[1523,1523]            1 
X[1530,1530]            1 
X[1531,1531]            1 
X[1532,1532]            1 
X[1533,1533]            1 
X[1534,1534]            1 
X[1535,1535]            1 
X[1536,1536]            1 
  X[1537,40]            1 
X[1537,1537]            1 
X[1538,1538]            1 
X[1539,1539]            1 
X[1540,1540]            1 
X[1541,1541]            1 
X[1542,1542]            1 
X[1543,1543]            1 
X[1544,1544]            1 
X[1546,1546]            1 
X[1547,1547]            1 
X[1548,1548]            1 
X[1549,1549]            1 
X[1550,1550]            1 
X[1551,1551]            1 
X[1552,1552]            1 
X[1553,1553]            1 
X[1554,1554]            1 
X[1555,1555]            1 
X[1556,1556]            1 
X[1557,1557]            1 
X[1558,1558]            1 
X[1559,1559]            1 
X[1560,1560]            1 
X[1561,1561]            1 
X[1562,1562]            1 
X[1563,1563]            1 
X[1564,1564]            1 
X[1565,1565]            1 
X[1566,1566]            1 
X[1567,1567]            1 
X[1568,1568]            1 
X[1569,1569]            1 
X[1570,1570]            1 
X[1571,1571]            1 
X[1572,1572]            1 
X[1573,1573]            1 
X[1574,1574]            1 
X[1575,1575]            1 
X[1576,1576]            1 
X[1577,1577]            1 
X[1578,1578]            1 
X[1579,1579]            1 
X[1580,1580]            1 
X[1581,1581]            1 
X[1582,1582]            1 
X[1583,1583]            1 
X[1584,1584]            1 
X[1585,1585]            1 
X[1586,1586]            1 
X[1587,1587]            1 
X[1588,1588]            1 
X[1589,1276]            1 
X[1589,1589]            1 
X[1589,1592]            1 
X[1589,1594]            1 
X[1589,1595]            1 
X[1589,1598]            1 
X[1589,1600]            1 
X[1589,1658]            1 
X[1589,1661]            1 
X[1590,1590]            1 
X[1591,1591]            1 
X[1601,1601]            1 
X[1605,1605]            1 
X[1606,1606]            1 
X[1607,1607]            1 
X[1608,1608]            1 
X[1609,1609]            1 
X[1610,1610]            1 
X[1611,1611]            1 
X[1612,1612]            1 
X[1613,1613]            1 
X[1614,1614]            1 
X[1615,1615]            1 
X[1616,1616]            1 
X[1617,1617]            1 
X[1618,1618]            1 
X[1619,1619]            1 
X[1620,1620]            1 
X[1621,1621]            1 
X[1622,1622]            1 
X[1623,1623]            1 
X[1624,1624]            1 
X[1625,1625]            1 
X[1626,1626]            1 
X[1627,1627]            1 
X[1628,1628]            1 
X[1629,1629]            1 
X[1630,1630]            1 
X[1631,1631]            1 
X[1632,1632]            1 
X[1633,1633]            1 
X[1654,1654]            1 
 X[1657,213]            1 
 X[1657,713]            1 
X[1657,1657]            1 
X[1657,1685]            1 
X[1659,1659]            1 
X[1660,1660]            1 
X[1660,1662]            1 
X[1663,1342]            1 
X[1663,1663]            1 
X[1664,1664]            1 
X[1665,1665]            1 
X[1666,1666]            1 
X[1667,1667]            1 
X[1668,1668]            1 
X[1669,1669]            1 
X[1670,1670]            1 
X[1671,1671]            1 
X[1672,1672]            1 
X[1673,1673]            1 
X[1674,1674]            1 
X[1675,1675]            1 
X[1676,1676]            1 
X[1677,1677]            1 
X[1679,1679]            1 
X[1680,1680]            1 
X[1681,1681]            1 
X[1682,1682]            1 
X[1683,1683]            1 
X[1684,1684]            1 
X[1686,1686]            1 
 X[1687,473]            1 
X[1687,1687]            1 
X[1688,1688]            1 
X[1689,1689]            1 
 X[1690,418]            1 
X[1690,1690]            1 
X[1691,1691]            1 
X[1692,1692]            1 
X[1693,1693]            1 
X[1694,1694]            1 
X[1695,1695]            1 
X[1696,1696]            1 
X[1697,1697]            1 
X[1698,1698]            1 
X[1699,1699]            1 
X[1700,1700]            1 
X[1703,1703]            1 
X[1704,1704]            1 
X[1705,1705]            1 
X[1706,1706]            1 
X[1707,1707]            1 
X[1708,1708]            1 
X[1709,1709]            1 
X[1710,1710]            1 
X[1711,1711]            1 
X[1712,1712]            1 
X[1713,1713]            1 
X[1714,1714]            1 
X[1715,1715]            1 
X[1716,1716]            1 
X[1717,1717]            1 
X[1718,1718]            1 
X[1719,1719]            1 
X[1720,1720]            1 
X[1721,1721]            1 
X[1722,1722]            1 
X[1723,1723]            1 
X[1724,1724]            1 
X[1725,1725]            1 
X[1726,1726]            1 
X[1727,1727]            1 
X[1728,1728]            1 
X[1729,1729]            1 
X[1731,1731]            1 
 X[1732,809]            1 
 X[1732,818]            1 
 X[1732,848]            1 
 X[1732,863]            1 
X[1732,1637]            1 
X[1732,1732]            1 
X[1745,1745]            1 
X[1746,1746]            1 
X[1749,1749]            1 
X[1756,1756]            1 
X[1768,1768]            1 
X[1768,1776]            1 
X[1769,1769]            1 
        Y[1]            1 
       Y[12]            1 
       Y[19]            1 
       Y[20]            1 
       Y[21]            1 
       Y[22]            1 
       Y[24]            1 
       Y[25]            1 
       Y[26]            1 
       Y[28]            1 
       Y[29]            1 
       Y[30]            1 
       Y[31]            1 
       Y[32]            1 
       Y[33]            1 
       Y[34]            1 
       Y[35]            1 
       Y[36]            1 
       Y[37]            1 
       Y[38]            1 
       Y[39]            1 
       Y[41]            1 
       Y[42]            1 
       Y[43]            1 
       Y[44]            1 
       Y[46]            1 
       Y[47]            1 
       Y[51]            1 
       Y[52]            1 
       Y[53]            1 
       Y[54]            1 
       Y[55]            1 
       Y[56]            1 
       Y[57]            1 
       Y[58]            1 
       Y[59]            1 
       Y[60]            1 
       Y[61]            1 
       Y[62]            1 
       Y[63]            1 
       Y[64]            1 
       Y[65]            1 
       Y[66]            1 
       Y[67]            1 
       Y[68]            1 
       Y[70]            1 
      Y[122]            1 
      Y[123]            1 
      Y[124]            1 
      Y[125]            1 
      Y[128]            1 
      Y[130]            1 
      Y[132]            1 
      Y[133]            1 
      Y[135]            1 
      Y[145]            1 
      Y[147]            1 
      Y[148]            1 
      Y[150]            1 
      Y[154]            1 
      Y[159]            1 
      Y[172]            1 
      Y[179]            1 
      Y[180]            1 
      Y[184]            1 
      Y[190]            1 
      Y[196]            1 
      Y[210]            1 
      Y[215]            1 
      Y[216]            1 
      Y[217]            1 
      Y[219]            1 
      Y[220]            1 
      Y[221]            1 
      Y[222]            1 
      Y[223]            1 
      Y[224]            1 
      Y[226]            1 
      Y[227]            1 
      Y[228]            1 
      Y[229]            1 
      Y[230]            1 
      Y[231]            1 
      Y[232]            1 
      Y[233]            1 
      Y[234]            1 
      Y[235]            1 
      Y[236]            1 
      Y[237]            1 
      Y[245]            1 
      Y[247]            1 
      Y[248]            1 
      Y[259]            1 
      Y[263]            1 
      Y[267]            1 
      Y[273]            1 
      Y[274]            1 
      Y[278]            1 
      Y[279]            1 
      Y[280]            1 
      Y[281]            1 
      Y[283]            1 
      Y[284]            1 
      Y[285]            1 
      Y[287]            1 
      Y[288]            1 
      Y[291]            1 
      Y[292]            1 
      Y[293]            1 
      Y[294]            1 
      Y[295]            1 
      Y[296]            1 
      Y[299]            1 
      Y[302]            1 
      Y[303]            1 
      Y[304]            1 
      Y[305]            1 
      Y[306]            1 
      Y[307]            1 
      Y[308]            1 
      Y[309]            1 
      Y[312]            1 
      Y[313]            1 
      Y[314]            1 
      Y[315]            1 
      Y[316]            1 
      Y[317]            1 
      Y[318]            1 
      Y[319]            1 
      Y[321]            1 
      Y[322]            1 
      Y[323]            1 
      Y[325]            1 
      Y[326]            1 
      Y[328]            1 
      Y[329]            1 
      Y[331]            1 
      Y[332]            1 
      Y[333]            1 
      Y[334]            1 
      Y[335]            1 
      Y[336]            1 
      Y[337]            1 
      Y[340]            1 
      Y[342]            1 
      Y[343]            1 
      Y[344]            1 
      Y[345]            1 
      Y[346]            1 
      Y[347]            1 
      Y[348]            1 
      Y[349]            1 
      Y[352]            1 
      Y[353]            1 
      Y[355]            1 
      Y[356]            1 
      Y[359]            1 
      Y[360]            1 
      Y[362]            1 
      Y[363]            1 
      Y[366]            1 
      Y[367]            1 
      Y[368]            1 
      Y[371]            1 
      Y[372]            1 
      Y[373]            1 
      Y[374]            1 
      Y[375]            1 
      Y[376]            1 
      Y[378]            1 
      Y[379]            1 
      Y[380]            1 
      Y[381]            1 
      Y[382]            1 
      Y[384]            1 
      Y[385]            1 
      Y[387]            1 
      Y[388]            1 
      Y[389]            1 
      Y[390]            1 
      Y[391]            1 
      Y[392]            1 
      Y[393]            1 
      Y[394]            1 
      Y[396]            1 
      Y[397]            1 
      Y[398]            1 
      Y[399]            1 
      Y[400]            1 
      Y[401]            1 
      Y[402]            1 
      Y[403]            1 
      Y[404]            1 
      Y[405]            1 
      Y[406]            1 
      Y[407]            1 
      Y[408]            1 
      Y[410]            1 
      Y[411]            1 
      Y[417]            1 
      Y[420]            1 
      Y[421]            1 
      Y[422]            1 
      Y[423]            1 
      Y[424]            1 
      Y[425]            1 
      Y[426]            1 
      Y[427]            1 
      Y[428]            1 
      Y[429]            1 
      Y[430]            1 
      Y[431]            1 
      Y[432]            1 
      Y[433]            1 
      Y[434]            1 
      Y[436]            1 
      Y[439]            1 
      Y[440]            1 
      Y[441]            1 
      Y[442]            1 
      Y[443]            1 
      Y[444]            1 
      Y[446]            1 
      Y[447]            1 
      Y[448]            1 
      Y[449]            1 
      Y[450]            1 
      Y[451]            1 
      Y[452]            1 
      Y[453]            1 
      Y[454]            1 
      Y[455]            1 
      Y[456]            1 
      Y[457]            1 
      Y[458]            1 
      Y[459]            1 
      Y[460]            1 
      Y[462]            1 
      Y[463]            1 
      Y[464]            1 
      Y[465]            1 
      Y[466]            1 
      Y[467]            1 
      Y[468]            1 
      Y[469]            1 
      Y[470]            1 
      Y[471]            1 
      Y[472]            1 
      Y[474]            1 
      Y[475]            1 
      Y[476]            1 
      Y[477]            1 
      Y[478]            1 
      Y[479]            1 
      Y[480]            1 
      Y[481]            1 
      Y[482]            1 
      Y[483]            1 
      Y[484]            1 
      Y[485]            1 
      Y[486]            1 
      Y[487]            1 
      Y[488]            1 
      Y[489]            1 
      Y[490]            1 
      Y[491]            1 
      Y[492]            1 
      Y[493]            1 
      Y[494]            1 
      Y[495]            1 
      Y[496]            1 
      Y[497]            1 
      Y[498]            1 
      Y[499]            1 
      Y[500]            1 
      Y[501]            1 
      Y[503]            1 
      Y[504]            1 
      Y[505]            1 
      Y[506]            1 
      Y[507]            1 
      Y[508]            1 
      Y[509]            1 
      Y[510]            1 
      Y[512]            1 
      Y[513]            1 
      Y[514]            1 
      Y[515]            1 
      Y[516]            1 
      Y[517]            1 
      Y[518]            1 
      Y[519]            1 
      Y[520]            1 
      Y[521]            1 
      Y[522]            1 
      Y[523]            1 
      Y[524]            1 
      Y[526]            1 
      Y[527]            1 
      Y[528]            1 
      Y[529]            1 
      Y[530]            1 
      Y[532]            1 
      Y[533]            1 
      Y[534]            1 
      Y[535]            1 
      Y[536]            1 
      Y[537]            1 
      Y[538]            1 
      Y[539]            1 
      Y[540]            1 
      Y[541]            1 
      Y[542]            1 
      Y[543]            1 
      Y[546]            1 
      Y[547]            1 
      Y[548]            1 
      Y[549]            1 
      Y[550]            1 
      Y[551]            1 
      Y[552]            1 
      Y[553]            1 
      Y[554]            1 
      Y[555]            1 
      Y[556]            1 
      Y[557]            1 
      Y[558]            1 
      Y[559]            1 
      Y[560]            1 
      Y[561]            1 
      Y[562]            1 
      Y[563]            1 
      Y[564]            1 
      Y[565]            1 
      Y[566]            1 
      Y[568]            1 
      Y[569]            1 
      Y[570]            1 
      Y[571]            1 
      Y[572]            1 
      Y[573]            1 
      Y[574]            1 
      Y[575]            1 
      Y[576]            1 
      Y[577]            1 
      Y[578]            1 
      Y[579]            1 
      Y[580]            1 
      Y[581]            1 
      Y[582]            1 
      Y[584]            1 
      Y[585]            1 
      Y[586]            1 
      Y[587]            1 
      Y[588]            1 
      Y[589]            1 
      Y[591]            1 
      Y[592]            1 
      Y[593]            1 
      Y[594]            1 
      Y[595]            1 
      Y[596]            1 
      Y[597]            1 
      Y[598]            1 
      Y[599]            1 
      Y[600]            1 
      Y[601]            1 
      Y[602]            1 
      Y[603]            1 
      Y[604]            1 
      Y[605]            1 
      Y[606]            1 
      Y[607]            1 
      Y[608]            1 
      Y[609]            1 
      Y[610]            1 
      Y[611]            1 
      Y[612]            1 
      Y[613]            1 
      Y[614]            1 
      Y[616]            1 
      Y[617]            1 
      Y[618]            1 
      Y[619]            1 
      Y[620]            1 
      Y[621]            1 
      Y[622]            1 
      Y[623]            1 
      Y[624]            1 
      Y[625]            1 
      Y[626]            1 
      Y[628]            1 
      Y[629]            1 
      Y[630]            1 
      Y[632]            1 
      Y[633]            1 
      Y[634]            1 
      Y[635]            1 
      Y[636]            1 
      Y[637]            1 
      Y[638]            1 
      Y[639]            1 
      Y[640]            1 
      Y[641]            1 
      Y[643]            1 
      Y[644]            1 
      Y[645]            1 
      Y[646]            1 
      Y[647]            1 
      Y[648]            1 
      Y[649]            1 
      Y[650]            1 
      Y[651]            1 
      Y[652]            1 
      Y[653]            1 
      Y[654]            1 
      Y[655]            1 
      Y[656]            1 
      Y[657]            1 
      Y[659]            1 
      Y[660]            1 
      Y[661]            1 
      Y[662]            1 
      Y[663]            1 
      Y[664]            1 
      Y[665]            1 
      Y[666]            1 
      Y[667]            1 
      Y[668]            1 
      Y[669]            1 
      Y[670]            1 
      Y[671]            1 
      Y[672]            1 
      Y[673]            1 
      Y[674]            1 
      Y[675]            1 
      Y[676]            1 
      Y[677]            1 
      Y[678]            1 
      Y[680]            1 
      Y[681]            1 
      Y[682]            1 
      Y[683]            1 
      Y[684]            1 
      Y[686]            1 
      Y[687]            1 
      Y[689]            1 
      Y[690]            1 
      Y[691]            1 
      Y[693]            1 
      Y[694]            1 
      Y[697]            1 
      Y[705]            1 
      Y[706]            1 
      Y[707]            1 
      Y[708]            1 
      Y[709]            1 
      Y[711]            1 
      Y[712]            1 
      Y[714]            1 
      Y[716]            1 
      Y[718]            1 
      Y[719]            1 
      Y[722]            1 
      Y[723]            1 
      Y[724]            1 
      Y[725]            1 
      Y[727]            1 
      Y[728]            1 
      Y[732]            1 
      Y[733]            1 
      Y[734]            1 
      Y[735]            1 
      Y[736]            1 
      Y[737]            1 
      Y[738]            1 
      Y[741]            1 
      Y[742]            1 
      Y[743]            1 
      Y[744]            1 
      Y[746]            1 
      Y[747]            1 
      Y[748]            1 
      Y[750]            1 
      Y[751]            1 
      Y[754]            1 
      Y[755]            1 
      Y[756]            1 
      Y[757]            1 
      Y[758]            1 
      Y[759]            1 
      Y[761]            1 
      Y[762]            1 
      Y[763]            1 
      Y[764]            1 
      Y[765]            1 
      Y[766]            1 
      Y[767]            1 
      Y[768]            1 
      Y[769]            1 
      Y[770]            1 
      Y[771]            1 
      Y[772]            1 
      Y[774]            1 
      Y[775]            1 
      Y[776]            1 
      Y[777]            1 
      Y[778]            1 
      Y[779]            1 
      Y[780]            1 
      Y[781]            1 
      Y[782]            1 
      Y[783]            1 
      Y[784]            1 
      Y[785]            1 
      Y[787]            1 
      Y[788]            1 
      Y[790]            1 
      Y[791]            1 
      Y[792]            1 
      Y[793]            1 
      Y[794]            1 
      Y[795]            1 
      Y[796]            1 
      Y[797]            1 
      Y[798]            1 
      Y[799]            1 
      Y[800]            1 
      Y[801]            1 
      Y[802]            1 
      Y[803]            1 
      Y[804]            1 
      Y[805]            1 
      Y[806]            1 
      Y[808]            1 
      Y[810]            1 
      Y[812]            1 
      Y[813]            1 
      Y[814]            1 
      Y[815]            1 
      Y[816]            1 
      Y[817]            1 
      Y[819]            1 
      Y[820]            1 
      Y[823]            1 
      Y[824]            1 
      Y[825]            1 
      Y[826]            1 
      Y[827]            1 
      Y[828]            1 
      Y[829]            1 
      Y[830]            1 
      Y[831]            1 
      Y[832]            1 
      Y[833]            1 
      Y[834]            1 
      Y[835]            1 
      Y[836]            1 
      Y[837]            1 
      Y[839]            1 
      Y[840]            1 
      Y[841]            1 
      Y[842]            1 
      Y[843]            1 
      Y[845]            1 
      Y[846]            1 
      Y[847]            1 
      Y[849]            1 
      Y[850]            1 
      Y[851]            1 
      Y[852]            1 
      Y[854]            1 
      Y[856]            1 
      Y[858]            1 
      Y[859]            1 
      Y[860]            1 
      Y[861]            1 
      Y[862]            1 
      Y[864]            1 
      Y[865]            1 
      Y[866]            1 
      Y[867]            1 
      Y[868]            1 
      Y[869]            1 
      Y[871]            1 
      Y[873]            1 
      Y[876]            1 
      Y[877]            1 
      Y[878]            1 
      Y[879]            1 
      Y[880]            1 
      Y[882]            1 
      Y[883]            1 
      Y[884]            1 
      Y[887]            1 
      Y[888]            1 
      Y[889]            1 
      Y[890]            1 
      Y[892]            1 
      Y[894]            1 
      Y[895]            1 
      Y[896]            1 
      Y[897]            1 
      Y[898]            1 
      Y[899]            1 
      Y[901]            1 
      Y[903]            1 
      Y[904]            1 
      Y[906]            1 
      Y[911]            1 
      Y[913]            1 
      Y[914]            1 
      Y[915]            1 
      Y[917]            1 
      Y[918]            1 
      Y[919]            1 
      Y[920]            1 
      Y[923]            1 
      Y[924]            1 
      Y[926]            1 
      Y[927]            1 
      Y[928]            1 
      Y[929]            1 
      Y[931]            1 
      Y[932]            1 
      Y[934]            1 
      Y[936]            1 
      Y[938]            1 
      Y[939]            1 
      Y[940]            1 
      Y[941]            1 
      Y[942]            1 
      Y[943]            1 
      Y[945]            1 
      Y[946]            1 
      Y[947]            1 
      Y[948]            1 
      Y[951]            1 
      Y[952]            1 
      Y[953]            1 
      Y[955]            1 
      Y[956]            1 
      Y[957]            1 
      Y[958]            1 
      Y[960]            1 
      Y[961]            1 
      Y[962]            1 
      Y[964]            1 
      Y[965]            1 
      Y[966]            1 
      Y[968]            1 
      Y[969]            1 
      Y[970]            1 
      Y[971]            1 
      Y[972]            1 
      Y[973]            1 
      Y[975]            1 
      Y[976]            1 
      Y[977]            1 
      Y[978]            1 
      Y[979]            1 
      Y[980]            1 
      Y[981]            1 
      Y[982]            1 
      Y[983]            1 
      Y[984]            1 
      Y[985]            1 
      Y[986]            1 
      Y[987]            1 
      Y[988]            1 
      Y[989]            1 
      Y[990]            1 
      Y[991]            1 
      Y[992]            1 
      Y[993]            1 
      Y[994]            1 
      Y[995]            1 
      Y[998]            1 
      Y[999]            1 
     Y[1001]            1 
     Y[1004]            1 
     Y[1007]            1 
     Y[1012]            1 
     Y[1014]            1 
     Y[1020]            1 
     Y[1021]            1 
     Y[1022]            1 
     Y[1023]            1 
     Y[1024]            1 
     Y[1025]            1 
     Y[1026]            1 
     Y[1027]            1 
     Y[1028]            1 
     Y[1029]            1 
     Y[1030]            1 
     Y[1031]            1 
     Y[1032]            1 
     Y[1033]            1 
     Y[1034]            1 
     Y[1035]            1 
     Y[1036]            1 
     Y[1037]            1 
     Y[1038]            1 
     Y[1039]            1 
     Y[1040]            1 
     Y[1041]            1 
     Y[1042]            1 
     Y[1043]            1 
     Y[1044]            1 
     Y[1045]            1 
     Y[1046]            1 
     Y[1047]            1 
     Y[1048]            1 
     Y[1049]            1 
     Y[1050]            1 
     Y[1051]            1 
     Y[1052]            1 
     Y[1053]            1 
     Y[1054]            1 
     Y[1055]            1 
     Y[1056]            1 
     Y[1057]            1 
     Y[1058]            1 
     Y[1059]            1 
     Y[1080]            1 
     Y[1081]            1 
     Y[1082]            1 
     Y[1083]            1 
     Y[1084]            1 
     Y[1085]            1 
     Y[1086]            1 
     Y[1087]            1 
     Y[1096]            1 
     Y[1099]            1 
     Y[1118]            1 
     Y[1153]            1 
     Y[1154]            1 
     Y[1155]            1 
     Y[1156]            1 
     Y[1157]            1 
     Y[1158]            1 
     Y[1159]            1 
     Y[1160]            1 
     Y[1161]            1 
     Y[1162]            1 
     Y[1163]            1 
     Y[1165]            1 
     Y[1166]            1 
     Y[1167]            1 
     Y[1168]            1 
     Y[1169]            1 
     Y[1170]            1 
     Y[1171]            1 
     Y[1172]            1 
     Y[1173]            1 
     Y[1174]            1 
     Y[1175]            1 
     Y[1177]            1 
     Y[1178]            1 
     Y[1179]            1 
     Y[1180]            1 
     Y[1181]            1 
     Y[1182]            1 
     Y[1183]            1 
     Y[1184]            1 
     Y[1185]            1 
     Y[1186]            1 
     Y[1187]            1 
     Y[1188]            1 
     Y[1189]            1 
     Y[1190]            1 
     Y[1191]            1 
     Y[1192]            1 
     Y[1193]            1 
     Y[1194]            1 
     Y[1195]            1 
     Y[1196]            1 
     Y[1197]            1 
     Y[1198]            1 
     Y[1199]            1 
     Y[1200]            1 
     Y[1201]            1 
     Y[1202]            1 
     Y[1203]            1 
     Y[1204]            1 
     Y[1205]            1 
     Y[1207]            1 
     Y[1208]            1 
     Y[1209]            1 
     Y[1210]            1 
     Y[1211]            1 
     Y[1212]            1 
     Y[1213]            1 
     Y[1214]            1 
     Y[1215]            1 
     Y[1216]            1 
     Y[1217]            1 
     Y[1219]            1 
     Y[1220]            1 
     Y[1221]            1 
     Y[1223]            1 
     Y[1224]            1 
     Y[1225]            1 
     Y[1228]            1 
     Y[1231]            1 
     Y[1237]            1 
     Y[1239]            1 
     Y[1241]            1 
     Y[1252]            1 
     Y[1253]            1 
     Y[1254]            1 
     Y[1257]            1 
     Y[1260]            1 
     Y[1261]            1 
     Y[1264]            1 
     Y[1265]            1 
     Y[1270]            1 
     Y[1273]            1 
     Y[1278]            1 
     Y[1279]            1 
     Y[1281]            1 
     Y[1282]            1 
     Y[1283]            1 
     Y[1285]            1 
     Y[1286]            1 
     Y[1287]            1 
     Y[1290]            1 
     Y[1293]            1 
     Y[1294]            1 
     Y[1296]            1 
     Y[1297]            1 
     Y[1298]            1 
     Y[1299]            1 
     Y[1300]            1 
     Y[1301]            1 
     Y[1302]            1 
     Y[1303]            1 
     Y[1304]            1 
     Y[1305]            1 
     Y[1306]            1 
     Y[1307]            1 
     Y[1308]            1 
     Y[1309]            1 
     Y[1310]            1 
     Y[1311]            1 
     Y[1312]            1 
     Y[1313]            1 
     Y[1315]            1 
     Y[1316]            1 
     Y[1318]            1 
     Y[1319]            1 
     Y[1320]            1 
     Y[1321]            1 
     Y[1322]            1 
     Y[1323]            1 
     Y[1324]            1 
     Y[1325]            1 
     Y[1326]            1 
     Y[1327]            1 
     Y[1329]            1 
     Y[1330]            1 
     Y[1331]            1 
     Y[1332]            1 
     Y[1333]            1 
     Y[1334]            1 
     Y[1335]            1 
     Y[1336]            1 
     Y[1337]            1 
     Y[1338]            1 
     Y[1339]            1 
     Y[1341]            1 
     Y[1343]            1 
     Y[1344]            1 
     Y[1345]            1 
     Y[1346]            1 
     Y[1347]            1 
     Y[1348]            1 
     Y[1349]            1 
     Y[1350]            1 
     Y[1351]            1 
     Y[1352]            1 
     Y[1353]            1 
     Y[1354]            1 
     Y[1355]            1 
     Y[1356]            1 
     Y[1357]            1 
     Y[1358]            1 
     Y[1359]            1 
     Y[1360]            1 
     Y[1361]            1 
     Y[1362]            1 
     Y[1363]            1 
     Y[1364]            1 
     Y[1365]            1 
     Y[1366]            1 
     Y[1367]            1 
     Y[1370]            1 
     Y[1371]            1 
     Y[1372]            1 
     Y[1373]            1 
     Y[1374]            1 
     Y[1375]            1 
     Y[1376]            1 
     Y[1377]            1 
     Y[1379]            1 
     Y[1380]            1 
     Y[1381]            1 
     Y[1382]            1 
     Y[1383]            1 
     Y[1385]            1 
     Y[1386]            1 
     Y[1388]            1 
     Y[1389]            1 
     Y[1390]            1 
     Y[1392]            1 
     Y[1394]            1 
     Y[1395]            1 
     Y[1396]            1 
     Y[1397]            1 
     Y[1399]            1 
     Y[1400]            1 
     Y[1402]            1 
     Y[1403]            1 
     Y[1404]            1 
     Y[1405]            1 
     Y[1406]            1 
     Y[1407]            1 
     Y[1408]            1 
     Y[1409]            1 
     Y[1410]            1 
     Y[1411]            1 
     Y[1412]            1 
     Y[1413]            1 
     Y[1414]            1 
     Y[1415]            1 
     Y[1416]            1 
     Y[1417]            1 
     Y[1418]            1 
     Y[1419]            1 
     Y[1420]            1 
     Y[1421]            1 
     Y[1422]            1 
     Y[1423]            1 
     Y[1424]            1 
     Y[1425]            1 
     Y[1426]            1 
     Y[1427]            1 
     Y[1428]            1 
     Y[1429]            1 
     Y[1431]            1 
     Y[1432]            1 
     Y[1433]            1 
     Y[1434]            1 
     Y[1435]            1 
     Y[1436]            1 
     Y[1437]            1 
     Y[1438]            1 
     Y[1439]            1 
     Y[1440]            1 
     Y[1441]            1 
     Y[1442]            1 
     Y[1443]            1 
     Y[1444]            1 
     Y[1445]            1 
     Y[1446]            1 
     Y[1447]            1 
     Y[1448]            1 
     Y[1449]            1 
     Y[1450]            1 
     Y[1451]            1 
     Y[1452]            1 
     Y[1453]            1 
     Y[1454]            1 
     Y[1455]            1 
     Y[1456]            1 
     Y[1457]            1 
     Y[1458]            1 
     Y[1461]            1 
     Y[1462]            1 
     Y[1463]            1 
     Y[1464]            1 
     Y[1465]            1 
     Y[1466]            1 
     Y[1467]            1 
     Y[1468]            1 
     Y[1469]            1 
     Y[1470]            1 
     Y[1471]            1 
     Y[1472]            1 
     Y[1473]            1 
     Y[1474]            1 
     Y[1475]            1 
     Y[1476]            1 
     Y[1477]            1 
     Y[1478]            1 
     Y[1479]            1 
     Y[1480]            1 
     Y[1481]            1 
     Y[1482]            1 
     Y[1484]            1 
     Y[1485]            1 
     Y[1486]            1 
     Y[1487]            1 
     Y[1488]            1 
     Y[1489]            1 
     Y[1490]            1 
     Y[1491]            1 
     Y[1492]            1 
     Y[1493]            1 
     Y[1494]            1 
     Y[1495]            1 
     Y[1496]            1 
     Y[1498]            1 
     Y[1499]            1 
     Y[1500]            1 
     Y[1501]            1 
     Y[1502]            1 
     Y[1503]            1 
     Y[1505]            1 
     Y[1506]            1 
     Y[1507]            1 
     Y[1509]            1 
     Y[1512]            1 
     Y[1515]            1 
     Y[1516]            1 
     Y[1523]            1 
     Y[1530]            1 
     Y[1531]            1 
     Y[1532]            1 
     Y[1533]            1 
     Y[1534]            1 
     Y[1535]            1 
     Y[1536]            1 
     Y[1537]            1 
     Y[1538]            1 
     Y[1539]            1 
     Y[1540]            1 
     Y[1541]            1 
     Y[1542]            1 
     Y[1543]            1 
     Y[1544]            1 
     Y[1546]            1 
     Y[1547]            1 
     Y[1548]            1 
     Y[1549]            1 
     Y[1550]            1 
     Y[1551]            1 
     Y[1552]            1 
     Y[1553]            1 
     Y[1554]            1 
     Y[1555]            1 
     Y[1556]            1 
     Y[1557]            1 
     Y[1558]            1 
     Y[1559]            1 
     Y[1560]            1 
     Y[1561]            1 
     Y[1562]            1 
     Y[1563]            1 
     Y[1564]            1 
     Y[1565]            1 
     Y[1566]            1 
     Y[1567]            1 
     Y[1568]            1 
     Y[1569]            1 
     Y[1570]            1 
     Y[1571]            1 
     Y[1572]            1 
     Y[1573]            1 
     Y[1574]            1 
     Y[1575]            1 
     Y[1576]            1 
     Y[1577]            1 
     Y[1578]            1 
     Y[1579]            1 
     Y[1580]            1 
     Y[1581]            1 
     Y[1582]            1 
     Y[1583]            1 
     Y[1584]            1 
     Y[1585]            1 
     Y[1586]            1 
     Y[1587]            1 
     Y[1588]            1 
     Y[1589]            1 
     Y[1590]            1 
     Y[1591]            1 
     Y[1601]            1 
     Y[1605]            1 
     Y[1606]            1 
     Y[1607]            1 
     Y[1608]            1 
     Y[1609]            1 
     Y[1610]            1 
     Y[1611]            1 
     Y[1612]            1 
     Y[1613]            1 
     Y[1614]            1 
     Y[1615]            1 
     Y[1616]            1 
     Y[1617]            1 
     Y[1618]            1 
     Y[1619]            1 
     Y[1620]            1 
     Y[1621]            1 
     Y[1622]            1 
     Y[1623]            1 
     Y[1624]            1 
     Y[1625]            1 
     Y[1626]            1 
     Y[1627]            1 
     Y[1628]            1 
     Y[1629]            1 
     Y[1630]            1 
     Y[1631]            1 
     Y[1632]            1 
     Y[1633]            1 
     Y[1654]            1 
     Y[1657]            1 
     Y[1659]            1 
     Y[1660]            1 
     Y[1663]            1 
     Y[1664]            1 
     Y[1665]            1 
     Y[1666]            1 
     Y[1667]            1 
     Y[1668]            1 
     Y[1669]            1 
     Y[1670]            1 
     Y[1671]            1 
     Y[1672]            1 
     Y[1673]            1 
     Y[1674]            1 
     Y[1675]            1 
     Y[1676]            1 
     Y[1677]            1 
     Y[1679]            1 
     Y[1680]            1 
     Y[1681]            1 
     Y[1682]            1 
     Y[1683]            1 
     Y[1684]            1 
     Y[1686]            1 
     Y[1687]            1 
     Y[1688]            1 
     Y[1689]            1 
     Y[1690]            1 
     Y[1691]            1 
     Y[1692]            1 
     Y[1693]            1 
     Y[1694]            1 
     Y[1695]            1 
     Y[1696]            1 
     Y[1697]            1 
     Y[1698]            1 
     Y[1699]            1 
     Y[1700]            1 
     Y[1703]            1 
     Y[1704]            1 
     Y[1705]            1 
     Y[1706]            1 
     Y[1707]            1 
     Y[1708]            1 
     Y[1709]            1 
     Y[1710]            1 
     Y[1711]            1 
     Y[1712]            1 
     Y[1713]            1 
     Y[1714]            1 
     Y[1715]            1 
     Y[1716]            1 
     Y[1717]            1 
     Y[1718]            1 
     Y[1719]            1 
     Y[1720]            1 
     Y[1721]            1 
     Y[1722]            1 
     Y[1723]            1 
     Y[1724]            1 
     Y[1725]            1 
     Y[1726]            1 
     Y[1727]            1 
     Y[1728]            1 
     Y[1729]            1 
     Y[1731]            1 
     Y[1732]            1 
     Y[1745]            1 
     Y[1746]            1 
     Y[1749]            1 
     Y[1756]            1 
     Y[1768]            1 
     Y[1769]            1 
