Set parameter Username
Academic license - for non-commercial use only - expires 2024-10-30
(1805, 8)
(1805, 8)
   LocID  HD  LOW  ...        lat        lon  SUM
0    133   0    1  ...  43.048357 -75.871462    1
1    688   0    1  ...  38.513199 -90.440058    1
2    701   4    4  ...  39.143206 -94.573399    8
3    706   0    1  ...  36.624184 -93.217991    1
4    718   1    1  ...  38.125992 -92.672325    2

[5 rows x 9 columns]
calculation
[[   0.         1323.99849287 1622.35305748 ...  459.97477715
   600.37700213  472.06364301]
 [1323.99849287    0.          364.8006526  ... 1781.19842291
  1923.40387839 1162.81654286]
 [1622.35305748  364.8006526     0.         ... 2082.27326146
  2212.72651529 1512.92344238]
 ...
 [ 459.97477715 1781.19842291 2082.27326146 ...    0.
   173.83881249  774.83247763]
 [ 600.37700213 1923.40387839 2212.72651529 ...  173.83881249
     0.          947.36287513]
 [ 472.06364301 1162.81654286 1512.92344238 ...  774.83247763
   947.36287513    0.        ]]
Set parameter NonConvex to value 2
Set parameter NumericFocus to value 3
Gurobi Optimizer version 10.0.3 build v10.0.3rc0 (win64)

CPU model: AMD Ryzen 7 5700U with Radeon Graphics, instruction set [SSE2|AVX|AVX2]
Thread count: 8 physical cores, 16 logical processors, using up to 16 threads

Optimize a model with 3259831 rows, 3259830 columns and 9775880 nonzeros
Model fingerprint: 0xfd0062bb
Variable types: 0 continuous, 3259830 integer (1805 binary)
Coefficient statistics:
  Matrix range     [1e+00, 1e+00]
  Objective range  [5e+02, 1e+11]
  Bounds range     [1e+00, 1e+00]
  RHS range        [1e+00, 2e+03]
Warning: Model contains large objective coefficients
Found heuristic solution: objective 2.737523e+11
Presolve removed 0 rows and 0 columns (presolve time = 5s) ...
Presolve removed 0 rows and 0 columns (presolve time = 10s) ...
Presolve removed 0 rows and 0 columns (presolve time = 15s) ...
Presolve removed 0 rows and 0 columns (presolve time = 20s) ...
Presolve removed 0 rows and 0 columns (presolve time = 25s) ...
Presolve removed 0 rows and 0 columns (presolve time = 30s) ...
Presolve removed 0 rows and 0 columns (presolve time = 35s) ...
Presolve removed 0 rows and 0 columns (presolve time = 40s) ...
Presolve removed 0 rows and 0 columns (presolve time = 46s) ...
Presolve time: 47.16s
Presolved: 3259831 rows, 3259830 columns, 9775880 nonzeros
Variable types: 0 continuous, 3259830 integer (3259830 binary)
Found heuristic solution: objective 6.894238e+08
Deterministic concurrent LP optimizer: primal simplex, dual simplex, and barrier
Showing barrier log only...

Root barrier log...

Elapsed ordering time = 5s
Ordering time: 5.43s

Barrier statistics:
 Dense cols : 1778
 AA' NZ     : 6.918e+06
 Factor NZ  : 2.618e+07 (roughly 3.0 GB of memory)
 Factor Ops : 5.140e+10 (less than 1 second per iteration)
 Threads    : 6

                  Objective                Residual
Iter       Primal          Dual         Primal    Dual     Compl     Time
   0   2.85631872e+17 -2.25748629e+11  1.80e+06 0.00e+00  8.81e+10    75s
   1   2.83768869e+17 -5.69472911e+13  1.80e+06 9.93e+06  9.11e+10    95s
   2   2.22920792e+17 -3.46066363e+14  1.46e+06 9.40e-04  8.13e+10   112s
   3   2.33180753e+16 -3.70855073e+14  1.53e+05 8.23e-04  8.55e+09   130s
   4   2.95855348e+15 -3.66493292e+14  1.93e+04 9.94e-04  1.11e+09   140s
   5   8.18238905e+14 -3.16216487e+14  5.33e+03 7.86e-04  3.12e+08   151s
   6   2.93188393e+14 -2.06096038e+14  1.90e+03 5.15e-04  1.08e+08   162s

Barrier performed 6 iterations in 161.73 seconds (57.59 work units)
Barrier solve interrupted - model solved by another algorithm

Concurrent spin time: 46.28s (can be avoided by choosing Method=3)

Solved with dual simplex

Root simplex log...

Iteration    Objective       Primal Inf.    Dual Inf.      Time
    1921    2.2046237e+06   0.000000e+00   0.000000e+00    164s

Root relaxation: objective 2.204624e+06, 1921 iterations, 111.65 seconds (30.11 work units)

    Nodes    |    Current Node    |     Objective Bounds      |     Work
 Expl Unexpl |  Obj  Depth IntInf | Incumbent    BestBd   Gap | It/Node Time

*    0     0               0    2204623.6578 2204623.66  0.00%     -  165s

Explored 1 nodes (1921 simplex iterations) in 166.33 seconds (59.09 work units)
Thread count was 16 (of 16 available processors)

Solution count 3: 2.20462e+06 6.89424e+08 2.73752e+11 

Optimal solution found (tolerance 1.00e-04)
Best objective 2.204623657778e+06, best bound 2.204623657778e+06, gap 0.0000%

    Variable            X 
-------------------------
      X[0,0]            1 
    X[0,383]            1 
   X[0,1085]            1 
   X[0,1087]            1 
   X[0,1090]            1 
   X[0,1091]            1 
   X[0,1102]            1 
   X[0,1103]            1 
   X[0,1113]            1 
   X[0,1116]            1 
   X[0,1118]            1 
   X[0,1119]            1 
   X[0,1123]            1 
   X[0,1127]            1 
   X[0,1128]            1 
   X[0,1135]            1 
   X[0,1139]            1 
   X[0,1141]            1 
   X[0,1145]            1 
   X[0,1232]            1 
      X[1,1]            1 
      X[2,2]            1 
      X[3,3]            1 
     X[3,10]            1 
      X[4,4]            1 
      X[5,5]            1 
      X[5,6]            1 
      X[7,7]            1 
      X[8,8]            1 
      X[9,9]            1 
    X[11,11]            1 
    X[12,12]            1 
    X[13,13]            1 
    X[14,14]            1 
    X[15,15]            1 
    X[16,16]            1 
    X[17,17]            1 
    X[18,18]            1 
    X[19,19]            1 
    X[20,20]            1 
    X[21,21]            1 
    X[22,22]            1 
    X[23,23]            1 
    X[25,25]            1 
    X[26,26]            1 
    X[27,27]            1 
    X[28,28]            1 
    X[29,29]            1 
    X[30,30]            1 
    X[31,31]            1 
    X[32,32]            1 
    X[33,33]            1 
    X[34,34]            1 
    X[35,35]            1 
    X[36,36]            1 
    X[37,37]            1 
    X[38,38]            1 
    X[39,39]            1 
    X[40,40]            1 
    X[41,41]            1 
    X[42,42]            1 
    X[43,43]            1 
    X[44,44]            1 
    X[45,45]            1 
    X[46,46]            1 
    X[47,47]            1 
    X[48,48]            1 
    X[49,49]            1 
    X[50,50]            1 
    X[51,51]            1 
    X[52,52]            1 
    X[53,53]            1 
    X[54,54]            1 
    X[55,55]            1 
    X[55,58]            1 
    X[55,59]            1 
    X[55,61]            1 
    X[55,63]            1 
    X[55,68]            1 
    X[55,69]            1 
    X[55,72]            1 
    X[55,74]            1 
    X[55,76]            1 
    X[55,78]            1 
    X[55,83]            1 
    X[55,87]            1 
    X[55,89]            1 
    X[55,92]            1 
    X[55,93]            1 
    X[55,94]            1 
    X[55,98]            1 
   X[55,103]            1 
   X[55,105]            1 
   X[55,106]            1 
   X[55,107]            1 
   X[55,109]            1 
   X[55,115]            1 
   X[55,117]            1 
   X[55,119]            1 
   X[55,120]            1 
   X[55,123]            1 
   X[55,124]            1 
   X[55,133]            1 
   X[55,134]            1 
   X[55,137]            1 
   X[55,141]            1 
   X[55,143]            1 
   X[55,188]            1 
   X[55,196]            1 
   X[55,208]            1 
   X[55,737]            1 
  X[55,1261]            1 
    X[56,56]            1 
    X[56,96]            1 
  X[56,1607]            1 
    X[57,57]            1 
    X[57,70]            1 
    X[57,84]            1 
   X[57,110]            1 
    X[60,60]            1 
    X[62,62]            1 
    X[64,64]            1 
    X[65,65]            1 
    X[66,66]            1 
    X[67,67]            1 
    X[71,71]            1 
    X[73,73]            1 
    X[75,75]            1 
    X[77,77]            1 
    X[79,79]            1 
    X[80,80]            1 
    X[81,81]            1 
    X[82,82]            1 
    X[85,85]            1 
    X[86,86]            1 
    X[88,88]            1 
    X[90,90]            1 
    X[91,91]            1 
    X[95,95]            1 
    X[97,97]            1 
    X[99,99]            1 
  X[100,100]            1 
  X[101,101]            1 
  X[102,102]            1 
  X[104,104]            1 
  X[108,108]            1 
  X[111,111]            1 
  X[112,112]            1 
  X[113,113]            1 
  X[114,114]            1 
  X[116,116]            1 
  X[118,118]            1 
  X[121,121]            1 
  X[122,122]            1 
  X[125,125]            1 
  X[126,126]            1 
  X[127,127]            1 
  X[128,128]            1 
  X[129,129]            1 
  X[130,130]            1 
  X[131,131]            1 
  X[132,132]            1 
  X[135,135]            1 
  X[136,136]            1 
  X[138,138]            1 
  X[139,139]            1 
  X[140,140]            1 
  X[142,142]            1 
  X[144,144]            1 
  X[145,145]            1 
  X[146,146]            1 
  X[147,147]            1 
  X[148,148]            1 
  X[149,149]            1 
  X[150,150]            1 
  X[151,151]            1 
  X[152,152]            1 
  X[153,153]            1 
  X[154,154]            1 
  X[155,155]            1 
  X[156,156]            1 
  X[157,157]            1 
  X[158,158]            1 
  X[159,159]            1 
  X[160,160]            1 
  X[161,161]            1 
  X[162,162]            1 
  X[163,163]            1 
  X[164,164]            1 
  X[165,165]            1 
  X[166,166]            1 
  X[167,167]            1 
  X[168,168]            1 
  X[168,191]            1 
  X[168,197]            1 
  X[168,209]            1 
  X[169,169]            1 
  X[170,170]            1 
  X[170,212]            1 
  X[171,171]            1 
  X[172,172]            1 
  X[172,173]            1 
 X[172,1048]            1 
 X[172,1184]            1 
 X[172,1763]            1 
  X[174,174]            1 
  X[175,175]            1 
  X[176,176]            1 
  X[177,177]            1 
  X[178,178]            1 
  X[179,179]            1 
  X[180,180]            1 
  X[181,181]            1 
  X[181,201]            1 
  X[182,182]            1 
  X[183,183]            1 
  X[184,184]            1 
  X[184,213]            1 
  X[185,185]            1 
  X[186,186]            1 
  X[187,187]            1 
  X[189,189]            1 
  X[190,190]            1 
  X[192,192]            1 
  X[193,193]            1 
  X[194,194]            1 
  X[195,195]            1 
  X[198,198]            1 
  X[199,199]            1 
  X[200,200]            1 
  X[202,202]            1 
  X[203,203]            1 
  X[204,204]            1 
  X[205,205]            1 
  X[206,206]            1 
  X[207,207]            1 
  X[211,211]            1 
  X[214,214]            1 
  X[215,215]            1 
  X[216,216]            1 
  X[217,217]            1 
  X[218,218]            1 
  X[219,219]            1 
  X[220,220]            1 
  X[220,224]            1 
  X[220,232]            1 
  X[220,283]            1 
  X[220,292]            1 
  X[220,307]            1 
  X[220,328]            1 
  X[220,351]            1 
  X[221,221]            1 
  X[222,222]            1 
  X[222,242]            1 
  X[222,319]            1 
  X[223,223]            1 
  X[225,225]            1 
  X[226,226]            1 
  X[227,227]            1 
  X[228,228]            1 
  X[229,229]            1 
  X[230,230]            1 
  X[231,231]            1 
  X[233,233]            1 
  X[234,234]            1 
  X[235,235]            1 
  X[236,236]            1 
  X[237,237]            1 
  X[237,306]            1 
  X[238,238]            1 
  X[239,239]            1 
  X[240,240]            1 
  X[241,241]            1 
  X[243,243]            1 
  X[244,244]            1 
  X[245,245]            1 
  X[246,246]            1 
  X[247,247]            1 
  X[248,248]            1 
  X[249,249]            1 
  X[250,250]            1 
  X[251,251]            1 
  X[252,252]            1 
  X[253,253]            1 
  X[254,254]            1 
  X[255,255]            1 
  X[256,256]            1 
  X[257,257]            1 
  X[258,258]            1 
  X[259,259]            1 
  X[260,260]            1 
  X[261,261]            1 
  X[262,262]            1 
  X[263,263]            1 
  X[264,264]            1 
  X[265,265]            1 
  X[266,266]            1 
  X[267,267]            1 
  X[268,268]            1 
  X[269,269]            1 
  X[270,270]            1 
  X[271,271]            1 
  X[272,272]            1 
  X[273,273]            1 
  X[274,274]            1 
  X[275,275]            1 
  X[276,276]            1 
  X[277,277]            1 
  X[278,278]            1 
  X[279,279]            1 
  X[280,280]            1 
  X[281,281]            1 
  X[282,282]            1 
  X[284,284]            1 
  X[285,285]            1 
  X[286,286]            1 
  X[287,287]            1 
  X[288,288]            1 
  X[289,289]            1 
  X[290,290]            1 
  X[291,291]            1 
  X[293,293]            1 
  X[294,294]            1 
  X[295,295]            1 
  X[296,296]            1 
  X[297,297]            1 
  X[298,298]            1 
  X[300,300]            1 
  X[301,301]            1 
  X[302,302]            1 
  X[303,303]            1 
  X[304,304]            1 
  X[305,305]            1 
  X[308,308]            1 
  X[309,309]            1 
  X[310,310]            1 
  X[311,311]            1 
  X[312,312]            1 
  X[313,313]            1 
  X[314,314]            1 
  X[315,315]            1 
  X[316,316]            1 
  X[317,317]            1 
  X[318,318]            1 
  X[320,320]            1 
  X[321,321]            1 
  X[322,322]            1 
  X[323,323]            1 
  X[324,324]            1 
  X[325,325]            1 
  X[326,326]            1 
  X[327,327]            1 
  X[329,329]            1 
  X[330,330]            1 
  X[331,331]            1 
  X[332,332]            1 
  X[333,333]            1 
  X[334,334]            1 
  X[335,335]            1 
  X[336,336]            1 
  X[337,337]            1 
  X[338,338]            1 
  X[339,339]            1 
  X[340,340]            1 
  X[341,341]            1 
  X[342,342]            1 
  X[343,343]            1 
  X[344,344]            1 
  X[345,345]            1 
  X[346,346]            1 
  X[347,347]            1 
  X[348,348]            1 
  X[349,349]            1 
  X[350,350]            1 
  X[352,352]            1 
  X[353,353]            1 
  X[354,354]            1 
 X[354,1100]            1 
  X[355,355]            1 
  X[356,356]            1 
  X[357,357]            1 
  X[358,358]            1 
  X[359,359]            1 
  X[360,360]            1 
  X[361,361]            1 
 X[361,1704]            1 
  X[363,363]            1 
  X[364,364]            1 
  X[365,365]            1 
  X[365,927]            1 
  X[366,366]            1 
  X[367,367]            1 
  X[368,368]            1 
  X[369,369]            1 
  X[370,370]            1 
  X[371,371]            1 
  X[372,372]            1 
  X[373,373]            1 
  X[374,374]            1 
  X[375,375]            1 
  X[376,376]            1 
  X[377,377]            1 
 X[377,1657]            1 
  X[378,378]            1 
  X[379,379]            1 
  X[380,380]            1 
  X[381,381]            1 
  X[381,877]            1 
  X[382,382]            1 
  X[384,384]            1 
  X[385,385]            1 
  X[386,386]            1 
  X[387,387]            1 
  X[388,388]            1 
  X[389,389]            1 
  X[390,390]            1 
  X[391,391]            1 
  X[392,392]            1 
  X[392,935]            1 
  X[393,393]            1 
  X[394,394]            1 
  X[395,395]            1 
  X[396,396]            1 
  X[397,397]            1 
  X[398,398]            1 
  X[399,399]            1 
  X[399,599]            1 
  X[400,400]            1 
  X[401,401]            1 
  X[402,402]            1 
  X[403,403]            1 
  X[404,404]            1 
  X[405,405]            1 
  X[406,406]            1 
  X[407,407]            1 
  X[408,408]            1 
  X[409,409]            1 
  X[410,410]            1 
  X[411,411]            1 
  X[412,412]            1 
  X[413,413]            1 
  X[414,414]            1 
  X[415,415]            1 
  X[416,416]            1 
  X[417,417]            1 
  X[418,418]            1 
  X[419,419]            1 
  X[420,420]            1 
  X[421,421]            1 
  X[422,422]            1 
  X[423,423]            1 
  X[424,424]            1 
  X[425,425]            1 
  X[426,426]            1 
  X[427,427]            1 
  X[428,428]            1 
  X[429,429]            1 
  X[430,430]            1 
  X[431,431]            1 
  X[432,432]            1 
  X[433,433]            1 
  X[434,434]            1 
  X[435,435]            1 
  X[436,436]            1 
  X[437,437]            1 
  X[438,438]            1 
  X[439,439]            1 
  X[440,440]            1 
  X[441,441]            1 
  X[442,442]            1 
  X[443,443]            1 
  X[444,444]            1 
  X[445,445]            1 
  X[446,446]            1 
  X[447,447]            1 
  X[448,448]            1 
  X[449,449]            1 
  X[450,450]            1 
  X[451,451]            1 
  X[452,452]            1 
  X[453,453]            1 
  X[454,454]            1 
  X[455,455]            1 
  X[456,456]            1 
  X[457,457]            1 
  X[458,458]            1 
  X[459,459]            1 
  X[460,460]            1 
  X[460,501]            1 
  X[460,540]            1 
  X[460,588]            1 
  X[461,461]            1 
  X[462,462]            1 
  X[463,463]            1 
  X[464,464]            1 
  X[464,500]            1 
  X[465,465]            1 
  X[466,466]            1 
  X[467,467]            1 
  X[468,468]            1 
  X[469,469]            1 
  X[470,470]            1 
  X[471,471]            1 
  X[472,472]            1 
  X[473,473]            1 
  X[474,474]            1 
  X[475,475]            1 
  X[476,476]            1 
  X[477,477]            1 
  X[478,478]            1 
  X[479,479]            1 
  X[480,480]            1 
  X[481,481]            1 
  X[482,482]            1 
  X[483,483]            1 
  X[484,484]            1 
  X[485,485]            1 
  X[486,486]            1 
  X[487,487]            1 
  X[488,488]            1 
  X[489,489]            1 
  X[490,490]            1 
  X[491,491]            1 
  X[492,492]            1 
  X[493,493]            1 
  X[494,494]            1 
  X[495,495]            1 
  X[496,496]            1 
  X[497,497]            1 
  X[498,498]            1 
  X[499,499]            1 
  X[502,502]            1 
  X[503,503]            1 
  X[504,504]            1 
  X[505,505]            1 
  X[506,506]            1 
  X[507,507]            1 
  X[508,508]            1 
  X[509,509]            1 
  X[510,510]            1 
  X[511,511]            1 
  X[512,512]            1 
  X[513,513]            1 
  X[514,514]            1 
  X[515,515]            1 
  X[516,516]            1 
  X[517,517]            1 
  X[518,518]            1 
  X[519,519]            1 
  X[520,520]            1 
  X[521,521]            1 
  X[522,522]            1 
  X[523,523]            1 
  X[524,524]            1 
  X[525,525]            1 
  X[526,526]            1 
  X[527,527]            1 
  X[528,528]            1 
  X[529,529]            1 
  X[530,530]            1 
  X[531,531]            1 
  X[532,532]            1 
  X[533,533]            1 
  X[534,534]            1 
  X[535,535]            1 
  X[536,536]            1 
  X[537,537]            1 
  X[538,538]            1 
  X[539,539]            1 
  X[541,541]            1 
  X[542,542]            1 
  X[543,543]            1 
  X[544,544]            1 
  X[545,545]            1 
  X[546,546]            1 
  X[547,547]            1 
  X[548,548]            1 
  X[549,549]            1 
  X[550,550]            1 
  X[551,551]            1 
  X[552,552]            1 
  X[553,553]            1 
  X[554,554]            1 
  X[555,555]            1 
  X[556,556]            1 
  X[557,557]            1 
  X[558,558]            1 
  X[559,559]            1 
  X[560,560]            1 
  X[561,561]            1 
  X[562,562]            1 
  X[563,563]            1 
  X[564,564]            1 
  X[565,565]            1 
  X[566,566]            1 
  X[567,567]            1 
  X[568,568]            1 
  X[569,569]            1 
  X[570,570]            1 
  X[571,571]            1 
  X[572,572]            1 
  X[573,573]            1 
  X[574,574]            1 
  X[575,575]            1 
  X[576,576]            1 
  X[577,577]            1 
  X[578,578]            1 
  X[579,579]            1 
  X[580,580]            1 
  X[581,581]            1 
  X[582,582]            1 
  X[583,583]            1 
  X[584,584]            1 
  X[585,585]            1 
  X[586,586]            1 
  X[587,587]            1 
  X[589,589]            1 
  X[590,590]            1 
  X[591,591]            1 
  X[592,592]            1 
  X[593,593]            1 
  X[594,594]            1 
  X[595,595]            1 
  X[596,596]            1 
  X[597,597]            1 
  X[598,598]            1 
  X[600,600]            1 
  X[601,601]            1 
  X[602,602]            1 
  X[603,603]            1 
  X[604,604]            1 
  X[605,605]            1 
  X[606,606]            1 
  X[607,607]            1 
  X[608,608]            1 
  X[609,609]            1 
  X[610,610]            1 
  X[611,611]            1 
  X[612,612]            1 
  X[613,613]            1 
  X[614,614]            1 
  X[615,615]            1 
  X[616,616]            1 
  X[617,617]            1 
  X[618,618]            1 
  X[619,619]            1 
  X[620,620]            1 
  X[621,621]            1 
  X[622,622]            1 
  X[623,623]            1 
  X[624,624]            1 
  X[625,625]            1 
  X[626,626]            1 
  X[627,627]            1 
  X[628,628]            1 
  X[629,629]            1 
  X[630,630]            1 
  X[631,631]            1 
  X[632,632]            1 
  X[633,633]            1 
  X[634,634]            1 
  X[635,635]            1 
  X[636,636]            1 
  X[637,637]            1 
  X[638,638]            1 
  X[639,639]            1 
  X[640,640]            1 
  X[641,641]            1 
  X[642,642]            1 
  X[642,643]            1 
  X[644,644]            1 
  X[644,660]            1 
  X[645,645]            1 
  X[646,646]            1 
  X[647,647]            1 
  X[648,648]            1 
 X[648,1402]            1 
  X[649,649]            1 
  X[650,650]            1 
  X[651,651]            1 
  X[652,652]            1 
  X[653,653]            1 
  X[654,654]            1 
  X[655,655]            1 
  X[656,656]            1 
  X[657,657]            1 
  X[658,658]            1 
  X[659,659]            1 
  X[661,661]            1 
  X[662,662]            1 
  X[663,663]            1 
  X[664,664]            1 
  X[665,299]            1 
  X[665,665]            1 
  X[666,666]            1 
  X[667,667]            1 
  X[668,668]            1 
  X[669,669]            1 
  X[670,670]            1 
  X[671,671]            1 
  X[672,672]            1 
  X[673,673]            1 
  X[674,674]            1 
  X[675,675]            1 
  X[676,676]            1 
  X[677,677]            1 
  X[678,678]            1 
  X[679,679]            1 
  X[680,680]            1 
  X[681,681]            1 
  X[682,682]            1 
  X[684,684]            1 
  X[685,685]            1 
  X[686,686]            1 
  X[687,687]            1 
  X[688,688]            1 
  X[689,689]            1 
  X[690,690]            1 
  X[691,691]            1 
  X[692,692]            1 
  X[693,693]            1 
  X[694,694]            1 
  X[695,695]            1 
  X[696,696]            1 
  X[697,697]            1 
  X[698,698]            1 
  X[699,699]            1 
  X[700,700]            1 
  X[701,701]            1 
  X[702,702]            1 
  X[703,703]            1 
  X[704,704]            1 
  X[705,705]            1 
  X[706,706]            1 
  X[707,707]            1 
  X[708,708]            1 
  X[709,709]            1 
  X[710,710]            1 
  X[711,711]            1 
  X[712,712]            1 
  X[713,713]            1 
  X[714,714]            1 
  X[715,715]            1 
  X[716,716]            1 
  X[718,718]            1 
  X[719,719]            1 
  X[720,720]            1 
  X[721,721]            1 
  X[722,722]            1 
  X[723,723]            1 
  X[724,724]            1 
  X[725,725]            1 
  X[725,754]            1 
  X[726,726]            1 
  X[727,727]            1 
  X[728,728]            1 
  X[729,729]            1 
  X[730,730]            1 
  X[731,731]            1 
  X[732,732]            1 
  X[733,733]            1 
  X[734,734]            1 
  X[735,735]            1 
  X[735,778]            1 
  X[736,736]            1 
  X[738,738]            1 
  X[739,739]            1 
  X[740,740]            1 
  X[741,741]            1 
  X[742,742]            1 
  X[743,743]            1 
  X[744,744]            1 
  X[745,745]            1 
  X[746,746]            1 
  X[747,747]            1 
  X[748,748]            1 
  X[749,749]            1 
  X[750,750]            1 
  X[751,751]            1 
  X[752,752]            1 
  X[753,753]            1 
  X[755,755]            1 
  X[756,756]            1 
  X[757,757]            1 
  X[758,758]            1 
  X[759,759]            1 
  X[760,760]            1 
  X[761,761]            1 
  X[762,762]            1 
  X[763,763]            1 
  X[764,764]            1 
  X[765,765]            1 
  X[766,766]            1 
  X[767,767]            1 
  X[768,768]            1 
  X[769,769]            1 
  X[770,770]            1 
  X[771,771]            1 
  X[772,772]            1 
  X[773,773]            1 
  X[774,774]            1 
  X[775,775]            1 
  X[776,776]            1 
  X[777,777]            1 
  X[779,779]            1 
  X[780,780]            1 
  X[781,781]            1 
  X[782,782]            1 
  X[783,783]            1 
  X[784,784]            1 
  X[785,785]            1 
  X[786,786]            1 
  X[787,787]            1 
  X[788,788]            1 
  X[789,789]            1 
  X[790,790]            1 
  X[791,791]            1 
  X[792,792]            1 
  X[793,793]            1 
  X[794,794]            1 
  X[795,795]            1 
  X[796,796]            1 
  X[797,797]            1 
  X[798,798]            1 
  X[799,799]            1 
  X[800,800]            1 
  X[801,801]            1 
  X[802,802]            1 
  X[803,803]            1 
  X[804,804]            1 
  X[805,805]            1 
  X[806,806]            1 
  X[807,807]            1 
  X[808,808]            1 
  X[809,809]            1 
  X[810,810]            1 
  X[811,811]            1 
  X[812,812]            1 
  X[813,813]            1 
  X[814,814]            1 
  X[815,815]            1 
  X[816,816]            1 
  X[817,817]            1 
  X[818,818]            1 
  X[819,819]            1 
  X[820,820]            1 
  X[821,821]            1 
  X[822,822]            1 
  X[823,823]            1 
  X[824,824]            1 
  X[825,825]            1 
  X[826,826]            1 
  X[827,827]            1 
  X[828,828]            1 
  X[829,829]            1 
  X[830,830]            1 
  X[832,832]            1 
  X[833,833]            1 
  X[834,834]            1 
  X[835,835]            1 
  X[836,836]            1 
  X[837,837]            1 
  X[838,838]            1 
  X[839,839]            1 
  X[840,840]            1 
  X[841,841]            1 
  X[842,842]            1 
  X[843,843]            1 
  X[844,844]            1 
  X[845,845]            1 
  X[846,846]            1 
  X[847,847]            1 
  X[848,848]            1 
  X[849,849]            1 
  X[850,850]            1 
  X[851,851]            1 
  X[852,852]            1 
  X[853,853]            1 
  X[854,854]            1 
  X[855,855]            1 
  X[856,856]            1 
  X[857,857]            1 
  X[858,858]            1 
  X[859,859]            1 
  X[860,860]            1 
  X[861,861]            1 
  X[862,862]            1 
  X[863,863]            1 
  X[864,864]            1 
  X[865,865]            1 
  X[866,866]            1 
  X[867,867]            1 
  X[868,868]            1 
  X[869,869]            1 
  X[870,870]            1 
  X[871,871]            1 
  X[872,872]            1 
  X[873,873]            1 
  X[874,874]            1 
  X[875,875]            1 
  X[876,876]            1 
  X[878,878]            1 
  X[879,879]            1 
  X[880,880]            1 
  X[881,881]            1 
  X[882,882]            1 
  X[883,883]            1 
  X[884,884]            1 
  X[885,885]            1 
  X[886,886]            1 
  X[887,887]            1 
  X[888,888]            1 
  X[889,889]            1 
  X[890,890]            1 
  X[891,891]            1 
  X[892,892]            1 
  X[893,893]            1 
  X[894,894]            1 
  X[895,895]            1 
  X[896,896]            1 
  X[897,897]            1 
  X[898,898]            1 
  X[899,899]            1 
  X[900,900]            1 
  X[901,901]            1 
  X[902,902]            1 
  X[903,903]            1 
  X[905,905]            1 
  X[906,906]            1 
  X[907,907]            1 
  X[908,908]            1 
  X[909,909]            1 
  X[910,910]            1 
  X[911,911]            1 
  X[911,915]            1 
 X[911,1344]            1 
 X[911,1651]            1 
 X[911,1652]            1 
 X[911,1653]            1 
 X[911,1654]            1 
 X[911,1655]            1 
 X[911,1658]            1 
 X[911,1660]            1 
 X[911,1662]            1 
 X[911,1663]            1 
 X[911,1664]            1 
 X[911,1665]            1 
 X[911,1666]            1 
 X[911,1667]            1 
 X[911,1669]            1 
 X[911,1670]            1 
 X[911,1750]            1 
 X[911,1751]            1 
 X[911,1752]            1 
 X[911,1753]            1 
 X[911,1754]            1 
 X[911,1755]            1 
 X[911,1756]            1 
 X[911,1757]            1 
 X[911,1758]            1 
 X[911,1760]            1 
 X[911,1761]            1 
 X[911,1775]            1 
 X[911,1777]            1 
 X[911,1780]            1 
 X[911,1784]            1 
 X[911,1789]            1 
 X[911,1791]            1 
 X[911,1799]            1 
 X[911,1800]            1 
 X[911,1802]            1 
  X[912,912]            1 
  X[913,913]            1 
  X[914,914]            1 
  X[916,916]            1 
  X[917,917]            1 
  X[918,918]            1 
  X[919,919]            1 
  X[920,920]            1 
  X[921,921]            1 
  X[922,922]            1 
  X[923,923]            1 
  X[924,924]            1 
  X[926,926]            1 
  X[928,928]            1 
  X[929,929]            1 
  X[930,930]            1 
  X[931,931]            1 
  X[932,932]            1 
  X[933,933]            1 
  X[934,934]            1 
  X[936,936]            1 
  X[937,937]            1 
  X[938,938]            1 
  X[939,939]            1 
  X[940,940]            1 
  X[941,941]            1 
  X[942,942]            1 
  X[943,943]            1 
  X[944,944]            1 
  X[945,945]            1 
  X[946,946]            1 
  X[947,947]            1 
  X[948,948]            1 
  X[949,949]            1 
  X[950,950]            1 
  X[951,951]            1 
  X[952,952]            1 
  X[953,953]            1 
  X[954,954]            1 
 X[954,1138]            1 
  X[955,955]            1 
  X[956,956]            1 
  X[957,957]            1 
  X[958,958]            1 
  X[959,959]            1 
  X[960,960]            1 
  X[961,961]            1 
  X[962,962]            1 
  X[963,963]            1 
  X[964,964]            1 
  X[965,965]            1 
  X[966,966]            1 
  X[967,967]            1 
  X[968,968]            1 
  X[969,969]            1 
  X[970,970]            1 
  X[971,971]            1 
  X[972,972]            1 
  X[973,973]            1 
  X[974,974]            1 
  X[975,975]            1 
  X[976,976]            1 
  X[977,977]            1 
  X[978,978]            1 
  X[979,979]            1 
  X[980,980]            1 
  X[981,981]            1 
  X[982,982]            1 
  X[982,988]            1 
  X[982,991]            1 
  X[982,994]            1 
  X[982,999]            1 
 X[982,1001]            1 
 X[982,1003]            1 
 X[982,1804]            1 
  X[983,983]            1 
  X[983,997]            1 
  X[984,984]            1 
  X[985,985]            1 
  X[986,986]            1 
  X[987,987]            1 
  X[989,989]            1 
  X[992,992]            1 
  X[993,993]            1 
  X[995,995]            1 
X[1000,1000]            1 
X[1002,1002]            1 
X[1004,1004]            1 
X[1005,1005]            1 
X[1008,1008]            1 
X[1009,1009]            1 
X[1010,1010]            1 
X[1011,1011]            1 
X[1012,1012]            1 
X[1013,1013]            1 
X[1014,1014]            1 
X[1015,1015]            1 
X[1016,1016]            1 
X[1017,1017]            1 
X[1018,1018]            1 
X[1019,1019]            1 
X[1020,1020]            1 
X[1021,1021]            1 
X[1022,1022]            1 
X[1023,1023]            1 
X[1024,1024]            1 
X[1025,1025]            1 
X[1026,1026]            1 
X[1027,1027]            1 
X[1028,1028]            1 
X[1029,1029]            1 
X[1030,1030]            1 
X[1031,1031]            1 
X[1032,1032]            1 
X[1033,1033]            1 
X[1034,1034]            1 
X[1035,1035]            1 
X[1036,1036]            1 
X[1036,1241]            1 
X[1037,1037]            1 
X[1038,1038]            1 
X[1039,1039]            1 
X[1040,1040]            1 
X[1041,1041]            1 
X[1042,1042]            1 
X[1043,1043]            1 
X[1044,1044]            1 
X[1045,1045]            1 
X[1046,1046]            1 
X[1047,1047]            1 
X[1049,1049]            1 
 X[1050,210]            1 
X[1050,1050]            1 
X[1051,1051]            1 
X[1052,1052]            1 
X[1053,1053]            1 
X[1054,1054]            1 
X[1055,1055]            1 
X[1056,1056]            1 
X[1057,1057]            1 
X[1058,1058]            1 
X[1059,1059]            1 
X[1060,1060]            1 
X[1061,1061]            1 
X[1062,1062]            1 
X[1063,1063]            1 
X[1063,1782]            1 
X[1064,1064]            1 
X[1065,1065]            1 
X[1066,1066]            1 
X[1067,1067]            1 
X[1068,1068]            1 
X[1069,1069]            1 
X[1070,1070]            1 
X[1071,1071]            1 
X[1072,1072]            1 
X[1073,1073]            1 
X[1074,1074]            1 
X[1075,1075]            1 
X[1075,1768]            1 
X[1076,1076]            1 
X[1077,1077]            1 
X[1078,1078]            1 
X[1079,1079]            1 
X[1080,1080]            1 
X[1081,1081]            1 
X[1082,1082]            1 
X[1083,1083]            1 
X[1084,1084]            1 
X[1086,1086]            1 
X[1088,1088]            1 
X[1088,1099]            1 
X[1088,1131]            1 
X[1089,1089]            1 
X[1092,1092]            1 
X[1093,1093]            1 
X[1093,1176]            1 
X[1095,1095]            1 
X[1095,1645]            1 
X[1095,1646]            1 
X[1096,1096]            1 
X[1097,1097]            1 
X[1098,1098]            1 
X[1101,1101]            1 
X[1105,1105]            1 
X[1106,1106]            1 
X[1107,1107]            1 
X[1109,1109]            1 
X[1110,1110]            1 
X[1111,1111]            1 
X[1112,1112]            1 
X[1114,1114]            1 
X[1115,1115]            1 
X[1117,1117]            1 
X[1120,1120]            1 
X[1121,1121]            1 
X[1124,1124]            1 
X[1125,1125]            1 
X[1126,1126]            1 
X[1129,1129]            1 
X[1132,1132]            1 
X[1133,1133]            1 
X[1134,1134]            1 
X[1136,1136]            1 
X[1137,1137]            1 
X[1140,1140]            1 
X[1143,1143]            1 
X[1146,1146]            1 
X[1147,1147]            1 
X[1148,1148]            1 
X[1149,1149]            1 
X[1150,1150]            1 
X[1151,1151]            1 
X[1152,1152]            1 
X[1153,1153]            1 
X[1154,1154]            1 
X[1155,1155]            1 
X[1156,1156]            1 
 X[1157,904]            1 
X[1157,1157]            1 
X[1157,1522]            1 
X[1157,1530]            1 
X[1157,1533]            1 
X[1157,1718]            1 
X[1158,1158]            1 
X[1159,1159]            1 
X[1159,1320]            1 
X[1160,1160]            1 
X[1161,1161]            1 
X[1162,1162]            1 
X[1163,1163]            1 
X[1164,1164]            1 
X[1165,1165]            1 
X[1166,1166]            1 
X[1167,1167]            1 
X[1168,1168]            1 
X[1169,1169]            1 
X[1170,1170]            1 
X[1171,1171]            1 
X[1172,1172]            1 
X[1173,1173]            1 
X[1174,1174]            1 
X[1175,1175]            1 
X[1177,1177]            1 
X[1178,1178]            1 
X[1179,1179]            1 
X[1180,1180]            1 
X[1181,1181]            1 
X[1182,1182]            1 
X[1183,1183]            1 
X[1185,1185]            1 
X[1186,1186]            1 
X[1187,1187]            1 
X[1188,1188]            1 
X[1189,1189]            1 
X[1190,1190]            1 
X[1191,1191]            1 
X[1192,1192]            1 
X[1192,1549]            1 
X[1193,1193]            1 
X[1194,1194]            1 
X[1195,1195]            1 
X[1196,1196]            1 
X[1197,1197]            1 
X[1198,1198]            1 
X[1199,1199]            1 
X[1200,1200]            1 
X[1201,1201]            1 
X[1202,1202]            1 
X[1203,1203]            1 
X[1204,1204]            1 
X[1205,1205]            1 
X[1206,1206]            1 
X[1207,1207]            1 
X[1208,1208]            1 
X[1209,1209]            1 
X[1210,1210]            1 
X[1211,1211]            1 
X[1212,1212]            1 
X[1213,1213]            1 
X[1214,1214]            1 
X[1215,1215]            1 
X[1216,1216]            1 
X[1217,1217]            1 
X[1218,1218]            1 
X[1219,1219]            1 
X[1220,1220]            1 
X[1221,1221]            1 
X[1222,1222]            1 
X[1223,1223]            1 
X[1224,1224]            1 
X[1224,1229]            1 
X[1224,1239]            1 
X[1224,1245]            1 
X[1224,1246]            1 
X[1224,1247]            1 
X[1224,1291]            1 
X[1225,1225]            1 
X[1226,1226]            1 
 X[1227,990]            1 
 X[1227,996]            1 
 X[1227,998]            1 
X[1227,1006]            1 
X[1227,1227]            1 
X[1228,1228]            1 
X[1230,1230]            1 
X[1231,1231]            1 
X[1233,1233]            1 
X[1234,1234]            1 
X[1235,1235]            1 
X[1236,1236]            1 
X[1237,1237]            1 
X[1238,1238]            1 
X[1240,1240]            1 
X[1242,1242]            1 
X[1243,1243]            1 
X[1244,1244]            1 
X[1248,1248]            1 
X[1249,1249]            1 
X[1250,1250]            1 
X[1251,1251]            1 
X[1252,1252]            1 
X[1253,1253]            1 
X[1254,1254]            1 
X[1255,1255]            1 
X[1256,1256]            1 
X[1257,1257]            1 
X[1258,1258]            1 
X[1259,1259]            1 
X[1260,1260]            1 
X[1262,1262]            1 
X[1263,1263]            1 
X[1264,1264]            1 
X[1264,1639]            1 
X[1265,1265]            1 
X[1266,1266]            1 
X[1267,1267]            1 
X[1268,1268]            1 
X[1269,1269]            1 
X[1270,1270]            1 
X[1271,1271]            1 
X[1272,1272]            1 
X[1273,1273]            1 
X[1274,1274]            1 
X[1275,1275]            1 
X[1276,1276]            1 
X[1277,1277]            1 
X[1278,1278]            1 
X[1280,1280]            1 
X[1281,1281]            1 
X[1282,1282]            1 
X[1283,1283]            1 
X[1284,1284]            1 
X[1285,1285]            1 
X[1286,1286]            1 
X[1287,1287]            1 
X[1288,1288]            1 
X[1289,1289]            1 
X[1290,1290]            1 
X[1292,1292]            1 
 X[1293,362]            1 
 X[1293,717]            1 
 X[1293,925]            1 
X[1293,1094]            1 
X[1293,1104]            1 
X[1293,1108]            1 
X[1293,1122]            1 
X[1293,1130]            1 
X[1293,1142]            1 
X[1293,1144]            1 
X[1293,1293]            1 
X[1293,1656]            1 
X[1294,1294]            1 
X[1295,1295]            1 
X[1296,1296]            1 
X[1297,1297]            1 
X[1298,1298]            1 
X[1299,1299]            1 
X[1300,1300]            1 
X[1301,1301]            1 
X[1302,1302]            1 
X[1303,1303]            1 
X[1304,1304]            1 
X[1305,1305]            1 
X[1306,1306]            1 
X[1307,1307]            1 
X[1308,1308]            1 
X[1309,1309]            1 
X[1310,1310]            1 
X[1311,1311]            1 
X[1312,1312]            1 
X[1313,1313]            1 
X[1314,1314]            1 
X[1315,1315]            1 
X[1316,1316]            1 
X[1317,1317]            1 
X[1318,1318]            1 
X[1319,1319]            1 
X[1321,1321]            1 
X[1322,1322]            1 
X[1323,1323]            1 
X[1324,1324]            1 
X[1325,1325]            1 
X[1325,1372]            1 
X[1326,1326]            1 
X[1327,1327]            1 
X[1328,1328]            1 
X[1329,1329]            1 
X[1330,1330]            1 
X[1331,1331]            1 
X[1332,1332]            1 
X[1333,1333]            1 
X[1334,1334]            1 
X[1334,1391]            1 
X[1335,1335]            1 
X[1336,1336]            1 
X[1337,1337]            1 
X[1338,1338]            1 
X[1339,1339]            1 
X[1340,1340]            1 
X[1341,1341]            1 
X[1342,1342]            1 
X[1343,1343]            1 
X[1345,1345]            1 
X[1347,1347]            1 
X[1348,1348]            1 
X[1349,1349]            1 
X[1350,1350]            1 
X[1351,1351]            1 
X[1352,1352]            1 
X[1353,1353]            1 
X[1354,1354]            1 
X[1355,1355]            1 
X[1356,1356]            1 
X[1357,1357]            1 
X[1358,1358]            1 
X[1359,1359]            1 
X[1360,1360]            1 
X[1361,1361]            1 
X[1362,1362]            1 
X[1363,1363]            1 
X[1364,1364]            1 
X[1365,1365]            1 
X[1366,1366]            1 
X[1367,1367]            1 
X[1368,1368]            1 
X[1369,1369]            1 
X[1370,1370]            1 
X[1371,1371]            1 
X[1373,1373]            1 
X[1374,1374]            1 
X[1375,1375]            1 
X[1376,1376]            1 
X[1377,1377]            1 
X[1378,1378]            1 
X[1379,1379]            1 
X[1380,1380]            1 
X[1381,1381]            1 
X[1382,1382]            1 
X[1383,1383]            1 
X[1384,1384]            1 
X[1385,1385]            1 
X[1386,1386]            1 
X[1387,1387]            1 
X[1388,1388]            1 
X[1389,1389]            1 
X[1390,1390]            1 
X[1392,1392]            1 
X[1393,1393]            1 
X[1394,1394]            1 
X[1395,1395]            1 
X[1396,1396]            1 
X[1397,1397]            1 
X[1398,1398]            1 
X[1399,1399]            1 
X[1400,1400]            1 
X[1401,1401]            1 
X[1403,1403]            1 
X[1404,1404]            1 
X[1405,1405]            1 
X[1406,1406]            1 
X[1407,1407]            1 
X[1408,1408]            1 
X[1409,1409]            1 
X[1410,1410]            1 
X[1411,1411]            1 
X[1412,1412]            1 
X[1413,1413]            1 
X[1414,1414]            1 
X[1415,1415]            1 
X[1416,1416]            1 
X[1417,1417]            1 
X[1418,1418]            1 
X[1419,1419]            1 
X[1420,1420]            1 
X[1421,1421]            1 
X[1422,1422]            1 
X[1423,1423]            1 
X[1424,1424]            1 
X[1425,1425]            1 
X[1426,1426]            1 
X[1427,1427]            1 
X[1428,1428]            1 
X[1429,1429]            1 
X[1430,1430]            1 
X[1431,1431]            1 
X[1432,1432]            1 
X[1433,1433]            1 
X[1434,1434]            1 
X[1435,1435]            1 
X[1436,1436]            1 
X[1437,1437]            1 
X[1438,1438]            1 
X[1439,1439]            1 
X[1440,1440]            1 
X[1441,1441]            1 
X[1442,1442]            1 
X[1443,1443]            1 
X[1444,1444]            1 
X[1445,1445]            1 
X[1446,1446]            1 
X[1447,1447]            1 
X[1448,1448]            1 
X[1449,1449]            1 
X[1450,1450]            1 
X[1451,1451]            1 
X[1452,1452]            1 
X[1453,1453]            1 
X[1454,1454]            1 
X[1455,1455]            1 
X[1456,1456]            1 
X[1456,1464]            1 
X[1457,1457]            1 
X[1458,1458]            1 
 X[1459,683]            1 
X[1459,1459]            1 
X[1460,1460]            1 
X[1461,1461]            1 
X[1462,1462]            1 
X[1463,1463]            1 
X[1465,1465]            1 
X[1466,1466]            1 
X[1467,1467]            1 
X[1468,1468]            1 
X[1469,1469]            1 
X[1470,1470]            1 
X[1471,1471]            1 
X[1472,1472]            1 
X[1473,1473]            1 
X[1474,1474]            1 
X[1475,1475]            1 
X[1476,1476]            1 
X[1477,1477]            1 
X[1478,1478]            1 
X[1479,1479]            1 
X[1480,1480]            1 
X[1481,1481]            1 
X[1481,1487]            1 
X[1482,1482]            1 
X[1483,1483]            1 
X[1484,1484]            1 
X[1485,1485]            1 
X[1486,1486]            1 
X[1488,1488]            1 
X[1489,1489]            1 
X[1490,1490]            1 
X[1491,1491]            1 
X[1492,1492]            1 
X[1493,1493]            1 
X[1494,1494]            1 
X[1495,1495]            1 
X[1496,1496]            1 
X[1497,1497]            1 
X[1498,1498]            1 
X[1499,1499]            1 
X[1500,1500]            1 
X[1501,1501]            1 
X[1502,1502]            1 
X[1503,1503]            1 
X[1504,1504]            1 
X[1505,1505]            1 
X[1506,1506]            1 
X[1507,1507]            1 
X[1508,1508]            1 
X[1509,1509]            1 
X[1510,1007]            1 
X[1510,1510]            1 
X[1511,1511]            1 
X[1511,1526]            1 
X[1512,1512]            1 
X[1513,1513]            1 
X[1514,1514]            1 
X[1515,1515]            1 
X[1516,1516]            1 
X[1517,1517]            1 
X[1518,1518]            1 
X[1519,1519]            1 
X[1520,1520]            1 
X[1521,1521]            1 
X[1523,1523]            1 
X[1524,1524]            1 
X[1525,1525]            1 
X[1527,1527]            1 
X[1528,1528]            1 
X[1529,1529]            1 
X[1531,1531]            1 
X[1532,1532]            1 
X[1534,1534]            1 
X[1535,1535]            1 
X[1536,1536]            1 
X[1537,1537]            1 
X[1538,1538]            1 
X[1539,1539]            1 
X[1540,1540]            1 
  X[1541,24]            1 
X[1541,1541]            1 
X[1542,1542]            1 
X[1543,1543]            1 
X[1544,1544]            1 
X[1545,1545]            1 
X[1546,1546]            1 
X[1547,1547]            1 
X[1548,1548]            1 
X[1550,1550]            1 
X[1551,1551]            1 
X[1552,1552]            1 
X[1553,1553]            1 
X[1554,1554]            1 
X[1555,1555]            1 
X[1556,1556]            1 
X[1557,1557]            1 
X[1558,1558]            1 
X[1559,1559]            1 
X[1560,1560]            1 
X[1561,1561]            1 
X[1562,1562]            1 
X[1563,1563]            1 
X[1564,1564]            1 
X[1565,1565]            1 
X[1566,1566]            1 
X[1567,1567]            1 
X[1568,1568]            1 
X[1569,1569]            1 
X[1570,1570]            1 
X[1571,1571]            1 
X[1572,1572]            1 
X[1573,1573]            1 
X[1574,1574]            1 
X[1575,1575]            1 
X[1576,1576]            1 
X[1577,1577]            1 
X[1578,1578]            1 
X[1579,1579]            1 
X[1580,1580]            1 
X[1581,1581]            1 
X[1582,1582]            1 
X[1583,1583]            1 
X[1584,1584]            1 
X[1585,1585]            1 
X[1586,1586]            1 
X[1587,1587]            1 
X[1588,1588]            1 
X[1589,1589]            1 
X[1590,1590]            1 
X[1591,1591]            1 
X[1592,1592]            1 
X[1593,1593]            1 
X[1594,1279]            1 
X[1594,1594]            1 
X[1595,1595]            1 
X[1596,1596]            1 
X[1597,1597]            1 
X[1598,1598]            1 
X[1599,1599]            1 
X[1600,1600]            1 
X[1601,1601]            1 
X[1602,1602]            1 
X[1603,1603]            1 
X[1604,1604]            1 
X[1605,1605]            1 
X[1606,1606]            1 
X[1608,1608]            1 
X[1609,1609]            1 
X[1610,1610]            1 
X[1611,1611]            1 
X[1612,1612]            1 
X[1613,1613]            1 
X[1614,1614]            1 
X[1615,1615]            1 
X[1616,1616]            1 
X[1617,1617]            1 
X[1618,1618]            1 
X[1619,1619]            1 
X[1620,1620]            1 
X[1621,1621]            1 
X[1622,1622]            1 
X[1623,1623]            1 
X[1624,1624]            1 
X[1625,1625]            1 
X[1626,1626]            1 
X[1627,1627]            1 
X[1628,1628]            1 
X[1629,1629]            1 
X[1630,1630]            1 
X[1631,1631]            1 
X[1632,1632]            1 
X[1633,1633]            1 
X[1634,1634]            1 
X[1635,1635]            1 
X[1636,1636]            1 
X[1637,1637]            1 
X[1638,1638]            1 
X[1640,1640]            1 
X[1641,1641]            1 
X[1642,1642]            1 
X[1643,1643]            1 
X[1644,1644]            1 
X[1647,1647]            1 
X[1648,1648]            1 
X[1649,1649]            1 
X[1649,1776]            1 
X[1650,1650]            1 
X[1659,1659]            1 
X[1661,1661]            1 
X[1668,1668]            1 
X[1671,1671]            1 
X[1672,1672]            1 
X[1673,1673]            1 
X[1674,1674]            1 
X[1674,1676]            1 
X[1675,1675]            1 
X[1677,1346]            1 
X[1677,1677]            1 
X[1678,1678]            1 
X[1679,1679]            1 
X[1680,1680]            1 
X[1681,1681]            1 
X[1682,1682]            1 
X[1683,1683]            1 
X[1684,1684]            1 
X[1685,1685]            1 
X[1686,1686]            1 
X[1687,1687]            1 
X[1688,1688]            1 
X[1689,1689]            1 
X[1690,1690]            1 
X[1691,1691]            1 
X[1692,1692]            1 
X[1693,1693]            1 
X[1694,1694]            1 
X[1695,1695]            1 
X[1696,1696]            1 
X[1697,1697]            1 
X[1698,1698]            1 
X[1699,1699]            1 
X[1700,1700]            1 
X[1701,1701]            1 
X[1702,1702]            1 
X[1703,1703]            1 
X[1705,1705]            1 
X[1706,1706]            1 
X[1707,1707]            1 
X[1708,1708]            1 
X[1709,1709]            1 
X[1710,1710]            1 
X[1711,1711]            1 
X[1712,1712]            1 
X[1713,1713]            1 
X[1714,1714]            1 
X[1715,1715]            1 
X[1716,1716]            1 
X[1717,1717]            1 
X[1719,1719]            1 
X[1720,1720]            1 
X[1721,1721]            1 
X[1722,1722]            1 
X[1723,1723]            1 
X[1724,1724]            1 
X[1725,1725]            1 
X[1726,1726]            1 
X[1727,1727]            1 
X[1728,1728]            1 
X[1729,1729]            1 
X[1730,1730]            1 
X[1731,1731]            1 
X[1732,1732]            1 
X[1733,1733]            1 
X[1734,1734]            1 
X[1735,1735]            1 
X[1736,1736]            1 
X[1737,1737]            1 
X[1738,1738]            1 
X[1739,1739]            1 
X[1740,1740]            1 
X[1741,1741]            1 
X[1742,1742]            1 
X[1743,1743]            1 
X[1744,1744]            1 
X[1745,1745]            1 
X[1746,1746]            1 
X[1747,1747]            1 
X[1748,1748]            1 
 X[1749,831]            1 
X[1749,1749]            1 
X[1759,1759]            1 
X[1762,1762]            1 
X[1764,1764]            1 
X[1765,1765]            1 
X[1766,1766]            1 
X[1767,1767]            1 
X[1769,1769]            1 
X[1770,1770]            1 
X[1771,1771]            1 
X[1772,1772]            1 
X[1773,1773]            1 
X[1774,1774]            1 
X[1774,1783]            1 
X[1774,1786]            1 
X[1778,1778]            1 
X[1779,1779]            1 
X[1781,1781]            1 
X[1785,1785]            1 
X[1787,1787]            1 
X[1788,1788]            1 
X[1790,1790]            1 
X[1792,1792]            1 
X[1793,1793]            1 
X[1794,1794]            1 
X[1795,1795]            1 
X[1795,1803]            1 
X[1796,1796]            1 
X[1797,1797]            1 
X[1798,1798]            1 
X[1801,1801]            1 
        Y[0]            1 
        Y[1]            1 
        Y[2]            1 
        Y[3]            1 
        Y[4]            1 
        Y[5]            1 
        Y[7]            1 
        Y[8]            1 
        Y[9]            1 
       Y[11]            1 
       Y[12]            1 
       Y[13]            1 
       Y[14]            1 
       Y[15]            1 
       Y[16]            1 
       Y[17]            1 
       Y[18]            1 
       Y[19]            1 
       Y[20]            1 
       Y[21]            1 
       Y[22]            1 
       Y[23]            1 
       Y[25]            1 
       Y[26]            1 
       Y[27]            1 
       Y[28]            1 
       Y[29]            1 
       Y[30]            1 
       Y[31]            1 
       Y[32]            1 
       Y[33]            1 
       Y[34]            1 
       Y[35]            1 
       Y[36]            1 
       Y[37]            1 
       Y[38]            1 
       Y[39]            1 
       Y[40]            1 
       Y[41]            1 
       Y[42]            1 
       Y[43]            1 
       Y[44]            1 
       Y[45]            1 
       Y[46]            1 
       Y[47]            1 
       Y[48]            1 
       Y[49]            1 
       Y[50]            1 
       Y[51]            1 
       Y[52]            1 
       Y[53]            1 
       Y[54]            1 
       Y[55]            1 
       Y[56]            1 
       Y[57]            1 
       Y[60]            1 
       Y[62]            1 
       Y[64]            1 
       Y[65]            1 
       Y[66]            1 
       Y[67]            1 
       Y[71]            1 
       Y[73]            1 
       Y[75]            1 
       Y[77]            1 
       Y[79]            1 
       Y[80]            1 
       Y[81]            1 
       Y[82]            1 
       Y[85]            1 
       Y[86]            1 
       Y[88]            1 
       Y[90]            1 
       Y[91]            1 
       Y[95]            1 
       Y[97]            1 
       Y[99]            1 
      Y[100]            1 
      Y[101]            1 
      Y[102]            1 
      Y[104]            1 
      Y[108]            1 
      Y[111]            1 
      Y[112]            1 
      Y[113]            1 
      Y[114]            1 
      Y[116]            1 
      Y[118]            1 
      Y[121]            1 
      Y[122]            1 
      Y[125]            1 
      Y[126]            1 
      Y[127]            1 
      Y[128]            1 
      Y[129]            1 
      Y[130]            1 
      Y[131]            1 
      Y[132]            1 
      Y[135]            1 
      Y[136]            1 
      Y[138]            1 
      Y[139]            1 
      Y[140]            1 
      Y[142]            1 
      Y[144]            1 
      Y[145]            1 
      Y[146]            1 
      Y[147]            1 
      Y[148]            1 
      Y[149]            1 
      Y[150]            1 
      Y[151]            1 
      Y[152]            1 
      Y[153]            1 
      Y[154]            1 
      Y[155]            1 
      Y[156]            1 
      Y[157]            1 
      Y[158]            1 
      Y[159]            1 
      Y[160]            1 
      Y[161]            1 
      Y[162]            1 
      Y[163]            1 
      Y[164]            1 
      Y[165]            1 
      Y[166]            1 
      Y[167]            1 
      Y[168]            1 
      Y[169]            1 
      Y[170]            1 
      Y[171]            1 
      Y[172]            1 
      Y[174]            1 
      Y[175]            1 
      Y[176]            1 
      Y[177]            1 
      Y[178]            1 
      Y[179]            1 
      Y[180]            1 
      Y[181]            1 
      Y[182]            1 
      Y[183]            1 
      Y[184]            1 
      Y[185]            1 
      Y[186]            1 
      Y[187]            1 
      Y[189]            1 
      Y[190]            1 
      Y[192]            1 
      Y[193]            1 
      Y[194]            1 
      Y[195]            1 
      Y[198]            1 
      Y[199]            1 
      Y[200]            1 
      Y[202]            1 
      Y[203]            1 
      Y[204]            1 
      Y[205]            1 
      Y[206]            1 
      Y[207]            1 
      Y[211]            1 
      Y[214]            1 
      Y[215]            1 
      Y[216]            1 
      Y[217]            1 
      Y[218]            1 
      Y[219]            1 
      Y[220]            1 
      Y[221]            1 
      Y[222]            1 
      Y[223]            1 
      Y[225]            1 
      Y[226]            1 
      Y[227]            1 
      Y[228]            1 
      Y[229]            1 
      Y[230]            1 
      Y[231]            1 
      Y[233]            1 
      Y[234]            1 
      Y[235]            1 
      Y[236]            1 
      Y[237]            1 
      Y[238]            1 
      Y[239]            1 
      Y[240]            1 
      Y[241]            1 
      Y[243]            1 
      Y[244]            1 
      Y[245]            1 
      Y[246]            1 
      Y[247]            1 
      Y[248]            1 
      Y[249]            1 
      Y[250]            1 
      Y[251]            1 
      Y[252]            1 
      Y[253]            1 
      Y[254]            1 
      Y[255]            1 
      Y[256]            1 
      Y[257]            1 
      Y[258]            1 
      Y[259]            1 
      Y[260]            1 
      Y[261]            1 
      Y[262]            1 
      Y[263]            1 
      Y[264]            1 
      Y[265]            1 
      Y[266]            1 
      Y[267]            1 
      Y[268]            1 
      Y[269]            1 
      Y[270]            1 
      Y[271]            1 
      Y[272]            1 
      Y[273]            1 
      Y[274]            1 
      Y[275]            1 
      Y[276]            1 
      Y[277]            1 
      Y[278]            1 
      Y[279]            1 
      Y[280]            1 
      Y[281]            1 
      Y[282]            1 
      Y[284]            1 
      Y[285]            1 
      Y[286]            1 
      Y[287]            1 
      Y[288]            1 
      Y[289]            1 
      Y[290]            1 
      Y[291]            1 
      Y[293]            1 
      Y[294]            1 
      Y[295]            1 
      Y[296]            1 
      Y[297]            1 
      Y[298]            1 
      Y[300]            1 
      Y[301]            1 
      Y[302]            1 
      Y[303]            1 
      Y[304]            1 
      Y[305]            1 
      Y[308]            1 
      Y[309]            1 
      Y[310]            1 
      Y[311]            1 
      Y[312]            1 
      Y[313]            1 
      Y[314]            1 
      Y[315]            1 
      Y[316]            1 
      Y[317]            1 
      Y[318]            1 
      Y[320]            1 
      Y[321]            1 
      Y[322]            1 
      Y[323]            1 
      Y[324]            1 
      Y[325]            1 
      Y[326]            1 
      Y[327]            1 
      Y[329]            1 
      Y[330]            1 
      Y[331]            1 
      Y[332]            1 
      Y[333]            1 
      Y[334]            1 
      Y[335]            1 
      Y[336]            1 
      Y[337]            1 
      Y[338]            1 
      Y[339]            1 
      Y[340]            1 
      Y[341]            1 
      Y[342]            1 
      Y[343]            1 
      Y[344]            1 
      Y[345]            1 
      Y[346]            1 
      Y[347]            1 
      Y[348]            1 
      Y[349]            1 
      Y[350]            1 
      Y[352]            1 
      Y[353]            1 
      Y[354]            1 
      Y[355]            1 
      Y[356]            1 
      Y[357]            1 
      Y[358]            1 
      Y[359]            1 
      Y[360]            1 
      Y[361]            1 
      Y[363]            1 
      Y[364]            1 
      Y[365]            1 
      Y[366]            1 
      Y[367]            1 
      Y[368]            1 
      Y[369]            1 
      Y[370]            1 
      Y[371]            1 
      Y[372]            1 
      Y[373]            1 
      Y[374]            1 
      Y[375]            1 
      Y[376]            1 
      Y[377]            1 
      Y[378]            1 
      Y[379]            1 
      Y[380]            1 
      Y[381]            1 
      Y[382]            1 
      Y[384]            1 
      Y[385]            1 
      Y[386]            1 
      Y[387]            1 
      Y[388]            1 
      Y[389]            1 
      Y[390]            1 
      Y[391]            1 
      Y[392]            1 
      Y[393]            1 
      Y[394]            1 
      Y[395]            1 
      Y[396]            1 
      Y[397]            1 
      Y[398]            1 
      Y[399]            1 
      Y[400]            1 
      Y[401]            1 
      Y[402]            1 
      Y[403]            1 
      Y[404]            1 
      Y[405]            1 
      Y[406]            1 
      Y[407]            1 
      Y[408]            1 
      Y[409]            1 
      Y[410]            1 
      Y[411]            1 
      Y[412]            1 
      Y[413]            1 
      Y[414]            1 
      Y[415]            1 
      Y[416]            1 
      Y[417]            1 
      Y[418]            1 
      Y[419]            1 
      Y[420]            1 
      Y[421]            1 
      Y[422]            1 
      Y[423]            1 
      Y[424]            1 
      Y[425]            1 
      Y[426]            1 
      Y[427]            1 
      Y[428]            1 
      Y[429]            1 
      Y[430]            1 
      Y[431]            1 
      Y[432]            1 
      Y[433]            1 
      Y[434]            1 
      Y[435]            1 
      Y[436]            1 
      Y[437]            1 
      Y[438]            1 
      Y[439]            1 
      Y[440]            1 
      Y[441]            1 
      Y[442]            1 
      Y[443]            1 
      Y[444]            1 
      Y[445]            1 
      Y[446]            1 
      Y[447]            1 
      Y[448]            1 
      Y[449]            1 
      Y[450]            1 
      Y[451]            1 
      Y[452]            1 
      Y[453]            1 
      Y[454]            1 
      Y[455]            1 
      Y[456]            1 
      Y[457]            1 
      Y[458]            1 
      Y[459]            1 
      Y[460]            1 
      Y[461]            1 
      Y[462]            1 
      Y[463]            1 
      Y[464]            1 
      Y[465]            1 
      Y[466]            1 
      Y[467]            1 
      Y[468]            1 
      Y[469]            1 
      Y[470]            1 
      Y[471]            1 
      Y[472]            1 
      Y[473]            1 
      Y[474]            1 
      Y[475]            1 
      Y[476]            1 
      Y[477]            1 
      Y[478]            1 
      Y[479]            1 
      Y[480]            1 
      Y[481]            1 
      Y[482]            1 
      Y[483]            1 
      Y[484]            1 
      Y[485]            1 
      Y[486]            1 
      Y[487]            1 
      Y[488]            1 
      Y[489]            1 
      Y[490]            1 
      Y[491]            1 
      Y[492]            1 
      Y[493]            1 
      Y[494]            1 
      Y[495]            1 
      Y[496]            1 
      Y[497]            1 
      Y[498]            1 
      Y[499]            1 
      Y[502]            1 
      Y[503]            1 
      Y[504]            1 
      Y[505]            1 
      Y[506]            1 
      Y[507]            1 
      Y[508]            1 
      Y[509]            1 
      Y[510]            1 
      Y[511]            1 
      Y[512]            1 
      Y[513]            1 
      Y[514]            1 
      Y[515]            1 
      Y[516]            1 
      Y[517]            1 
      Y[518]            1 
      Y[519]            1 
      Y[520]            1 
      Y[521]            1 
      Y[522]            1 
      Y[523]            1 
      Y[524]            1 
      Y[525]            1 
      Y[526]            1 
      Y[527]            1 
      Y[528]            1 
      Y[529]            1 
      Y[530]            1 
      Y[531]            1 
      Y[532]            1 
      Y[533]            1 
      Y[534]            1 
      Y[535]            1 
      Y[536]            1 
      Y[537]            1 
      Y[538]            1 
      Y[539]            1 
      Y[541]            1 
      Y[542]            1 
      Y[543]            1 
      Y[544]            1 
      Y[545]            1 
      Y[546]            1 
      Y[547]            1 
      Y[548]            1 
      Y[549]            1 
      Y[550]            1 
      Y[551]            1 
      Y[552]            1 
      Y[553]            1 
      Y[554]            1 
      Y[555]            1 
      Y[556]            1 
      Y[557]            1 
      Y[558]            1 
      Y[559]            1 
      Y[560]            1 
      Y[561]            1 
      Y[562]            1 
      Y[563]            1 
      Y[564]            1 
      Y[565]            1 
      Y[566]            1 
      Y[567]            1 
      Y[568]            1 
      Y[569]            1 
      Y[570]            1 
      Y[571]            1 
      Y[572]            1 
      Y[573]            1 
      Y[574]            1 
      Y[575]            1 
      Y[576]            1 
      Y[577]            1 
      Y[578]            1 
      Y[579]            1 
      Y[580]            1 
      Y[581]            1 
      Y[582]            1 
      Y[583]            1 
      Y[584]            1 
      Y[585]            1 
      Y[586]            1 
      Y[587]            1 
      Y[589]            1 
      Y[590]            1 
      Y[591]            1 
      Y[592]            1 
      Y[593]            1 
      Y[594]            1 
      Y[595]            1 
      Y[596]            1 
      Y[597]            1 
      Y[598]            1 
      Y[600]            1 
      Y[601]            1 
      Y[602]            1 
      Y[603]            1 
      Y[604]            1 
      Y[605]            1 
      Y[606]            1 
      Y[607]            1 
      Y[608]            1 
      Y[609]            1 
      Y[610]            1 
      Y[611]            1 
      Y[612]            1 
      Y[613]            1 
      Y[614]            1 
      Y[615]            1 
      Y[616]            1 
      Y[617]            1 
      Y[618]            1 
      Y[619]            1 
      Y[620]            1 
      Y[621]            1 
      Y[622]            1 
      Y[623]            1 
      Y[624]            1 
      Y[625]            1 
      Y[626]            1 
      Y[627]            1 
      Y[628]            1 
      Y[629]            1 
      Y[630]            1 
      Y[631]            1 
      Y[632]            1 
      Y[633]            1 
      Y[634]            1 
      Y[635]            1 
      Y[636]            1 
      Y[637]            1 
      Y[638]            1 
      Y[639]            1 
      Y[640]            1 
      Y[641]            1 
      Y[642]            1 
      Y[644]            1 
      Y[645]            1 
      Y[646]            1 
      Y[647]            1 
      Y[648]            1 
      Y[649]            1 
      Y[650]            1 
      Y[651]            1 
      Y[652]            1 
      Y[653]            1 
      Y[654]            1 
      Y[655]            1 
      Y[656]            1 
      Y[657]            1 
      Y[658]            1 
      Y[659]            1 
      Y[661]            1 
      Y[662]            1 
      Y[663]            1 
      Y[664]            1 
      Y[665]            1 
      Y[666]            1 
      Y[667]            1 
      Y[668]            1 
      Y[669]            1 
      Y[670]            1 
      Y[671]            1 
      Y[672]            1 
      Y[673]            1 
      Y[674]            1 
      Y[675]            1 
      Y[676]            1 
      Y[677]            1 
      Y[678]            1 
      Y[679]            1 
      Y[680]            1 
      Y[681]            1 
      Y[682]            1 
      Y[684]            1 
      Y[685]            1 
      Y[686]            1 
      Y[687]            1 
      Y[688]            1 
      Y[689]            1 
      Y[690]            1 
      Y[691]            1 
      Y[692]            1 
      Y[693]            1 
      Y[694]            1 
      Y[695]            1 
      Y[696]            1 
      Y[697]            1 
      Y[698]            1 
      Y[699]            1 
      Y[700]            1 
      Y[701]            1 
      Y[702]            1 
      Y[703]            1 
      Y[704]            1 
      Y[705]            1 
      Y[706]            1 
      Y[707]            1 
      Y[708]            1 
      Y[709]            1 
      Y[710]            1 
      Y[711]            1 
      Y[712]            1 
      Y[713]            1 
      Y[714]            1 
      Y[715]            1 
      Y[716]            1 
      Y[718]            1 
      Y[719]            1 
      Y[720]            1 
      Y[721]            1 
      Y[722]            1 
      Y[723]            1 
      Y[724]            1 
      Y[725]            1 
      Y[726]            1 
      Y[727]            1 
      Y[728]            1 
      Y[729]            1 
      Y[730]            1 
      Y[731]            1 
      Y[732]            1 
      Y[733]            1 
      Y[734]            1 
      Y[735]            1 
      Y[736]            1 
      Y[738]            1 
      Y[739]            1 
      Y[740]            1 
      Y[741]            1 
      Y[742]            1 
      Y[743]            1 
      Y[744]            1 
      Y[745]            1 
      Y[746]            1 
      Y[747]            1 
      Y[748]            1 
      Y[749]            1 
      Y[750]            1 
      Y[751]            1 
      Y[752]            1 
      Y[753]            1 
      Y[755]            1 
      Y[756]            1 
      Y[757]            1 
      Y[758]            1 
      Y[759]            1 
      Y[760]            1 
      Y[761]            1 
      Y[762]            1 
      Y[763]            1 
      Y[764]            1 
      Y[765]            1 
      Y[766]            1 
      Y[767]            1 
      Y[768]            1 
      Y[769]            1 
      Y[770]            1 
      Y[771]            1 
      Y[772]            1 
      Y[773]            1 
      Y[774]            1 
      Y[775]            1 
      Y[776]            1 
      Y[777]            1 
      Y[779]            1 
      Y[780]            1 
      Y[781]            1 
      Y[782]            1 
      Y[783]            1 
      Y[784]            1 
      Y[785]            1 
      Y[786]            1 
      Y[787]            1 
      Y[788]            1 
      Y[789]            1 
      Y[790]            1 
      Y[791]            1 
      Y[792]            1 
      Y[793]            1 
      Y[794]            1 
      Y[795]            1 
      Y[796]            1 
      Y[797]            1 
      Y[798]            1 
      Y[799]            1 
      Y[800]            1 
      Y[801]            1 
      Y[802]            1 
      Y[803]            1 
      Y[804]            1 
      Y[805]            1 
      Y[806]            1 
      Y[807]            1 
      Y[808]            1 
      Y[809]            1 
      Y[810]            1 
      Y[811]            1 
      Y[812]            1 
      Y[813]            1 
      Y[814]            1 
      Y[815]            1 
      Y[816]            1 
      Y[817]            1 
      Y[818]            1 
      Y[819]            1 
      Y[820]            1 
      Y[821]            1 
      Y[822]            1 
      Y[823]            1 
      Y[824]            1 
      Y[825]            1 
      Y[826]            1 
      Y[827]            1 
      Y[828]            1 
      Y[829]            1 
      Y[830]            1 
      Y[832]            1 
      Y[833]            1 
      Y[834]            1 
      Y[835]            1 
      Y[836]            1 
      Y[837]            1 
      Y[838]            1 
      Y[839]            1 
      Y[840]            1 
      Y[841]            1 
      Y[842]            1 
      Y[843]            1 
      Y[844]            1 
      Y[845]            1 
      Y[846]            1 
      Y[847]            1 
      Y[848]            1 
      Y[849]            1 
      Y[850]            1 
      Y[851]            1 
      Y[852]            1 
      Y[853]            1 
      Y[854]            1 
      Y[855]            1 
      Y[856]            1 
      Y[857]            1 
      Y[858]            1 
      Y[859]            1 
      Y[860]            1 
      Y[861]            1 
      Y[862]            1 
      Y[863]            1 
      Y[864]            1 
      Y[865]            1 
      Y[866]            1 
      Y[867]            1 
      Y[868]            1 
      Y[869]            1 
      Y[870]            1 
      Y[871]            1 
      Y[872]            1 
      Y[873]            1 
      Y[874]            1 
      Y[875]            1 
      Y[876]            1 
      Y[878]            1 
      Y[879]            1 
      Y[880]            1 
      Y[881]            1 
      Y[882]            1 
      Y[883]            1 
      Y[884]            1 
      Y[885]            1 
      Y[886]            1 
      Y[887]            1 
      Y[888]            1 
      Y[889]            1 
      Y[890]            1 
      Y[891]            1 
      Y[892]            1 
      Y[893]            1 
      Y[894]            1 
      Y[895]            1 
      Y[896]            1 
      Y[897]            1 
      Y[898]            1 
      Y[899]            1 
      Y[900]            1 
      Y[901]            1 
      Y[902]            1 
      Y[903]            1 
      Y[905]            1 
      Y[906]            1 
      Y[907]            1 
      Y[908]            1 
      Y[909]            1 
      Y[910]            1 
      Y[911]            1 
      Y[912]            1 
      Y[913]            1 
      Y[914]            1 
      Y[916]            1 
      Y[917]            1 
      Y[918]            1 
      Y[919]            1 
      Y[920]            1 
      Y[921]            1 
      Y[922]            1 
      Y[923]            1 
      Y[924]            1 
      Y[926]            1 
      Y[928]            1 
      Y[929]            1 
      Y[930]            1 
      Y[931]            1 
      Y[932]            1 
      Y[933]            1 
      Y[934]            1 
      Y[936]            1 
      Y[937]            1 
      Y[938]            1 
      Y[939]            1 
      Y[940]            1 
      Y[941]            1 
      Y[942]            1 
      Y[943]            1 
      Y[944]            1 
      Y[945]            1 
      Y[946]            1 
      Y[947]            1 
      Y[948]            1 
      Y[949]            1 
      Y[950]            1 
      Y[951]            1 
      Y[952]            1 
      Y[953]            1 
      Y[954]            1 
      Y[955]            1 
      Y[956]            1 
      Y[957]            1 
      Y[958]            1 
      Y[959]            1 
      Y[960]            1 
      Y[961]            1 
      Y[962]            1 
      Y[963]            1 
      Y[964]            1 
      Y[965]            1 
      Y[966]            1 
      Y[967]            1 
      Y[968]            1 
      Y[969]            1 
      Y[970]            1 
      Y[971]            1 
      Y[972]            1 
      Y[973]            1 
      Y[974]            1 
      Y[975]            1 
      Y[976]            1 
      Y[977]            1 
      Y[978]            1 
      Y[979]            1 
      Y[980]            1 
      Y[981]            1 
      Y[982]            1 
      Y[983]            1 
      Y[984]            1 
      Y[985]            1 
      Y[986]            1 
      Y[987]            1 
      Y[989]            1 
      Y[992]            1 
      Y[993]            1 
      Y[995]            1 
     Y[1000]            1 
     Y[1002]            1 
     Y[1004]            1 
     Y[1005]            1 
     Y[1008]            1 
     Y[1009]            1 
     Y[1010]            1 
     Y[1011]            1 
     Y[1012]            1 
     Y[1013]            1 
     Y[1014]            1 
     Y[1015]            1 
     Y[1016]            1 
     Y[1017]            1 
     Y[1018]            1 
     Y[1019]            1 
     Y[1020]            1 
     Y[1021]            1 
     Y[1022]            1 
     Y[1023]            1 
     Y[1024]            1 
     Y[1025]            1 
     Y[1026]            1 
     Y[1027]            1 
     Y[1028]            1 
     Y[1029]            1 
     Y[1030]            1 
     Y[1031]            1 
     Y[1032]            1 
     Y[1033]            1 
     Y[1034]            1 
     Y[1035]            1 
     Y[1036]            1 
     Y[1037]            1 
     Y[1038]            1 
     Y[1039]            1 
     Y[1040]            1 
     Y[1041]            1 
     Y[1042]            1 
     Y[1043]            1 
     Y[1044]            1 
     Y[1045]            1 
     Y[1046]            1 
     Y[1047]            1 
     Y[1049]            1 
     Y[1050]            1 
     Y[1051]            1 
     Y[1052]            1 
     Y[1053]            1 
     Y[1054]            1 
     Y[1055]            1 
     Y[1056]            1 
     Y[1057]            1 
     Y[1058]            1 
     Y[1059]            1 
     Y[1060]            1 
     Y[1061]            1 
     Y[1062]            1 
     Y[1063]            1 
     Y[1064]            1 
     Y[1065]            1 
     Y[1066]            1 
     Y[1067]            1 
     Y[1068]            1 
     Y[1069]            1 
     Y[1070]            1 
     Y[1071]            1 
     Y[1072]            1 
     Y[1073]            1 
     Y[1074]            1 
     Y[1075]            1 
     Y[1076]            1 
     Y[1077]            1 
     Y[1078]            1 
     Y[1079]            1 
     Y[1080]            1 
     Y[1081]            1 
     Y[1082]            1 
     Y[1083]            1 
     Y[1084]            1 
     Y[1086]            1 
     Y[1088]            1 
     Y[1089]            1 
     Y[1092]            1 
     Y[1093]            1 
     Y[1095]            1 
     Y[1096]            1 
     Y[1097]            1 
     Y[1098]            1 
     Y[1101]            1 
     Y[1105]            1 
     Y[1106]            1 
     Y[1107]            1 
     Y[1109]            1 
     Y[1110]            1 
     Y[1111]            1 
     Y[1112]            1 
     Y[1114]            1 
     Y[1115]            1 
     Y[1117]            1 
     Y[1120]            1 
     Y[1121]            1 
     Y[1124]            1 
     Y[1125]            1 
     Y[1126]            1 
     Y[1129]            1 
     Y[1132]            1 
     Y[1133]            1 
     Y[1134]            1 
     Y[1136]            1 
     Y[1137]            1 
     Y[1140]            1 
     Y[1143]            1 
     Y[1146]            1 
     Y[1147]            1 
     Y[1148]            1 
     Y[1149]            1 
     Y[1150]            1 
     Y[1151]            1 
     Y[1152]            1 
     Y[1153]            1 
     Y[1154]            1 
     Y[1155]            1 
     Y[1156]            1 
     Y[1157]            1 
     Y[1158]            1 
     Y[1159]            1 
     Y[1160]            1 
     Y[1161]            1 
     Y[1162]            1 
     Y[1163]            1 
     Y[1164]            1 
     Y[1165]            1 
     Y[1166]            1 
     Y[1167]            1 
     Y[1168]            1 
     Y[1169]            1 
     Y[1170]            1 
     Y[1171]            1 
     Y[1172]            1 
     Y[1173]            1 
     Y[1174]            1 
     Y[1175]            1 
     Y[1177]            1 
     Y[1178]            1 
     Y[1179]            1 
     Y[1180]            1 
     Y[1181]            1 
     Y[1182]            1 
     Y[1183]            1 
     Y[1185]            1 
     Y[1186]            1 
     Y[1187]            1 
     Y[1188]            1 
     Y[1189]            1 
     Y[1190]            1 
     Y[1191]            1 
     Y[1192]            1 
     Y[1193]            1 
     Y[1194]            1 
     Y[1195]            1 
     Y[1196]            1 
     Y[1197]            1 
     Y[1198]            1 
     Y[1199]            1 
     Y[1200]            1 
     Y[1201]            1 
     Y[1202]            1 
     Y[1203]            1 
     Y[1204]            1 
     Y[1205]            1 
     Y[1206]            1 
     Y[1207]            1 
     Y[1208]            1 
     Y[1209]            1 
     Y[1210]            1 
     Y[1211]            1 
     Y[1212]            1 
     Y[1213]            1 
     Y[1214]            1 
     Y[1215]            1 
     Y[1216]            1 
     Y[1217]            1 
     Y[1218]            1 
     Y[1219]            1 
     Y[1220]            1 
     Y[1221]            1 
     Y[1222]            1 
     Y[1223]            1 
     Y[1224]            1 
     Y[1225]            1 
     Y[1226]            1 
     Y[1227]            1 
     Y[1228]            1 
     Y[1230]            1 
     Y[1231]            1 
     Y[1233]            1 
     Y[1234]            1 
     Y[1235]            1 
     Y[1236]            1 
     Y[1237]            1 
     Y[1238]            1 
     Y[1240]            1 
     Y[1242]            1 
     Y[1243]            1 
     Y[1244]            1 
     Y[1248]            1 
     Y[1249]            1 
     Y[1250]            1 
     Y[1251]            1 
     Y[1252]            1 
     Y[1253]            1 
     Y[1254]            1 
     Y[1255]            1 
     Y[1256]            1 
     Y[1257]            1 
     Y[1258]            1 
     Y[1259]            1 
     Y[1260]            1 
     Y[1262]            1 
     Y[1263]            1 
     Y[1264]            1 
     Y[1265]            1 
     Y[1266]            1 
     Y[1267]            1 
     Y[1268]            1 
     Y[1269]            1 
     Y[1270]            1 
     Y[1271]            1 
     Y[1272]            1 
     Y[1273]            1 
     Y[1274]            1 
     Y[1275]            1 
     Y[1276]            1 
     Y[1277]            1 
     Y[1278]            1 
     Y[1280]            1 
     Y[1281]            1 
     Y[1282]            1 
     Y[1283]            1 
     Y[1284]            1 
     Y[1285]            1 
     Y[1286]            1 
     Y[1287]            1 
     Y[1288]            1 
     Y[1289]            1 
     Y[1290]            1 
     Y[1292]            1 
     Y[1293]            1 
     Y[1294]            1 
     Y[1295]            1 
     Y[1296]            1 
     Y[1297]            1 
     Y[1298]            1 
     Y[1299]            1 
     Y[1300]            1 
     Y[1301]            1 
     Y[1302]            1 
     Y[1303]            1 
     Y[1304]            1 
     Y[1305]            1 
     Y[1306]            1 
     Y[1307]            1 
     Y[1308]            1 
     Y[1309]            1 
     Y[1310]            1 
     Y[1311]            1 
     Y[1312]            1 
     Y[1313]            1 
     Y[1314]            1 
     Y[1315]            1 
     Y[1316]            1 
     Y[1317]            1 
     Y[1318]            1 
     Y[1319]            1 
     Y[1321]            1 
     Y[1322]            1 
     Y[1323]            1 
     Y[1324]            1 
     Y[1325]            1 
     Y[1326]            1 
     Y[1327]            1 
     Y[1328]            1 
     Y[1329]            1 
     Y[1330]            1 
     Y[1331]            1 
     Y[1332]            1 
     Y[1333]            1 
     Y[1334]            1 
     Y[1335]            1 
     Y[1336]            1 
     Y[1337]            1 
     Y[1338]            1 
     Y[1339]            1 
     Y[1340]            1 
     Y[1341]            1 
     Y[1342]            1 
     Y[1343]            1 
     Y[1345]            1 
     Y[1347]            1 
     Y[1348]            1 
     Y[1349]            1 
     Y[1350]            1 
     Y[1351]            1 
     Y[1352]            1 
     Y[1353]            1 
     Y[1354]            1 
     Y[1355]            1 
     Y[1356]            1 
     Y[1357]            1 
     Y[1358]            1 
     Y[1359]            1 
     Y[1360]            1 
     Y[1361]            1 
     Y[1362]            1 
     Y[1363]            1 
     Y[1364]            1 
     Y[1365]            1 
     Y[1366]            1 
     Y[1367]            1 
     Y[1368]            1 
     Y[1369]            1 
     Y[1370]            1 
     Y[1371]            1 
     Y[1373]            1 
     Y[1374]            1 
     Y[1375]            1 
     Y[1376]            1 
     Y[1377]            1 
     Y[1378]            1 
     Y[1379]            1 
     Y[1380]            1 
     Y[1381]            1 
     Y[1382]            1 
     Y[1383]            1 
     Y[1384]            1 
     Y[1385]            1 
     Y[1386]            1 
     Y[1387]            1 
     Y[1388]            1 
     Y[1389]            1 
     Y[1390]            1 
     Y[1392]            1 
     Y[1393]            1 
     Y[1394]            1 
     Y[1395]            1 
     Y[1396]            1 
     Y[1397]            1 
     Y[1398]            1 
     Y[1399]            1 
     Y[1400]            1 
     Y[1401]            1 
     Y[1403]            1 
     Y[1404]            1 
     Y[1405]            1 
     Y[1406]            1 
     Y[1407]            1 
     Y[1408]            1 
     Y[1409]            1 
     Y[1410]            1 
     Y[1411]            1 
     Y[1412]            1 
     Y[1413]            1 
     Y[1414]            1 
     Y[1415]            1 
     Y[1416]            1 
     Y[1417]            1 
     Y[1418]            1 
     Y[1419]            1 
     Y[1420]            1 
     Y[1421]            1 
     Y[1422]            1 
     Y[1423]            1 
     Y[1424]            1 
     Y[1425]            1 
     Y[1426]            1 
     Y[1427]            1 
     Y[1428]            1 
     Y[1429]            1 
     Y[1430]            1 
     Y[1431]            1 
     Y[1432]            1 
     Y[1433]            1 
     Y[1434]            1 
     Y[1435]            1 
     Y[1436]            1 
     Y[1437]            1 
     Y[1438]            1 
     Y[1439]            1 
     Y[1440]            1 
     Y[1441]            1 
     Y[1442]            1 
     Y[1443]            1 
     Y[1444]            1 
     Y[1445]            1 
     Y[1446]            1 
     Y[1447]            1 
     Y[1448]            1 
     Y[1449]            1 
     Y[1450]            1 
     Y[1451]            1 
     Y[1452]            1 
     Y[1453]            1 
     Y[1454]            1 
     Y[1455]            1 
     Y[1456]            1 
     Y[1457]            1 
     Y[1458]            1 
     Y[1459]            1 
     Y[1460]            1 
     Y[1461]            1 
     Y[1462]            1 
     Y[1463]            1 
     Y[1465]            1 
     Y[1466]            1 
     Y[1467]            1 
     Y[1468]            1 
     Y[1469]            1 
     Y[1470]            1 
     Y[1471]            1 
     Y[1472]            1 
     Y[1473]            1 
     Y[1474]            1 
     Y[1475]            1 
     Y[1476]            1 
     Y[1477]            1 
     Y[1478]            1 
     Y[1479]            1 
     Y[1480]            1 
     Y[1481]            1 
     Y[1482]            1 
     Y[1483]            1 
     Y[1484]            1 
     Y[1485]            1 
     Y[1486]            1 
     Y[1488]            1 
     Y[1489]            1 
     Y[1490]            1 
     Y[1491]            1 
     Y[1492]            1 
     Y[1493]            1 
     Y[1494]            1 
     Y[1495]            1 
     Y[1496]            1 
     Y[1497]            1 
     Y[1498]            1 
     Y[1499]            1 
     Y[1500]            1 
     Y[1501]            1 
     Y[1502]            1 
     Y[1503]            1 
     Y[1504]            1 
     Y[1505]            1 
     Y[1506]            1 
     Y[1507]            1 
     Y[1508]            1 
     Y[1509]            1 
     Y[1510]            1 
     Y[1511]            1 
     Y[1512]            1 
     Y[1513]            1 
     Y[1514]            1 
     Y[1515]            1 
     Y[1516]            1 
     Y[1517]            1 
     Y[1518]            1 
     Y[1519]            1 
     Y[1520]            1 
     Y[1521]            1 
     Y[1523]            1 
     Y[1524]            1 
     Y[1525]            1 
     Y[1527]            1 
     Y[1528]            1 
     Y[1529]            1 
     Y[1531]            1 
     Y[1532]            1 
     Y[1534]            1 
     Y[1535]            1 
     Y[1536]            1 
     Y[1537]            1 
     Y[1538]            1 
     Y[1539]            1 
     Y[1540]            1 
     Y[1541]            1 
     Y[1542]            1 
     Y[1543]            1 
     Y[1544]            1 
     Y[1545]            1 
     Y[1546]            1 
     Y[1547]            1 
     Y[1548]            1 
     Y[1550]            1 
     Y[1551]            1 
     Y[1552]            1 
     Y[1553]            1 
     Y[1554]            1 
     Y[1555]            1 
     Y[1556]            1 
     Y[1557]            1 
     Y[1558]            1 
     Y[1559]            1 
     Y[1560]            1 
     Y[1561]            1 
     Y[1562]            1 
     Y[1563]            1 
     Y[1564]            1 
     Y[1565]            1 
     Y[1566]            1 
     Y[1567]            1 
     Y[1568]            1 
     Y[1569]            1 
     Y[1570]            1 
     Y[1571]            1 
     Y[1572]            1 
     Y[1573]            1 
     Y[1574]            1 
     Y[1575]            1 
     Y[1576]            1 
     Y[1577]            1 
     Y[1578]            1 
     Y[1579]            1 
     Y[1580]            1 
     Y[1581]            1 
     Y[1582]            1 
     Y[1583]            1 
     Y[1584]            1 
     Y[1585]            1 
     Y[1586]            1 
     Y[1587]            1 
     Y[1588]            1 
     Y[1589]            1 
     Y[1590]            1 
     Y[1591]            1 
     Y[1592]            1 
     Y[1593]            1 
     Y[1594]            1 
     Y[1595]            1 
     Y[1596]            1 
     Y[1597]            1 
     Y[1598]            1 
     Y[1599]            1 
     Y[1600]            1 
     Y[1601]            1 
     Y[1602]            1 
     Y[1603]            1 
     Y[1604]            1 
     Y[1605]            1 
     Y[1606]            1 
     Y[1608]            1 
     Y[1609]            1 
     Y[1610]            1 
     Y[1611]            1 
     Y[1612]            1 
     Y[1613]            1 
     Y[1614]            1 
     Y[1615]            1 
     Y[1616]            1 
     Y[1617]            1 
     Y[1618]            1 
     Y[1619]            1 
     Y[1620]            1 
     Y[1621]            1 
     Y[1622]            1 
     Y[1623]            1 
     Y[1624]            1 
     Y[1625]            1 
     Y[1626]            1 
     Y[1627]            1 
     Y[1628]            1 
     Y[1629]            1 
     Y[1630]            1 
     Y[1631]            1 
     Y[1632]            1 
     Y[1633]            1 
     Y[1634]            1 
     Y[1635]            1 
     Y[1636]            1 
     Y[1637]            1 
     Y[1638]            1 
     Y[1640]            1 
     Y[1641]            1 
     Y[1642]            1 
     Y[1643]            1 
     Y[1644]            1 
     Y[1647]            1 
     Y[1648]            1 
     Y[1649]            1 
     Y[1650]            1 
     Y[1659]            1 
     Y[1661]            1 
     Y[1668]            1 
     Y[1671]            1 
     Y[1672]            1 
     Y[1673]            1 
     Y[1674]            1 
     Y[1675]            1 
     Y[1677]            1 
     Y[1678]            1 
     Y[1679]            1 
     Y[1680]            1 
     Y[1681]            1 
     Y[1682]            1 
     Y[1683]            1 
     Y[1684]            1 
     Y[1685]            1 
     Y[1686]            1 
     Y[1687]            1 
     Y[1688]            1 
     Y[1689]            1 
     Y[1690]            1 
     Y[1691]            1 
     Y[1692]            1 
     Y[1693]            1 
     Y[1694]            1 
     Y[1695]            1 
     Y[1696]            1 
     Y[1697]            1 
     Y[1698]            1 
     Y[1699]            1 
     Y[1700]            1 
     Y[1701]            1 
     Y[1702]            1 
     Y[1703]            1 
     Y[1705]            1 
     Y[1706]            1 
     Y[1707]            1 
     Y[1708]            1 
     Y[1709]            1 
     Y[1710]            1 
     Y[1711]            1 
     Y[1712]            1 
     Y[1713]            1 
     Y[1714]            1 
     Y[1715]            1 
     Y[1716]            1 
     Y[1717]            1 
     Y[1719]            1 
     Y[1720]            1 
     Y[1721]            1 
     Y[1722]            1 
     Y[1723]            1 
     Y[1724]            1 
     Y[1725]            1 
     Y[1726]            1 
     Y[1727]            1 
     Y[1728]            1 
     Y[1729]            1 
     Y[1730]            1 
     Y[1731]            1 
     Y[1732]            1 
     Y[1733]            1 
     Y[1734]            1 
     Y[1735]            1 
     Y[1736]            1 
     Y[1737]            1 
     Y[1738]            1 
     Y[1739]            1 
     Y[1740]            1 
     Y[1741]            1 
     Y[1742]            1 
     Y[1743]            1 
     Y[1744]            1 
     Y[1745]            1 
     Y[1746]            1 
     Y[1747]            1 
     Y[1748]            1 
     Y[1749]            1 
     Y[1759]            1 
     Y[1762]            1 
     Y[1764]            1 
     Y[1765]            1 
     Y[1766]            1 
     Y[1767]            1 
     Y[1769]            1 
     Y[1770]            1 
     Y[1771]            1 
     Y[1772]            1 
     Y[1773]            1 
     Y[1774]            1 
     Y[1778]            1 
     Y[1779]            1 
     Y[1781]            1 
     Y[1785]            1 
     Y[1787]            1 
     Y[1788]            1 
     Y[1790]            1 
     Y[1792]            1 
     Y[1793]            1 
     Y[1794]            1 
     Y[1795]            1 
     Y[1796]            1 
     Y[1797]            1 
     Y[1798]            1 
     Y[1801]            1 
